2025-07-28 07:01:24,306 ERROR [SoS]              IOUtils.java:278  | Unmapping is not supported.
java.lang.reflect.InaccessibleObjectException: Unable to make public jdk.internal.ref.Cleaner java.nio.DirectByteBuffer.cleaner() accessible: module java.base does not "opens java.nio" to unnamed module @1a18644
	at java.base/java.lang.reflect.AccessibleObject.throwInaccessibleObjectException(Unknown Source)
	at java.base/java.lang.reflect.AccessibleObject.checkCanSetAccessible(Unknown Source)
	at java.base/java.lang.reflect.AccessibleObject.checkCanSetAccessible(Unknown Source)
	at java.base/java.lang.reflect.Method.checkCanSetAccessible(Unknown Source)
	at java.base/java.lang.reflect.Method.setAccessible(Unknown Source)
	at org.apache.pdfbox.io.IOUtils.unmapper(IOUtils.java:244)
	at java.base/java.security.AccessController.doPrivileged(Unknown Source)
	at org.apache.pdfbox.io.IOUtils.<clinit>(IOUtils.java:69)
	at org.apache.pdfbox.Loader.loadPDF(Loader.java:378)
	at org.audiveris.omr.image.ImageLoading.getPdfLoader(ImageLoading.java:159)
	at org.audiveris.omr.image.ImageLoading.getLoader(ImageLoading.java:209)
	at org.audiveris.omr.sheet.Book.createStubs(Book.java:557)
	at org.audiveris.omr.CLI$ProcessingTask.processBook(CLI.java:830)
	at org.audiveris.omr.CLI$CliTask.call(CLI.java:504)
	at org.audiveris.omr.Main.runBatchTasks(Main.java:371)
	at org.audiveris.omr.Main.main(Main.java:260)
	at Audiveris.main(Audiveris.java:50)
2025-07-28 07:01:24,342 INFO [SoS]                 Book.java:562  | 2 sheets in C:\Uni\OMR_Project\TOOL\PDF\SoS.pdf
2025-07-28 07:01:24,466 INFO []                 Book.java:2531 | Stored /book.xml
2025-07-28 07:01:24,466 INFO []                 Book.java:2491 | Book stored as .\MXL\SoS\SoS.omr
2025-07-28 07:01:24,471 INFO []                 Book.java:1933 | Book reaching PAGE on sheets:[#1#2]
2025-07-28 07:01:24,473 INFO [SoS#1]       StepMonitoring.java:98   | LOAD
2025-07-28 07:01:24,843 INFO [SoS#1]            SheetStub.java:1268 | Loaded image #1 2550x3299 from C:\Uni\OMR_Project\TOOL\PDF\SoS.pdf
2025-07-28 07:01:24,846 INFO [SoS#1]       StepMonitoring.java:98   | BINARY
2025-07-28 07:01:25,179 INFO [SoS#1]       StepMonitoring.java:98   | SCALE
2025-07-28 07:01:25,202 INFO [SoS#1]         ScaleBuilder.java:241  | Beam  guessed height: 10 -- 0.50 of 19 interline
2025-07-28 07:01:25,203 INFO [SoS#1]         ScaleBuilder.java:264  | Beam measured height: 10 -- 0.36 of [5..19] range at 111% of needed quorum
2025-07-28 07:01:25,204 INFO [SoS#1]            ScaleStep.java:65   | Scale{ interline(19,19,20) line(3,3,4) beam(10)}
2025-07-28 07:01:25,204 INFO [SoS#1]       StepMonitoring.java:98   | GRID
2025-07-28 07:01:25,543 INFO [SoS#1]       LinesRetriever.java:1500 | Global slope: 0.00000
2025-07-28 07:01:25,572 INFO [SoS#1]    ClustersRetriever.java:328  | Retrieved raw line clusters: 8 of sizes [5] with interline(19,19,20)
2025-07-28 07:01:25,716 INFO [SoS#1]            PeakGraph.java:310  | Systems: #1[1, 2] #2[3, 4] #3[5, 6] #4[7, 8]
2025-07-28 07:01:25,990 INFO [SoS#1]        SystemManager.java:134  | Indentation detected for system #1
2025-07-28 07:01:25,991 INFO [SoS#1]        SystemManager.java:779  | 1 part along 4 systems
2025-07-28 07:01:25,992 INFO [SoS#1]                 Book.java:545  | Created scores: [{Score 1}]
2025-07-28 07:01:25,993 INFO [SoS#1]       StepMonitoring.java:98   | HEADERS
2025-07-28 07:01:26,212 INFO [SoS#1]      BasicClassifier.java:277  | Classifier loaded XML norms.
2025-07-28 07:01:26,215 INFO [SoS#1]   AbstractClassifier.java:396  | Classifier data loaded from default uri jar:file:/C:/Uni/OMR_Project/TOOL/Audiveris/app/audiveris.jar!/res/basic-classifier.zip
2025-07-28 07:01:26,805 INFO [SoS#1]       StepMonitoring.java:98   | STEM_SEEDS
2025-07-28 07:01:26,848 INFO [SoS#1]        StemSeedsStep.java:86   | stem(3 max:3)
2025-07-28 07:01:26,890 INFO [SoS#1]       StepMonitoring.java:98   | BEAMS
2025-07-28 07:01:29,171 INFO [SoS#1]       StepMonitoring.java:98   | LEDGERS
2025-07-28 07:01:29,394 INFO [SoS#1]       StepMonitoring.java:98   | HEADS
2025-07-28 07:01:32,361 INFO [SoS#1]        HeadSeedTally.java:235  | Scale information: HeadSeeds{NOTEHEAD_VOID[L:-0.5,R:-0.5] NOTEHEAD_BLACK[L:-0.5,R:-0.5]}
2025-07-28 07:01:32,362 INFO [SoS#1]       StepMonitoring.java:98   | STEMS
2025-07-28 07:01:32,834 INFO [SoS#1]       StepMonitoring.java:98   | REDUCTION
2025-07-28 07:01:32,943 INFO [SoS#1]        ReductionStep.java:105  | Stems free length median value: 67 pixels, 3.5 interlines
2025-07-28 07:01:32,946 INFO [SoS#1]       StepMonitoring.java:98   | CUE_BEAMS
2025-07-28 07:01:32,947 INFO [SoS#1]         CueBeamsStep.java:81   | Step CUE_BEAMS is skipped because small heads switch is off
2025-07-28 07:01:32,947 INFO [SoS#1]       StepMonitoring.java:98   | TEXTS
2025-07-28 07:01:33,748 INFO [SoS#1]       StepMonitoring.java:98   | MEASURES
2025-07-28 07:01:33,761 INFO [SoS#1]                 Page.java:307  | 28 raw measures: [6 in system#1, 7 in system#2, 8 in system#3, 7 in system#4]
2025-07-28 07:01:33,761 INFO [SoS#1]       StepMonitoring.java:98   | CHORDS
2025-07-28 07:01:33,774 INFO [SoS#1]       StepMonitoring.java:98   | CURVES
2025-07-28 07:01:34,397 INFO [SoS#1]         SlursBuilder.java:240  | Slurs: 18
2025-07-28 07:01:34,406 INFO [SoS#1]      SegmentsBuilder.java:155  | Segments: 4
2025-07-28 07:01:34,414 INFO [SoS#1]       StepMonitoring.java:98   | SYMBOLS
2025-07-28 07:01:34,992 INFO [SoS#1]       StepMonitoring.java:98   | LINKS
2025-07-28 07:01:35,030 INFO [SoS#1]       StepMonitoring.java:98   | RHYTHMS
2025-07-28 07:01:35,076 INFO [SoS#1]       StepMonitoring.java:98   | PAGE
2025-07-28 07:01:35,082 INFO [SoS#1]                 Book.java:2550 | Book{SoS} storing
2025-07-28 07:01:35,121 INFO [SoS#1]                 Book.java:2531 | Stored /book.xml
2025-07-28 07:01:35,221 INFO [SoS#1]           DataHolder.java:348  | Stored /sheet#1/BINARY.png
2025-07-28 07:01:35,652 INFO [SoS#1]                Sheet.java:1562 | Stored /sheet#1/sheet#1.xml
2025-07-28 07:01:35,652 INFO [SoS#1]                 Book.java:2491 | Book stored as .\MXL\SoS\SoS.omr
2025-07-28 07:01:35,656 INFO [SoS#1]            SheetStub.java:1644 | Disposed sheet#1
2025-07-28 07:01:35,703 INFO [SoS#1]                 Book.java:2018 | End of Stub#1 memory: 45,344,640
2025-07-28 07:01:35,704 INFO [SoS#2]       StepMonitoring.java:98   | LOAD
2025-07-28 07:01:35,736 INFO [SoS#2]            SheetStub.java:1268 | Loaded image #2 2550x3299 from C:\Uni\OMR_Project\TOOL\PDF\SoS.pdf
2025-07-28 07:01:35,737 INFO [SoS#2]       StepMonitoring.java:98   | BINARY
2025-07-28 07:01:36,003 INFO [SoS#2]       StepMonitoring.java:98   | SCALE
2025-07-28 07:01:36,022 INFO [SoS#2]         ScaleBuilder.java:241  | Beam  guessed height: 10 -- 0.50 of 19 interline
2025-07-28 07:01:36,022 INFO [SoS#2]         ScaleBuilder.java:264  | Beam measured height: 10 -- 0.36 of [5..19] range at 98% of needed quorum
2025-07-28 07:01:36,022 INFO [SoS#2]            ScaleStep.java:65   | Scale{ interline(19,19,20) line(3,3,3) beam(10)}
2025-07-28 07:01:36,022 INFO [SoS#2]       StepMonitoring.java:98   | GRID
2025-07-28 07:01:36,140 INFO [SoS#2]       LinesRetriever.java:1500 | Global slope: 0.00000
2025-07-28 07:01:36,152 INFO [SoS#2]    ClustersRetriever.java:328  | Retrieved raw line clusters: 8 of sizes [5] with interline(19,19,20)
2025-07-28 07:01:36,218 INFO [SoS#2]            PeakGraph.java:310  | Systems: #1[1, 2] #2[3, 4] #3[5, 6] #4[7, 8]
2025-07-28 07:01:36,341 INFO [SoS#2]        SystemManager.java:779  | 1 part along 4 systems
2025-07-28 07:01:36,342 INFO [SoS#2]       StepMonitoring.java:98   | HEADERS
2025-07-28 07:01:36,490 INFO [SoS#2]       StepMonitoring.java:98   | STEM_SEEDS
2025-07-28 07:01:36,524 INFO [SoS#2]        StemSeedsStep.java:86   | stem(3 max:3)
2025-07-28 07:01:36,530 INFO [SoS#2]       StepMonitoring.java:98   | BEAMS
2025-07-28 07:01:38,762 INFO [SoS#2]       StepMonitoring.java:98   | LEDGERS
2025-07-28 07:01:38,863 INFO [SoS#2]       StepMonitoring.java:98   | HEADS
2025-07-28 07:01:41,807 INFO [SoS#2]        HeadSeedTally.java:235  | Scale information: HeadSeeds{NOTEHEAD_VOID[L:-0.5,R:-0.5] NOTEHEAD_BLACK[L:-0.8,R:-0.5]}
2025-07-28 07:01:41,808 INFO [SoS#2]       StepMonitoring.java:98   | STEMS
2025-07-28 07:01:42,012 INFO [SoS#2]       StepMonitoring.java:98   | REDUCTION
2025-07-28 07:01:42,062 INFO [SoS#2]        ReductionStep.java:105  | Stems free length median value: 68 pixels, 3.6 interlines
2025-07-28 07:01:42,064 INFO [SoS#2]       StepMonitoring.java:98   | CUE_BEAMS
2025-07-28 07:01:42,064 INFO [SoS#2]         CueBeamsStep.java:81   | Step CUE_BEAMS is skipped because small heads switch is off
2025-07-28 07:01:42,064 INFO [SoS#2]       StepMonitoring.java:98   | TEXTS
2025-07-28 07:01:42,430 INFO [SoS#2]       StepMonitoring.java:98   | MEASURES
2025-07-28 07:01:42,431 INFO [SoS#2]                 Page.java:307  | 24 raw measures: [7 in system#1, 7 in system#2, 6 in system#3, 4 in system#4]
2025-07-28 07:01:42,432 INFO [SoS#2]       StepMonitoring.java:98   | CHORDS
2025-07-28 07:01:42,436 INFO [SoS#2]       StepMonitoring.java:98   | CURVES
2025-07-28 07:01:42,895 INFO [SoS#2]         SlursBuilder.java:240  | Slurs: 13
2025-07-28 07:01:42,897 INFO [SoS#2]      SegmentsBuilder.java:155  | Segments: 6
2025-07-28 07:01:42,898 INFO [SoS#2]       StepMonitoring.java:98   | SYMBOLS
2025-07-28 07:01:43,131 INFO [SoS#2]       StepMonitoring.java:98   | LINKS
2025-07-28 07:01:43,144 INFO [SoS#2]       StepMonitoring.java:98   | RHYTHMS
2025-07-28 07:01:43,145 INFO [SoS#2]           PageRhythm.java:199  | {Page#2.1} Time value reused from sheet#1
2025-07-28 07:01:43,158 INFO [SoS#2]       StepMonitoring.java:98   | PAGE
2025-07-28 07:01:43,160 INFO [SoS#2]                 Book.java:2550 | Book{SoS} storing
2025-07-28 07:01:43,192 INFO [SoS#2]                 Book.java:2531 | Stored /book.xml
2025-07-28 07:01:43,284 INFO [SoS#2]           DataHolder.java:348  | Stored /sheet#2/BINARY.png
2025-07-28 07:01:43,483 INFO [SoS#2]                Sheet.java:1562 | Stored /sheet#2/sheet#2.xml
2025-07-28 07:01:43,484 INFO [SoS#2]                 Book.java:2491 | Book stored as .\MXL\SoS\SoS.omr
2025-07-28 07:01:43,489 INFO [SoS#2]            SheetStub.java:1644 | Disposed sheet#2
2025-07-28 07:01:43,529 INFO [SoS#2]                 Book.java:2018 | End of Stub#2 memory: 45,412,920
2025-07-28 07:01:43,530 INFO [SoS]                 Book.java:2025 | Book processed.
2025-07-28 07:01:43,887 INFO [SoS]            SheetStub.java:995  | Loaded /sheet#1/sheet#1.xml
2025-07-28 07:01:44,103 INFO [SoS]            SheetStub.java:995  | Loaded /sheet#2/sheet#2.xml
2025-07-28 07:01:44,478 INFO [SoS]      PartwiseBuilder.java:2661 | Exporting sheet(s): [#1#2]
2025-07-28 07:01:44,608 INFO [SoS]        ScoreExporter.java:164  | Score SoS exported to .\MXL\SoS\SoS.mxl
2025-07-28 07:01:44,665 INFO [SoS]                Score.java:181  | Closing {Score 1}
