2025-07-28 07:02:13,622 ERROR [This_Game]              IOUtils.java:278  | Unmapping is not supported.
java.lang.reflect.InaccessibleObjectException: Unable to make public jdk.internal.ref.Cleaner java.nio.DirectByteBuffer.cleaner() accessible: module java.base does not "opens java.nio" to unnamed module @1a18644
	at java.base/java.lang.reflect.AccessibleObject.throwInaccessibleObjectException(Unknown Source)
	at java.base/java.lang.reflect.AccessibleObject.checkCanSetAccessible(Unknown Source)
	at java.base/java.lang.reflect.AccessibleObject.checkCanSetAccessible(Unknown Source)
	at java.base/java.lang.reflect.Method.checkCanSetAccessible(Unknown Source)
	at java.base/java.lang.reflect.Method.setAccessible(Unknown Source)
	at org.apache.pdfbox.io.IOUtils.unmapper(IOUtils.java:244)
	at java.base/java.security.AccessController.doPrivileged(Unknown Source)
	at org.apache.pdfbox.io.IOUtils.<clinit>(IOUtils.java:69)
	at org.apache.pdfbox.Loader.loadPDF(Loader.java:378)
	at org.audiveris.omr.image.ImageLoading.getPdfLoader(ImageLoading.java:159)
	at org.audiveris.omr.image.ImageLoading.getLoader(ImageLoading.java:209)
	at org.audiveris.omr.sheet.Book.createStubs(Book.java:557)
	at org.audiveris.omr.CLI$ProcessingTask.processBook(CLI.java:830)
	at org.audiveris.omr.CLI$CliTask.call(CLI.java:504)
	at org.audiveris.omr.Main.runBatchTasks(Main.java:371)
	at org.audiveris.omr.Main.main(Main.java:260)
	at Audiveris.main(Audiveris.java:50)
2025-07-28 07:02:13,733 INFO [This_Game]                 Book.java:562  | 7 sheets in C:\Uni\OMR_Project\TOOL\PDF\This_Game.pdf
2025-07-28 07:02:13,887 INFO []                 Book.java:2531 | Stored /book.xml
2025-07-28 07:02:13,888 INFO []                 Book.java:2491 | Book stored as .\MXL\This_Game\This_Game.omr
2025-07-28 07:02:13,894 INFO []                 Book.java:1933 | Book reaching PAGE on sheets:[#1#2#3#4#5#6#7]
2025-07-28 07:02:13,897 INFO [This_Game#1]       StepMonitoring.java:98   | LOAD
2025-07-28 07:02:14,326 INFO [This_Game#1]            SheetStub.java:1268 | Loaded image #1 2479x3508 from C:\Uni\OMR_Project\TOOL\PDF\This_Game.pdf
2025-07-28 07:02:14,329 INFO [This_Game#1]       StepMonitoring.java:98   | BINARY
2025-07-28 07:02:14,706 INFO [This_Game#1]       StepMonitoring.java:98   | SCALE
2025-07-28 07:02:14,730 INFO [This_Game#1]         ScaleBuilder.java:241  | Beam  guessed height:  9 -- 0.50 of 18 interline
2025-07-28 07:02:14,732 INFO [This_Game#1]         ScaleBuilder.java:264  | Beam measured height:  9 -- 0.31 of [5..18] range at 499% of needed quorum
2025-07-28 07:02:14,732 INFO [This_Game#1]            ScaleStep.java:65   | Scale{ interline(17,18,18) line(2,2,4) beam(9)}
2025-07-28 07:02:14,732 INFO [This_Game#1]       StepMonitoring.java:98   | GRID
2025-07-28 07:02:15,360 INFO [This_Game#1]       LinesRetriever.java:1500 | Global slope: 0.00000
2025-07-28 07:02:15,438 INFO [This_Game#1]    ClustersRetriever.java:328  | Retrieved raw line clusters: 14 of sizes [5] with interline(17,18,18)
2025-07-28 07:02:15,691 INFO [This_Game#1]            PeakGraph.java:310  | Systems: #1[1, 2] #2[3, 4] #3[5, 6] #4[7, 8] #5[9, 10] #6[11, 12] #7[13, 14]
2025-07-28 07:02:16,158 INFO [This_Game#1]        SystemManager.java:779  | 1 part along 7 systems
2025-07-28 07:02:16,159 INFO [This_Game#1]                 Book.java:545  | Created scores: [{Score 1}]
2025-07-28 07:02:16,160 INFO [This_Game#1]       StepMonitoring.java:98   | HEADERS
2025-07-28 07:02:16,370 INFO [This_Game#1]      BasicClassifier.java:277  | Classifier loaded XML norms.
2025-07-28 07:02:16,373 INFO [This_Game#1]   AbstractClassifier.java:396  | Classifier data loaded from default uri jar:file:/C:/Uni/OMR_Project/TOOL/Audiveris/app/audiveris.jar!/res/basic-classifier.zip
2025-07-28 07:02:17,626 INFO [This_Game#1]       StepMonitoring.java:98   | STEM_SEEDS
2025-07-28 07:02:17,702 INFO [This_Game#1]        StemSeedsStep.java:86   | stem(2 max:3)
2025-07-28 07:02:17,779 INFO [This_Game#1]       StepMonitoring.java:98   | BEAMS
2025-07-28 07:02:20,533 INFO [This_Game#1]       StepMonitoring.java:98   | LEDGERS
2025-07-28 07:02:20,921 INFO [This_Game#1]       StepMonitoring.java:98   | HEADS
2025-07-28 07:02:26,119 INFO [This_Game#1]        HeadSeedTally.java:235  | Scale information: HeadSeeds{NOTEHEAD_VOID[L:-0.7,R:-0.5] NOTEHEAD_BLACK[L:-0.5,R:-0.5]}
2025-07-28 07:02:26,120 INFO [This_Game#1]       StepMonitoring.java:98   | STEMS
2025-07-28 07:02:27,380 INFO [This_Game#1]       StepMonitoring.java:98   | REDUCTION
2025-07-28 07:02:27,672 INFO [This_Game#1]        ReductionStep.java:105  | Stems free length median value: 62 pixels, 3.4 interlines
2025-07-28 07:02:27,677 INFO [This_Game#1]       StepMonitoring.java:98   | CUE_BEAMS
2025-07-28 07:02:27,678 INFO [This_Game#1]         CueBeamsStep.java:81   | Step CUE_BEAMS is skipped because small heads switch is off
2025-07-28 07:02:27,678 INFO [This_Game#1]       StepMonitoring.java:98   | TEXTS
2025-07-28 07:02:28,760 INFO [This_Game#1]       StepMonitoring.java:98   | MEASURES
2025-07-28 07:02:28,771 INFO [This_Game#1]                 Page.java:307  | 33 raw measures: [5 in system#1, 5 in system#2, 5 in system#3, 5 in system#4, 5 in system#5, 4 in system#6, 4 in system#7]
2025-07-28 07:02:28,772 INFO [This_Game#1]       StepMonitoring.java:98   | CHORDS
2025-07-28 07:02:28,796 INFO [This_Game#1]       StepMonitoring.java:98   | CURVES
2025-07-28 07:02:29,756 INFO [This_Game#1]         SlursBuilder.java:240  | Slurs: 118
2025-07-28 07:02:29,806 INFO [This_Game#1]      SegmentsBuilder.java:155  | Segments: 55
2025-07-28 07:02:29,813 INFO [This_Game#1]       StepMonitoring.java:98   | SYMBOLS
2025-07-28 07:02:30,606 INFO [This_Game#1]       StepMonitoring.java:98   | LINKS
2025-07-28 07:02:30,704 INFO [This_Game#1]       StepMonitoring.java:98   | RHYTHMS
2025-07-28 07:02:30,748 INFO [This_Game#1]        MeasureRhythm.java:1045 | Measure{#9} No timeOffset for HeadChordInter#11647{(0.933/0.933) staff:4 slot#8 dur:1/4}
2025-07-28 07:02:30,749 INFO [This_Game#1]                Voice.java:257  | Measure{#9} Voice{#1 excess:1/4} too long
2025-07-28 07:02:30,749 INFO [This_Game#1]          StackRhythm.java:224  | S2 MeasureStack#9 no correct rhythm
2025-07-28 07:02:30,757 INFO [This_Game#1]                Voice.java:257  | Measure{#14} Voice{#1 excess:1/8} too long
2025-07-28 07:02:30,757 INFO [This_Game#1]                Voice.java:257  | Measure{#14} Voice{#5 excess:1/8} too long
2025-07-28 07:02:30,758 INFO [This_Game#1]          StackRhythm.java:224  | S3 MeasureStack#14 no correct rhythm
2025-07-28 07:02:30,789 INFO [This_Game#1]                Voice.java:257  | Measure{#27} Voice{#1 excess:1/16} too long
2025-07-28 07:02:30,790 INFO [This_Game#1]                Voice.java:257  | Measure{#27} Voice{#5 excess:1/16} too long
2025-07-28 07:02:30,790 INFO [This_Game#1]          StackRhythm.java:224  | S6 MeasureStack#27 no correct rhythm
2025-07-28 07:02:30,793 INFO [This_Game#1]        MeasureRhythm.java:1277 | Measure{#28} Time inconsistency in {3/8=[HeadChordInter#11896{(0.943/0.943) staff:12 slot#6 off:3/8 dur:1/16}], 15/16=[HeadChordInter#11864{(0.728/0.728) staff:11 slot#6 off:15/16 dur:1/16}]}
2025-07-28 07:02:30,794 INFO [This_Game#1]        MeasureRhythm.java:1277 | Measure{#28} Time inconsistency in {7/16=[HeadChordInter#11897{(0.954/0.954) staff:12 slot#7 off:7/16 dur:1/16}], 1=[HeadChordInter#11865{(0.719/0.719) staff:11 slot#7 off:1 dur:1/16}]}
2025-07-28 07:02:30,794 INFO [This_Game#1]        MeasureRhythm.java:1045 | Measure{#28} No timeOffset for HeadChordInter#11866{(0.717/0.717) staff:11 slot#8 dur:1/16}
2025-07-28 07:02:30,795 INFO [This_Game#1]        MeasureRhythm.java:1045 | Measure{#28} No timeOffset for HeadChordInter#11898{(0.953/0.953) staff:12 slot#8 dur:1/8}
2025-07-28 07:02:30,795 INFO [This_Game#1]   AbstractChordInter.java:627  | Measure{#28} No timeOffset for HeadChordInter#11869{(0.733/0.733) staff:11 slot#11 dur:1/16}
2025-07-28 07:02:30,795 INFO [This_Game#1]   AbstractChordInter.java:627  | Measure{#28} No timeOffset for HeadChordInter#11900{(0.954/0.954) staff:12 slot#11 dur:1/16}
2025-07-28 07:02:30,795 INFO [This_Game#1]   AbstractChordInter.java:627  | Measure{#28} No timeOffset for HeadChordInter#11869{(0.733/0.733) staff:11 slot#11 dur:1/16}
2025-07-28 07:02:30,795 INFO [This_Game#1]   AbstractChordInter.java:627  | Measure{#28} No timeOffset for HeadChordInter#11903{(0.954/0.954) staff:12 slot#15 dur:1/16}
2025-07-28 07:02:30,796 INFO [This_Game#1]   AbstractChordInter.java:627  | Measure{#28} No timeOffset for HeadChordInter#11870{(0.574/0.574) staff:11 slot#13 dur:1/4}
2025-07-28 07:02:30,796 INFO [This_Game#1]   AbstractChordInter.java:627  | Measure{#28} No timeOffset for HeadChordInter#11903{(0.954/0.954) staff:12 slot#15 dur:1/16}
2025-07-28 07:02:30,796 INFO [This_Game#1]                Voice.java:257  | Measure{#28} Voice{#2 excess:1/16} too long
2025-07-28 07:02:30,796 INFO [This_Game#1]          StackRhythm.java:224  | S6 MeasureStack#28 no correct rhythm
2025-07-28 07:02:30,799 INFO [This_Game#1]                Voice.java:257  | Measure{#29} Voice{#1 excess:1/16} too long
2025-07-28 07:02:30,800 INFO [This_Game#1]                Voice.java:257  | Measure{#29} Voice{#6 excess:1/16} too long
2025-07-28 07:02:30,800 INFO [This_Game#1]          StackRhythm.java:224  | S6 MeasureStack#29 no correct rhythm
2025-07-28 07:02:30,804 INFO [This_Game#1]        MeasureRhythm.java:1277 | Measure{#31} Time inconsistency in {9/16=[HeadChordInter#11957{(0.957/0.957) staff:14 slot#6 off:9/16 dur:3/16}], 11/16=[HeadChordInter#11920{(0.950/0.950) staff:13 slot#6 off:11/16 dur:1/8}]}
2025-07-28 07:02:30,805 INFO [This_Game#1]                Voice.java:257  | Measure{#31} Voice{#5 excess:1/16} too long
2025-07-28 07:02:30,805 INFO [This_Game#1]                Voice.java:257  | Measure{#31} Voice{#6 excess:1/16} too long
2025-07-28 07:02:30,805 INFO [This_Game#1]          StackRhythm.java:224  | S7 MeasureStack#31 no correct rhythm
2025-07-28 07:02:30,808 INFO [This_Game#1]        MeasureRhythm.java:1045 | Measure{#32} No timeOffset for HeadChordInter#11927{(0.761/0.761) staff:13 slot#5 dur:1/4}
2025-07-28 07:02:30,809 INFO [This_Game#1]   AbstractChordInter.java:627  | Measure{#32} No timeOffset for HeadChordInter#11927{(0.761/0.761) staff:13 slot#5 dur:1/4}
2025-07-28 07:02:30,809 INFO [This_Game#1]   AbstractChordInter.java:627  | Measure{#32} No timeOffset for HeadChordInter#11927{(0.761/0.761) staff:13 slot#5 dur:1/4}
2025-07-28 07:02:30,809 INFO [This_Game#1]   AbstractChordInter.java:627  | Measure{#32} No timeOffset for HeadChordInter#11927{(0.761/0.761) staff:13 slot#5 dur:1/4}
2025-07-28 07:02:30,809 INFO [This_Game#1]   AbstractChordInter.java:627  | Measure{#32} No timeOffset for HeadChordInter#11927{(0.761/0.761) staff:13 slot#5 dur:1/4}
2025-07-28 07:02:30,810 INFO [This_Game#1]   AbstractChordInter.java:627  | Measure{#32} No timeOffset for HeadChordInter#11927{(0.761/0.761) staff:13 slot#5 dur:1/4}
2025-07-28 07:02:30,810 INFO [This_Game#1]   AbstractChordInter.java:627  | Measure{#32} No timeOffset for HeadChordInter#11927{(0.761/0.761) staff:13 slot#5 dur:1/4}
2025-07-28 07:02:30,811 INFO [This_Game#1]        MeasureRhythm.java:1045 | Measure{#32} No timeOffset for HeadChordInter#11930{(0.766/0.766) staff:13 slot#8 dur:1/16}
2025-07-28 07:02:30,811 INFO [This_Game#1]        MeasureRhythm.java:1045 | Measure{#32} No timeOffset for HeadChordInter#11966{(0.952/0.952) staff:14 slot#8 dur:1/8}
2025-07-28 07:02:30,811 INFO [This_Game#1]   AbstractChordInter.java:627  | Measure{#32} No timeOffset for HeadChordInter#11927{(0.761/0.761) staff:13 slot#5 dur:1/4}
2025-07-28 07:02:30,811 INFO [This_Game#1]   AbstractChordInter.java:627  | Measure{#32} No timeOffset for HeadChordInter#11932{(0.731/0.731) staff:13 slot#10 dur:1/16}
2025-07-28 07:02:30,812 INFO [This_Game#1]   AbstractChordInter.java:627  | Measure{#32} No timeOffset for HeadChordInter#11968{(0.953/0.953) staff:14 slot#11 dur:1/16}
2025-07-28 07:02:30,812 INFO [This_Game#1]   AbstractChordInter.java:627  | Measure{#32} No timeOffset for HeadChordInter#11933{(0.637/0.637) staff:13 slot#11 dur:1/4}
2025-07-28 07:02:30,812 INFO [This_Game#1]   AbstractChordInter.java:627  | Measure{#32} No timeOffset for HeadChordInter#11932{(0.731/0.731) staff:13 slot#10 dur:1/16}
2025-07-28 07:02:30,813 INFO [This_Game#1]   AbstractChordInter.java:627  | Measure{#32} No timeOffset for HeadChordInter#11968{(0.953/0.953) staff:14 slot#11 dur:1/16}
2025-07-28 07:02:30,813 INFO [This_Game#1]   AbstractChordInter.java:627  | Measure{#32} No timeOffset for HeadChordInter#11933{(0.637/0.637) staff:13 slot#11 dur:1/4}
2025-07-28 07:02:30,813 INFO [This_Game#1]   AbstractChordInter.java:627  | Measure{#32} No timeOffset for HeadChordInter#11932{(0.731/0.731) staff:13 slot#10 dur:1/16}
2025-07-28 07:02:30,813 INFO [This_Game#1]   AbstractChordInter.java:627  | Measure{#32} No timeOffset for HeadChordInter#11968{(0.953/0.953) staff:14 slot#11 dur:1/16}
2025-07-28 07:02:30,814 INFO [This_Game#1]   AbstractChordInter.java:627  | Measure{#32} No timeOffset for HeadChordInter#11934{(0.550/0.550) staff:13 slot#13 dur:1/8}
2025-07-28 07:02:30,814 INFO [This_Game#1]   AbstractChordInter.java:627  | Measure{#32} No timeOffset for HeadChordInter#11932{(0.731/0.731) staff:13 slot#10 dur:1/16}
2025-07-28 07:02:30,814 INFO [This_Game#1]   AbstractChordInter.java:627  | Measure{#32} No timeOffset for HeadChordInter#11968{(0.953/0.953) staff:14 slot#11 dur:1/16}
2025-07-28 07:02:30,814 INFO [This_Game#1]   AbstractChordInter.java:627  | Measure{#32} No timeOffset for HeadChordInter#11934{(0.550/0.550) staff:13 slot#13 dur:1/8}
2025-07-28 07:02:30,815 INFO [This_Game#1]                Voice.java:257  | Measure{#32} Voice{#1 excess:3/8} too long
2025-07-28 07:02:30,815 INFO [This_Game#1]          StackRhythm.java:224  | S7 MeasureStack#32 no correct rhythm
2025-07-28 07:02:30,817 INFO [This_Game#1]                Voice.java:257  | Measure{#33} Voice{#1 excess:1/16} too long
2025-07-28 07:02:30,817 INFO [This_Game#1]                Voice.java:257  | Measure{#33} Voice{#6 excess:1/16} too long
2025-07-28 07:02:30,817 INFO [This_Game#1]          StackRhythm.java:224  | S7 MeasureStack#33 no correct rhythm
2025-07-28 07:02:30,818 INFO [This_Game#1]       StepMonitoring.java:98   | PAGE
2025-07-28 07:02:30,819 INFO [This_Game#1]       SheetReduction.java:154  | Gutter. Different glyphs 2/3 RestInter#13700{(0.792/0.792) staff:4 QUARTER_REST p:16.2} vs SlurInter#11992{(0.560/0.907) SLUR_ABOVE}
2025-07-28 07:02:30,829 INFO [This_Game#1]                Voice.java:257  | Measure{#14} Voice{#1 excess:1/8} too long
2025-07-28 07:02:30,829 INFO [This_Game#1]                Voice.java:257  | Measure{#14} Voice{#5 excess:1/8} too long
2025-07-28 07:02:30,830 INFO [This_Game#1]                Voice.java:257  | Measure{#27} Voice{#1 excess:1/16} too long
2025-07-28 07:02:30,830 INFO [This_Game#1]                Voice.java:257  | Measure{#27} Voice{#5 excess:1/16} too long
2025-07-28 07:02:30,830 INFO [This_Game#1]                Voice.java:257  | Measure{#28} Voice{#1 excess:1/16} too long
2025-07-28 07:02:30,830 INFO [This_Game#1]                Voice.java:257  | Measure{#29} Voice{#1 excess:1/16} too long
2025-07-28 07:02:30,830 INFO [This_Game#1]                Voice.java:257  | Measure{#29} Voice{#6 excess:1/16} too long
2025-07-28 07:02:30,831 INFO [This_Game#1]                Voice.java:257  | Measure{#31} Voice{#5 excess:1/16} too long
2025-07-28 07:02:30,831 INFO [This_Game#1]                Voice.java:257  | Measure{#31} Voice{#6 excess:1/16} too long
2025-07-28 07:02:30,831 INFO [This_Game#1]                Voice.java:257  | Measure{#32} Voice{#5 excess:3/8} too long
2025-07-28 07:02:30,831 INFO [This_Game#1]                Voice.java:257  | Measure{#33} Voice{#1 excess:1/16} too long
2025-07-28 07:02:30,832 INFO [This_Game#1]                Voice.java:257  | Measure{#33} Voice{#6 excess:1/16} too long
2025-07-28 07:02:30,833 INFO [This_Game#1]                 Book.java:2550 | Book{This_Game} storing
2025-07-28 07:02:30,896 INFO [This_Game#1]                 Book.java:2531 | Stored /book.xml
2025-07-28 07:02:31,005 INFO [This_Game#1]           DataHolder.java:348  | Stored /sheet#1/BINARY.png
2025-07-28 07:02:31,804 INFO [This_Game#1]                Sheet.java:1562 | Stored /sheet#1/sheet#1.xml
2025-07-28 07:02:31,804 INFO [This_Game#1]                 Book.java:2491 | Book stored as .\MXL\This_Game\This_Game.omr
2025-07-28 07:02:31,808 INFO [This_Game#1]            SheetStub.java:1644 | Disposed sheet#1
2025-07-28 07:02:31,860 INFO [This_Game#1]                 Book.java:2018 | End of Stub#1 memory: 38,274,696
2025-07-28 07:02:31,861 INFO [This_Game#2]       StepMonitoring.java:98   | LOAD
2025-07-28 07:02:31,943 INFO [This_Game#2]            SheetStub.java:1268 | Loaded image #2 2479x3508 from C:\Uni\OMR_Project\TOOL\PDF\This_Game.pdf
2025-07-28 07:02:31,944 INFO [This_Game#2]       StepMonitoring.java:98   | BINARY
2025-07-28 07:02:32,249 INFO [This_Game#2]       StepMonitoring.java:98   | SCALE
2025-07-28 07:02:32,271 INFO [This_Game#2]         ScaleBuilder.java:241  | Beam  guessed height:  9 -- 0.50 of 18 interline
2025-07-28 07:02:32,271 INFO [This_Game#2]         ScaleBuilder.java:264  | Beam measured height:  9 -- 0.31 of [5..18] range at 772% of needed quorum
2025-07-28 07:02:32,271 INFO [This_Game#2]            ScaleStep.java:65   | Scale{ interline(17,18,18) line(2,2,3) beam(9)}
2025-07-28 07:02:32,271 INFO [This_Game#2]       StepMonitoring.java:98   | GRID
2025-07-28 07:02:32,547 INFO [This_Game#2]       LinesRetriever.java:1500 | Global slope: 0.00000
2025-07-28 07:02:32,567 INFO [This_Game#2]    ClustersRetriever.java:328  | Retrieved raw line clusters: 14 of sizes [5] with interline(17,18,18)
2025-07-28 07:02:32,678 INFO [This_Game#2]            PeakGraph.java:310  | Systems: #1[1, 2] #2[3, 4] #3[5, 6] #4[7, 8] #5[9, 10] #6[11, 12] #7[13, 14]
2025-07-28 07:02:32,905 INFO [This_Game#2]        SystemManager.java:779  | 1 part along 7 systems
2025-07-28 07:02:32,905 INFO [This_Game#2]       StepMonitoring.java:98   | HEADERS
2025-07-28 07:02:33,527 INFO [This_Game#2]       StepMonitoring.java:98   | STEM_SEEDS
2025-07-28 07:02:33,568 INFO [This_Game#2]        StemSeedsStep.java:86   | stem(2 max:3)
2025-07-28 07:02:33,583 INFO [This_Game#2]       StepMonitoring.java:98   | BEAMS
2025-07-28 07:02:36,043 INFO [This_Game#2]       StepMonitoring.java:98   | LEDGERS
2025-07-28 07:02:36,351 INFO [This_Game#2]       StepMonitoring.java:98   | HEADS
2025-07-28 07:02:41,276 INFO [This_Game#2]        HeadSeedTally.java:235  | Scale information: HeadSeeds{NOTEHEAD_VOID[L:-0.6,R:-0.5] NOTEHEAD_BLACK[L:-0.5,R:-0.5]}
2025-07-28 07:02:41,276 INFO [This_Game#2]       StepMonitoring.java:98   | STEMS
2025-07-28 07:02:41,684 INFO [This_Game#2]           BeamLinker.java:1729 | Not linking shorter BeamInter#2728{(0.439/0.761) BEAM}
2025-07-28 07:02:41,685 INFO [This_Game#2]           BeamLinker.java:1729 | Not linking shorter BeamInter#2738{(0.439/0.761) BEAM}
2025-07-28 07:02:41,685 INFO [This_Game#2]           BeamLinker.java:1729 | Not linking shorter BeamInter#2743{(0.439/0.761) BEAM}
2025-07-28 07:02:41,686 INFO [This_Game#2]           BeamLinker.java:1729 | Not linking shorter BeamInter#2733{(0.412/0.730) BEAM}
2025-07-28 07:02:41,812 INFO [This_Game#2]           BeamLinker.java:1729 | Not linking shorter BeamInter#2837{(0.522/0.730) BEAM}
2025-07-28 07:02:42,267 INFO [This_Game#2]       StepMonitoring.java:98   | REDUCTION
2025-07-28 07:02:42,498 INFO [This_Game#2]        ReductionStep.java:105  | Stems free length median value: 62 pixels, 3.4 interlines
2025-07-28 07:02:42,503 INFO [This_Game#2]       StepMonitoring.java:98   | CUE_BEAMS
2025-07-28 07:02:42,504 INFO [This_Game#2]         CueBeamsStep.java:81   | Step CUE_BEAMS is skipped because small heads switch is off
2025-07-28 07:02:42,504 INFO [This_Game#2]       StepMonitoring.java:98   | TEXTS
2025-07-28 07:02:43,304 INFO [This_Game#2]       StepMonitoring.java:98   | MEASURES
2025-07-28 07:02:43,305 INFO [This_Game#2]                 Page.java:307  | 23 raw measures: [4 in system#1, 3 in system#2, 3 in system#3, 3 in system#4, 4 in system#5, 3 in system#6, 3 in system#7]
2025-07-28 07:02:43,305 INFO [This_Game#2]       StepMonitoring.java:98   | CHORDS
2025-07-28 07:02:43,313 INFO [This_Game#2]       StepMonitoring.java:98   | CURVES
2025-07-28 07:02:43,893 INFO [This_Game#2]         SlursBuilder.java:240  | Slurs: 71
2025-07-28 07:02:43,912 INFO [This_Game#2]      SegmentsBuilder.java:155  | Segments: 53
2025-07-28 07:02:43,913 INFO [This_Game#2]       StepMonitoring.java:98   | SYMBOLS
2025-07-28 07:02:44,457 INFO [This_Game#2]       StepMonitoring.java:98   | LINKS
2025-07-28 07:02:44,537 INFO [This_Game#2]       StepMonitoring.java:98   | RHYTHMS
2025-07-28 07:02:44,537 INFO [This_Game#2]           PageRhythm.java:199  | {Page#2.1} Time value reused from sheet#1
2025-07-28 07:02:44,542 INFO [This_Game#2]                Voice.java:257  | Measure{#2} Voice{#5 excess:1/8} too long
2025-07-28 07:02:44,542 INFO [This_Game#2]                Voice.java:257  | Measure{#2} Voice{#2 excess:1/8} too long
2025-07-28 07:02:44,543 INFO [This_Game#2]          StackRhythm.java:224  | S1 MeasureStack#2 no correct rhythm
2025-07-28 07:02:44,549 INFO [This_Game#2]        MeasureRhythm.java:1045 | Measure{#5} No timeOffset for HeadChordInter#12685{(0.723/0.723) staff:3 slot#2 dur:1/16}
2025-07-28 07:02:44,550 INFO [This_Game#2]   AbstractChordInter.java:627  | Measure{#5} No timeOffset for HeadChordInter#12686{(0.636/0.636) staff:3 slot#3 dur:1/16}
2025-07-28 07:02:44,556 INFO [This_Game#2]   AbstractChordInter.java:627  | Measure{#5} No timeOffset for HeadChordInter#12686{(0.636/0.636) staff:3 slot#3 dur:1/16}
2025-07-28 07:02:44,556 INFO [This_Game#2]   AbstractChordInter.java:627  | Measure{#5} No timeOffset for HeadChordInter#12686{(0.636/0.636) staff:3 slot#3 dur:1/16}
2025-07-28 07:02:44,557 INFO [This_Game#2]   AbstractChordInter.java:627  | Measure{#5} No timeOffset for HeadChordInter#12689{(0.638/0.638) staff:3 slot#6 dur:1/16}
2025-07-28 07:02:44,557 INFO [This_Game#2]   AbstractChordInter.java:627  | Measure{#5} No timeOffset for HeadChordInter#12689{(0.638/0.638) staff:3 slot#6 dur:1/16}
2025-07-28 07:02:44,558 INFO [This_Game#2]   AbstractChordInter.java:627  | Measure{#5} No timeOffset for HeadChordInter#12689{(0.638/0.638) staff:3 slot#6 dur:1/16}
2025-07-28 07:02:44,558 INFO [This_Game#2]   AbstractChordInter.java:627  | Measure{#5} No timeOffset for HeadChordInter#12692{(0.654/0.654) staff:3 slot#9 dur:1/16}
2025-07-28 07:02:44,558 INFO [This_Game#2]   AbstractChordInter.java:627  | Measure{#5} No timeOffset for HeadChordInter#12692{(0.654/0.654) staff:3 slot#9 dur:1/16}
2025-07-28 07:02:44,558 INFO [This_Game#2]   AbstractChordInter.java:627  | Measure{#5} No timeOffset for HeadChordInter#12692{(0.654/0.654) staff:3 slot#9 dur:1/16}
2025-07-28 07:02:44,559 INFO [This_Game#2]   AbstractChordInter.java:627  | Measure{#5} No timeOffset for HeadChordInter#12695{(0.671/0.671) staff:3 slot#12 dur:1/16}
2025-07-28 07:02:44,559 INFO [This_Game#2]   AbstractChordInter.java:627  | Measure{#5} No timeOffset for HeadChordInter#12695{(0.671/0.671) staff:3 slot#12 dur:1/16}
2025-07-28 07:02:44,559 INFO [This_Game#2]          StackRhythm.java:224  | S2 MeasureStack#5 no correct rhythm
2025-07-28 07:02:44,569 INFO [This_Game#2]        MeasureRhythm.java:1045 | Measure{#9} No timeOffset for HeadChordInter#12747{(0.604/0.604) staff:5 slot#2 dur:1/16}
2025-07-28 07:02:44,569 INFO [This_Game#2]   AbstractChordInter.java:627  | Measure{#9} No timeOffset for HeadChordInter#12748{(0.731/0.731) staff:5 slot#3 dur:1/16}
2025-07-28 07:02:44,569 INFO [This_Game#2]   AbstractChordInter.java:627  | Measure{#9} No timeOffset for HeadChordInter#12748{(0.731/0.731) staff:5 slot#3 dur:1/16}
2025-07-28 07:02:44,569 INFO [This_Game#2]   AbstractChordInter.java:627  | Measure{#9} No timeOffset for HeadChordInter#12748{(0.731/0.731) staff:5 slot#3 dur:1/16}
2025-07-28 07:02:44,570 INFO [This_Game#2]   AbstractChordInter.java:627  | Measure{#9} No timeOffset for HeadChordInter#12751{(0.731/0.731) staff:5 slot#6 dur:1/16}
2025-07-28 07:02:44,570 INFO [This_Game#2]   AbstractChordInter.java:627  | Measure{#9} No timeOffset for HeadChordInter#12751{(0.731/0.731) staff:5 slot#6 dur:1/16}
2025-07-28 07:02:44,570 INFO [This_Game#2]   AbstractChordInter.java:627  | Measure{#9} No timeOffset for HeadChordInter#12751{(0.731/0.731) staff:5 slot#6 dur:1/16}
2025-07-28 07:02:44,571 INFO [This_Game#2]   AbstractChordInter.java:627  | Measure{#9} No timeOffset for HeadChordInter#12753{(0.628/0.628) staff:5 slot#8 dur:1/4}
2025-07-28 07:02:44,571 INFO [This_Game#2]   AbstractChordInter.java:627  | Measure{#9} No timeOffset for RestChordInter#14923{(0.800/0.800) staff:5 slot#10 dur:1/8}
2025-07-28 07:02:44,571 INFO [This_Game#2]          StackRhythm.java:224  | S3 MeasureStack#9 no correct rhythm
2025-07-28 07:02:44,583 INFO [This_Game#2]        MeasureRhythm.java:1277 | Measure{#13} Time inconsistency in {5/8=[HeadChordInter#12821{(0.942/0.942) staff:7 slot#12 off:5/8 dur:3/16}], 11/16=[HeadChordInter#12820{(0.925/0.925) staff:7 slot#12 off:11/16 dur:1/16}]}
2025-07-28 07:02:44,584 INFO [This_Game#2]        MeasureRhythm.java:1277 | Measure{#13} Time inconsistency in {13/16=[HeadChordInter#12822{(0.925/0.925) staff:7 slot#15 off:13/16 dur:1/8}], 7/8=[HeadChordInter#12865{(0.897/0.897) staff:8 slot#15 off:7/8 dur:1/16}]}
2025-07-28 07:02:44,593 INFO [This_Game#2]        MeasureRhythm.java:1045 | Measure{#18} No timeOffset for HeadChordInter#12930{(0.919/0.919) staff:11 slot#12 dur:1/4}
2025-07-28 07:02:44,593 INFO [This_Game#2]        MeasureRhythm.java:1045 | Measure{#18} No timeOffset for HeadChordInter#12947{(0.954/0.954) staff:12 slot#12 dur:1/4}
2025-07-28 07:02:44,593 INFO [This_Game#2]          StackRhythm.java:224  | S6 MeasureStack#18 no correct rhythm
2025-07-28 07:02:44,600 INFO [This_Game#2]        MeasureRhythm.java:1045 | Measure{#21} No timeOffset for HeadChordInter#12998{(0.896/0.896) staff:14 slot#2 dur:1/16}
2025-07-28 07:02:44,601 INFO [This_Game#2]   AbstractChordInter.java:627  | Measure{#21} No timeOffset for HeadChordInter#13005{(0.935/0.935) staff:14 slot#9 dur:1/16}
2025-07-28 07:02:44,601 INFO [This_Game#2]   AbstractChordInter.java:627  | Measure{#21} No timeOffset for HeadChordInter#13005{(0.935/0.935) staff:14 slot#9 dur:1/16}
2025-07-28 07:02:44,601 INFO [This_Game#2]   AbstractChordInter.java:627  | Measure{#21} No timeOffset for HeadChordInter#13005{(0.935/0.935) staff:14 slot#9 dur:1/16}
2025-07-28 07:02:44,602 INFO [This_Game#2]          StackRhythm.java:224  | S7 MeasureStack#21 no correct rhythm
2025-07-28 07:02:44,603 INFO [This_Game#2]        MeasureRhythm.java:1045 | Measure{#22} No timeOffset for HeadChordInter#13010{(0.909/0.909) staff:14 slot#2 dur:1/16}
2025-07-28 07:02:44,604 INFO [This_Game#2]   AbstractChordInter.java:627  | Measure{#22} No timeOffset for HeadChordInter#13014{(0.955/0.955) staff:14 slot#6 dur:1/16}
2025-07-28 07:02:44,604 INFO [This_Game#2]   AbstractChordInter.java:627  | Measure{#22} No timeOffset for HeadChordInter#13014{(0.955/0.955) staff:14 slot#6 dur:1/16}
2025-07-28 07:02:44,604 INFO [This_Game#2]   AbstractChordInter.java:627  | Measure{#22} No timeOffset for HeadChordInter#13014{(0.955/0.955) staff:14 slot#6 dur:1/16}
2025-07-28 07:02:44,604 INFO [This_Game#2]   AbstractChordInter.java:627  | Measure{#22} No timeOffset for HeadChordInter#13014{(0.955/0.955) staff:14 slot#6 dur:1/16}
2025-07-28 07:02:44,605 INFO [This_Game#2]          StackRhythm.java:224  | S7 MeasureStack#22 no correct rhythm
2025-07-28 07:02:44,608 INFO [This_Game#2]       StepMonitoring.java:98   | PAGE
2025-07-28 07:02:44,611 INFO [This_Game#2]                Voice.java:257  | Measure{#2} Voice{#2 excess:1/8} too long
2025-07-28 07:02:44,611 INFO [This_Game#2]                Voice.java:257  | Measure{#2} Voice{#5 excess:1/8} too long
2025-07-28 07:02:44,612 INFO [This_Game#2]                 Book.java:2550 | Book{This_Game} storing
2025-07-28 07:02:44,668 INFO [This_Game#2]                 Book.java:2531 | Stored /book.xml
2025-07-28 07:02:44,757 INFO [This_Game#2]           DataHolder.java:348  | Stored /sheet#2/BINARY.png
2025-07-28 07:02:45,323 INFO [This_Game#2]                Sheet.java:1562 | Stored /sheet#2/sheet#2.xml
2025-07-28 07:02:45,324 INFO [This_Game#2]                 Book.java:2491 | Book stored as .\MXL\This_Game\This_Game.omr
2025-07-28 07:02:45,331 INFO [This_Game#2]            SheetStub.java:1644 | Disposed sheet#2
2025-07-28 07:02:45,379 INFO [This_Game#2]                 Book.java:2018 | End of Stub#2 memory: 37,946,144
2025-07-28 07:02:45,380 INFO [This_Game#3]       StepMonitoring.java:98   | LOAD
2025-07-28 07:02:45,432 INFO [This_Game#3]            SheetStub.java:1268 | Loaded image #3 2479x3508 from C:\Uni\OMR_Project\TOOL\PDF\This_Game.pdf
2025-07-28 07:02:45,433 INFO [This_Game#3]       StepMonitoring.java:98   | BINARY
2025-07-28 07:02:45,732 INFO [This_Game#3]       StepMonitoring.java:98   | SCALE
2025-07-28 07:02:45,736 INFO [This_Game#3]         ScaleBuilder.java:241  | Beam  guessed height:  9 -- 0.50 of 18 interline
2025-07-28 07:02:45,736 INFO [This_Game#3]         ScaleBuilder.java:264  | Beam measured height:  9 -- 0.31 of [5..18] range at 977% of needed quorum
2025-07-28 07:02:45,736 INFO [This_Game#3]            ScaleStep.java:65   | Scale{ interline(17,18,18) line(2,2,3) beam(9)}
2025-07-28 07:02:45,736 INFO [This_Game#3]       StepMonitoring.java:98   | GRID
2025-07-28 07:02:45,902 INFO [This_Game#3]       LinesRetriever.java:1500 | Global slope: 0.00000
2025-07-28 07:02:45,926 INFO [This_Game#3]    ClustersRetriever.java:328  | Retrieved raw line clusters: 14 of sizes [5] with interline(17,18,18)
2025-07-28 07:02:46,004 INFO [This_Game#3]            PeakGraph.java:310  | Systems: #1[1, 2] #2[3, 4] #3[5, 6] #4[7, 8] #5[9, 10] #6[11, 12] #7[13, 14]
2025-07-28 07:02:46,237 INFO [This_Game#3]        SystemManager.java:779  | 1 part along 7 systems
2025-07-28 07:02:46,237 INFO [This_Game#3]       StepMonitoring.java:98   | HEADERS
2025-07-28 07:02:46,787 INFO [This_Game#3]       StepMonitoring.java:98   | STEM_SEEDS
2025-07-28 07:02:46,818 INFO [This_Game#3]        StemSeedsStep.java:86   | stem(2 max:3)
2025-07-28 07:02:46,832 INFO [This_Game#3]       StepMonitoring.java:98   | BEAMS
2025-07-28 07:02:49,773 INFO [This_Game#3]       StepMonitoring.java:98   | LEDGERS
2025-07-28 07:02:50,047 INFO [This_Game#3]       StepMonitoring.java:98   | HEADS
2025-07-28 07:02:56,132 INFO [This_Game#3]        HeadSeedTally.java:235  | Scale information: HeadSeeds{NOTEHEAD_VOID[L:-0.9,R:-0.5] NOTEHEAD_BLACK[L:-0.5,R:-0.5]}
2025-07-28 07:02:56,132 INFO [This_Game#3]       StepMonitoring.java:98   | STEMS
2025-07-28 07:02:57,406 INFO [This_Game#3]       StepMonitoring.java:98   | REDUCTION
2025-07-28 07:02:57,675 INFO [This_Game#3]        ReductionStep.java:105  | Stems free length median value: 58 pixels, 3.2 interlines
2025-07-28 07:02:57,679 INFO [This_Game#3]       StepMonitoring.java:98   | CUE_BEAMS
2025-07-28 07:02:57,679 INFO [This_Game#3]         CueBeamsStep.java:81   | Step CUE_BEAMS is skipped because small heads switch is off
2025-07-28 07:02:57,679 INFO [This_Game#3]       StepMonitoring.java:98   | TEXTS
2025-07-28 07:02:58,224 INFO [This_Game#3]       StepMonitoring.java:98   | MEASURES
2025-07-28 07:02:58,226 INFO [This_Game#3]                 Page.java:307  | 22 raw measures: [3 in system#1, 3 in system#2, 3 in system#3, 3 in system#4, 4 in system#5, 3 in system#6, 3 in system#7]
2025-07-28 07:02:58,226 INFO [This_Game#3]       StepMonitoring.java:98   | CHORDS
2025-07-28 07:02:58,238 INFO [This_Game#3]       StepMonitoring.java:98   | CURVES
2025-07-28 07:02:58,862 INFO [This_Game#3]         SlursBuilder.java:240  | Slurs: 78
2025-07-28 07:02:58,879 INFO [This_Game#3]      SegmentsBuilder.java:155  | Segments: 56
2025-07-28 07:02:58,880 INFO [This_Game#3]       StepMonitoring.java:98   | SYMBOLS
2025-07-28 07:02:59,600 INFO [This_Game#3]       StepMonitoring.java:98   | LINKS
2025-07-28 07:02:59,674 INFO [This_Game#3]       StepMonitoring.java:98   | RHYTHMS
2025-07-28 07:02:59,675 INFO [This_Game#3]           PageRhythm.java:199  | {Page#3.1} Time value reused from sheet#1
2025-07-28 07:02:59,682 INFO [This_Game#3]                Voice.java:257  | Measure{#3} Voice{#1 excess:1/8} too long
2025-07-28 07:02:59,683 INFO [This_Game#3]                Voice.java:257  | Measure{#3} Voice{#2 excess:1/8} too long
2025-07-28 07:02:59,683 INFO [This_Game#3]          StackRhythm.java:224  | S1 MeasureStack#3 no correct rhythm
2025-07-28 07:02:59,693 INFO [This_Game#3]        MeasureRhythm.java:1045 | Measure{#7} No timeOffset for HeadChordInter#12135{(0.913/0.913) staff:6 slot#2 dur:1/16}
2025-07-28 07:02:59,693 INFO [This_Game#3]   AbstractChordInter.java:627  | Measure{#7} No timeOffset for HeadChordInter#12139{(0.953/0.953) staff:6 slot#6 dur:1/16}
2025-07-28 07:02:59,693 INFO [This_Game#3]   AbstractChordInter.java:627  | Measure{#7} No timeOffset for HeadChordInter#12139{(0.953/0.953) staff:6 slot#6 dur:1/16}
2025-07-28 07:02:59,694 INFO [This_Game#3]   AbstractChordInter.java:627  | Measure{#7} No timeOffset for HeadChordInter#12139{(0.953/0.953) staff:6 slot#6 dur:1/16}
2025-07-28 07:02:59,694 INFO [This_Game#3]   AbstractChordInter.java:627  | Measure{#7} No timeOffset for HeadChordInter#12139{(0.953/0.953) staff:6 slot#6 dur:1/16}
2025-07-28 07:02:59,694 INFO [This_Game#3]          StackRhythm.java:224  | S3 MeasureStack#7 no correct rhythm
2025-07-28 07:02:59,706 INFO [This_Game#3]        MeasureRhythm.java:1277 | Measure{#11} Time inconsistency in {1/16=[HeadChordInter#12192{(0.746/0.746) staff:7 slot#4 off:1/16 dur:1/16}], 3/16=[HeadChordInter#12218{(0.911/0.911) staff:8 slot#4 off:3/16 dur:1/16}]}
2025-07-28 07:02:59,708 INFO [This_Game#3]        MeasureRhythm.java:1277 | Measure{#11} Time inconsistency in {1/4=[HeadChordInter#12195{(0.748/0.748) staff:7 slot#8 off:1/4 dur:1/16}], 5/16=[HeadChordInter#12222{(0.929/0.929) staff:8 slot#8 off:5/16 dur:1/16}]}
2025-07-28 07:02:59,713 INFO [This_Game#3]                Voice.java:257  | Measure{#13} Voice{#6 excess:3/8} too long
2025-07-28 07:02:59,714 INFO [This_Game#3]                Voice.java:257  | Measure{#13} Voice{#7 excess:3/8} too long
2025-07-28 07:02:59,714 INFO [This_Game#3]          StackRhythm.java:224  | S5 MeasureStack#13 no correct rhythm
2025-07-28 07:02:59,717 INFO [This_Game#3]        MeasureRhythm.java:1045 | Measure{#14} No timeOffset for HeadChordInter#12275{(0.930/0.930) staff:10 slot#2 dur:1/16}
2025-07-28 07:02:59,718 INFO [This_Game#3]   AbstractChordInter.java:627  | Measure{#14} No timeOffset for HeadChordInter#12278{(0.950/0.950) staff:10 slot#5 dur:1/8}
2025-07-28 07:02:59,718 INFO [This_Game#3]        MeasureRhythm.java:1045 | Measure{#14} No timeOffset for HeadChordInter#12240{(0.961/0.961) staff:9 slot#3 dur:3/16}
2025-07-28 07:02:59,718 INFO [This_Game#3]   AbstractChordInter.java:627  | Measure{#14} No timeOffset for HeadChordInter#12278{(0.950/0.950) staff:10 slot#5 dur:1/8}
2025-07-28 07:02:59,718 INFO [This_Game#3]   AbstractChordInter.java:627  | Measure{#14} No timeOffset for HeadChordInter#12245{(0.925/0.925) staff:9 slot#11 dur:1/8}
2025-07-28 07:02:59,719 INFO [This_Game#3]   AbstractChordInter.java:627  | Measure{#14} No timeOffset for HeadChordInter#12282{(0.932/0.932) staff:10 slot#9 dur:1/16}
2025-07-28 07:02:59,719 INFO [This_Game#3]   AbstractChordInter.java:627  | Measure{#14} No timeOffset for HeadChordInter#12245{(0.925/0.925) staff:9 slot#11 dur:1/8}
2025-07-28 07:02:59,719 INFO [This_Game#3]          StackRhythm.java:224  | S5 MeasureStack#14 no correct rhythm
2025-07-28 07:02:59,721 INFO [This_Game#3]        MeasureRhythm.java:1045 | Measure{#15} No timeOffset for HeadChordInter#12285{(0.968/0.968) staff:10 slot#2 dur:1/16}
2025-07-28 07:02:59,722 INFO [This_Game#3]   AbstractChordInter.java:627  | Measure{#15} No timeOffset for HeadChordInter#12288{(0.949/0.949) staff:10 slot#5 dur:1/8}
2025-07-28 07:02:59,723 INFO [This_Game#3]        MeasureRhythm.java:1045 | Measure{#15} No timeOffset for HeadChordInter#12246{(0.963/0.963) staff:9 slot#3 dur:3/16}
2025-07-28 07:02:59,723 INFO [This_Game#3]   AbstractChordInter.java:627  | Measure{#15} No timeOffset for HeadChordInter#12288{(0.949/0.949) staff:10 slot#5 dur:1/8}
2025-07-28 07:02:59,723 INFO [This_Game#3]   AbstractChordInter.java:627  | Measure{#15} No timeOffset for HeadChordInter#12251{(0.942/0.942) staff:9 slot#11 dur:1/8}
2025-07-28 07:02:59,723 INFO [This_Game#3]   AbstractChordInter.java:627  | Measure{#15} No timeOffset for HeadChordInter#12292{(0.968/0.968) staff:10 slot#9 dur:1/16}
2025-07-28 07:02:59,724 INFO [This_Game#3]   AbstractChordInter.java:627  | Measure{#15} No timeOffset for HeadChordInter#12251{(0.942/0.942) staff:9 slot#11 dur:1/8}
2025-07-28 07:02:59,724 INFO [This_Game#3]          StackRhythm.java:224  | S5 MeasureStack#15 no correct rhythm
2025-07-28 07:02:59,726 INFO [This_Game#3]        MeasureRhythm.java:1045 | Measure{#16} No timeOffset for HeadChordInter#12295{(0.916/0.916) staff:10 slot#2 dur:1/16}
2025-07-28 07:02:59,727 INFO [This_Game#3]   AbstractChordInter.java:627  | Measure{#16} No timeOffset for HeadChordInter#12298{(0.948/0.948) staff:10 slot#5 dur:1/8}
2025-07-28 07:02:59,727 INFO [This_Game#3]        MeasureRhythm.java:1045 | Measure{#16} No timeOffset for HeadChordInter#12252{(0.961/0.961) staff:9 slot#3 dur:3/16}
2025-07-28 07:02:59,728 INFO [This_Game#3]   AbstractChordInter.java:627  | Measure{#16} No timeOffset for HeadChordInter#12298{(0.948/0.948) staff:10 slot#5 dur:1/8}
2025-07-28 07:02:59,728 INFO [This_Game#3]   AbstractChordInter.java:627  | Measure{#16} No timeOffset for HeadChordInter#12257{(0.915/0.915) staff:9 slot#11 dur:1/8}
2025-07-28 07:02:59,728 INFO [This_Game#3]   AbstractChordInter.java:627  | Measure{#16} No timeOffset for HeadChordInter#12302{(0.934/0.934) staff:10 slot#9 dur:1/16}
2025-07-28 07:02:59,728 INFO [This_Game#3]   AbstractChordInter.java:627  | Measure{#16} No timeOffset for HeadChordInter#12257{(0.915/0.915) staff:9 slot#11 dur:1/8}
2025-07-28 07:02:59,728 INFO [This_Game#3]          StackRhythm.java:224  | S5 MeasureStack#16 no correct rhythm
2025-07-28 07:02:59,760 INFO [This_Game#3]        MeasureRhythm.java:1277 | Measure{#21} Time inconsistency in {3/16=[HeadChordInter#12442{(0.773/0.773) staff:13 slot#7 off:3/16 dur:1/8}], 3/8=[HeadChordInter#12440{(0.946/0.946) staff:13 slot#7 off:3/8 dur:1/16}, HeadChordInter#12477{(0.945/0.945) staff:14 slot#7 off:3/8 dur:1/8}]}
2025-07-28 07:02:59,761 INFO [This_Game#3]        MeasureRhythm.java:1277 | Measure{#21} Time inconsistency in {5/16=[HeadChordInter#12445{(0.751/0.751) staff:13 slot#9 off:5/16 dur:1/2}], 1/2=[HeadChordInter#12478{(0.838/0.838) staff:14 slot#9 off:1/2 dur:3/4}]}
2025-07-28 07:02:59,761 INFO [This_Game#3]                Voice.java:257  | Measure{#21} Voice{#5 excess:1/4} too long
2025-07-28 07:02:59,761 INFO [This_Game#3]          StackRhythm.java:224  | S7 MeasureStack#21 no correct rhythm
2025-07-28 07:02:59,763 INFO [This_Game#3]       StepMonitoring.java:98   | PAGE
2025-07-28 07:02:59,765 INFO [This_Game#3]       SheetReduction.java:154  | Gutter. Different glyphs 2/3 ArticulationInter#13478{(0.679/0.777) STACCATO} vs SlurInter#12491{(0.588/0.874) SLUR_ABOVE}
2025-07-28 07:02:59,767 INFO [This_Game#3]                Voice.java:257  | Measure{#3} Voice{#1 excess:1/8} too long
2025-07-28 07:02:59,768 INFO [This_Game#3]                Voice.java:257  | Measure{#3} Voice{#2 excess:1/8} too long
2025-07-28 07:02:59,768 INFO [This_Game#3]                Voice.java:257  | Measure{#13} Voice{#6 excess:3/8} too long
2025-07-28 07:02:59,769 INFO [This_Game#3]                Voice.java:257  | Measure{#13} Voice{#7 excess:3/8} too long
2025-07-28 07:02:59,769 INFO [This_Game#3]                Voice.java:257  | Measure{#21} Voice{#5 excess:1/4} too long
2025-07-28 07:02:59,770 INFO [This_Game#3]                 Book.java:2550 | Book{This_Game} storing
2025-07-28 07:02:59,843 INFO [This_Game#3]                 Book.java:2531 | Stored /book.xml
2025-07-28 07:02:59,938 INFO [This_Game#3]           DataHolder.java:348  | Stored /sheet#3/BINARY.png
2025-07-28 07:03:00,528 INFO [This_Game#3]                Sheet.java:1562 | Stored /sheet#3/sheet#3.xml
2025-07-28 07:03:00,528 INFO [This_Game#3]                 Book.java:2491 | Book stored as .\MXL\This_Game\This_Game.omr
2025-07-28 07:03:00,539 INFO [This_Game#3]            SheetStub.java:1644 | Disposed sheet#3
2025-07-28 07:03:00,592 INFO [This_Game#3]                 Book.java:2018 | End of Stub#3 memory: 38,068,256
2025-07-28 07:03:00,592 INFO [This_Game#4]       StepMonitoring.java:98   | LOAD
2025-07-28 07:03:00,642 INFO [This_Game#4]            SheetStub.java:1268 | Loaded image #4 2479x3508 from C:\Uni\OMR_Project\TOOL\PDF\This_Game.pdf
2025-07-28 07:03:00,642 INFO [This_Game#4]       StepMonitoring.java:98   | BINARY
2025-07-28 07:03:00,956 INFO [This_Game#4]       StepMonitoring.java:98   | SCALE
2025-07-28 07:03:00,959 INFO [This_Game#4]         ScaleBuilder.java:241  | Beam  guessed height:  9 -- 0.50 of 18 interline
2025-07-28 07:03:00,960 INFO [This_Game#4]         ScaleBuilder.java:264  | Beam measured height:  9 -- 0.31 of [5..18] range at 750% of needed quorum
2025-07-28 07:03:00,960 INFO [This_Game#4]            ScaleStep.java:65   | Scale{ interline(17,18,18) line(2,2,4) beam(9)}
2025-07-28 07:03:00,960 INFO [This_Game#4]       StepMonitoring.java:98   | GRID
2025-07-28 07:03:01,163 INFO [This_Game#4]       LinesRetriever.java:1500 | Global slope: 0.00000
2025-07-28 07:03:01,180 INFO [This_Game#4]    ClustersRetriever.java:328  | Retrieved raw line clusters: 14 of sizes [5] with interline(17,18,18)
2025-07-28 07:03:01,260 INFO [This_Game#4]            PeakGraph.java:310  | Systems: #1[1, 2] #2[3, 4] #3[5, 6] #4[7, 8] #5[9, 10] #6[11, 12] #7[13, 14]
2025-07-28 07:03:01,510 INFO [This_Game#4]        SystemManager.java:779  | 1 part along 7 systems
2025-07-28 07:03:01,510 INFO [This_Game#4]       StepMonitoring.java:98   | HEADERS
2025-07-28 07:03:02,473 INFO [This_Game#4]       StepMonitoring.java:98   | STEM_SEEDS
2025-07-28 07:03:02,511 INFO [This_Game#4]        StemSeedsStep.java:86   | stem(2 max:3)
2025-07-28 07:03:02,525 INFO [This_Game#4]       StepMonitoring.java:98   | BEAMS
2025-07-28 07:03:05,399 INFO [This_Game#4]       StepMonitoring.java:98   | LEDGERS
2025-07-28 07:03:05,630 INFO [This_Game#4]       StepMonitoring.java:98   | HEADS
2025-07-28 07:03:11,512 INFO [This_Game#4]        HeadSeedTally.java:235  | Scale information: HeadSeeds{NOTEHEAD_VOID[L:-0.7,R:-0.5] NOTEHEAD_BLACK[L:-0.6,R:-0.5]}
2025-07-28 07:03:11,513 INFO [This_Game#4]       StepMonitoring.java:98   | STEMS
2025-07-28 07:03:12,492 INFO [This_Game#4]       StepMonitoring.java:98   | REDUCTION
2025-07-28 07:03:12,726 INFO [This_Game#4]        ReductionStep.java:105  | Stems free length median value: 62 pixels, 3.4 interlines
2025-07-28 07:03:12,731 INFO [This_Game#4]       StepMonitoring.java:98   | CUE_BEAMS
2025-07-28 07:03:12,731 INFO [This_Game#4]         CueBeamsStep.java:81   | Step CUE_BEAMS is skipped because small heads switch is off
2025-07-28 07:03:12,732 INFO [This_Game#4]       StepMonitoring.java:98   | TEXTS
2025-07-28 07:03:13,728 INFO [This_Game#4]       StepMonitoring.java:98   | MEASURES
2025-07-28 07:03:13,729 INFO [This_Game#4]                 Page.java:307  | 25 raw measures: [4 in system#1, 3 in system#2, 3 in system#3, 3 in system#4, 4 in system#5, 4 in system#6, 4 in system#7]
2025-07-28 07:03:13,730 INFO [This_Game#4]       StepMonitoring.java:98   | CHORDS
2025-07-28 07:03:13,739 INFO [This_Game#4]       StepMonitoring.java:98   | CURVES
2025-07-28 07:03:14,307 INFO [This_Game#4]         SlursBuilder.java:240  | Slurs: 94
2025-07-28 07:03:14,338 INFO [This_Game#4]      SegmentsBuilder.java:155  | Segments: 61
2025-07-28 07:03:14,339 INFO [This_Game#4]       StepMonitoring.java:98   | SYMBOLS
2025-07-28 07:03:14,794 INFO [This_Game#4]       StepMonitoring.java:98   | LINKS
2025-07-28 07:03:14,796 INFO [This_Game#4]        SymbolsLinker.java:257  | No chord linked to OctaveShiftInter#14983{(0.244) staff:2 OTTAVA BASSA}
2025-07-28 07:03:14,808 INFO [This_Game#4]        SymbolsLinker.java:257  | No chord linked to OctaveShiftInter#15016{(0.244) staff:3 OTTAVA ALTA}
2025-07-28 07:03:14,809 INFO [This_Game#4]        SymbolsLinker.java:257  | No chord linked to OctaveShiftInter#15017{(0.167) staff:4 OTTAVA BASSA}
2025-07-28 07:03:14,816 INFO [This_Game#4]        SymbolsLinker.java:257  | No chord linked to OctaveShiftInter#15035{(0.167) staff:5 OTTAVA ALTA}
2025-07-28 07:03:14,816 INFO [This_Game#4]        SymbolsLinker.java:257  | No chord linked to OctaveShiftInter#15036{(0.132) staff:6 OTTAVA BASSA}
2025-07-28 07:03:14,827 INFO [This_Game#4]        SymbolsLinker.java:257  | No chord linked to OctaveShiftInter#15065{(0.132) staff:7 OTTAVA ALTA}
2025-07-28 07:03:14,876 INFO [This_Game#4]       StepMonitoring.java:98   | RHYTHMS
2025-07-28 07:03:14,877 INFO [This_Game#4]           PageRhythm.java:199  | {Page#4.1} Time value reused from sheet#1
2025-07-28 07:03:14,920 INFO [This_Game#4]        MeasureRhythm.java:1277 | Measure{#15} Time inconsistency in {5/16=[HeadChordInter#13491{(0.959/0.959) staff:9 slot#6 off:5/16 dur:1/8}], 3/8=[HeadChordInter#13518{(0.956/0.956) staff:10 slot#6 off:3/8 dur:1/8}]}
2025-07-28 07:03:14,920 INFO [This_Game#4]        MeasureRhythm.java:1045 | Measure{#15} No timeOffset for HeadChordInter#13492{(0.568/0.568) staff:9 slot#7 dur:1/8}
2025-07-28 07:03:14,920 INFO [This_Game#4]        MeasureRhythm.java:1277 | Measure{#15} Time inconsistency in {7/16=[HeadChordInter#13493{(0.956/0.956) staff:9 slot#8 off:7/16 dur:1/8}], 1/2=[HeadChordInter#13519{(0.952/0.952) staff:10 slot#8 off:1/2 dur:1/8}]}
2025-07-28 07:03:14,921 INFO [This_Game#4]   AbstractChordInter.java:627  | Measure{#15} No timeOffset for HeadChordInter#13492{(0.568/0.568) staff:9 slot#7 dur:1/8}
2025-07-28 07:03:14,921 INFO [This_Game#4]   AbstractChordInter.java:627  | Measure{#15} No timeOffset for RestChordInter#15265{(0.731/0.731) staff:9 slot#9 dur:1/8}
2025-07-28 07:03:14,921 INFO [This_Game#4]        MeasureRhythm.java:1045 | Measure{#15} No timeOffset for HeadChordInter#13520{(0.927/0.927) staff:10 slot#10 dur:1/8}
2025-07-28 07:03:14,921 INFO [This_Game#4]          StackRhythm.java:224  | S5 MeasureStack#15 no correct rhythm
2025-07-28 07:03:14,930 INFO [This_Game#4]        MeasureRhythm.java:1277 | Measure{#19} Time inconsistency in {5/8=[HeadChordInter#13561{(0.937/0.937) staff:11 slot#11 off:5/8 dur:3/16}], 11/16=[HeadChordInter#13560{(0.910/0.910) staff:11 slot#11 off:11/16 dur:1/16}]}
2025-07-28 07:03:14,930 INFO [This_Game#4]        MeasureRhythm.java:1277 | Measure{#19} Time inconsistency in {13/16=[HeadChordInter#13562{(0.898/0.898) staff:11 slot#14 off:13/16 dur:1/8}], 7/8=[HeadChordInter#13586{(0.939/0.939) staff:12 slot#14 off:7/8 dur:1/16}]}
2025-07-28 07:03:14,941 INFO [This_Game#4]       StepMonitoring.java:98   | PAGE
2025-07-28 07:03:14,950 INFO [This_Game#4]                 Book.java:2550 | Book{This_Game} storing
2025-07-28 07:03:15,019 INFO [This_Game#4]                 Book.java:2531 | Stored /book.xml
2025-07-28 07:03:15,130 INFO [This_Game#4]           DataHolder.java:348  | Stored /sheet#4/BINARY.png
2025-07-28 07:03:15,735 INFO [This_Game#4]                Sheet.java:1562 | Stored /sheet#4/sheet#4.xml
2025-07-28 07:03:15,736 INFO [This_Game#4]                 Book.java:2491 | Book stored as .\MXL\This_Game\This_Game.omr
2025-07-28 07:03:15,747 INFO [This_Game#4]            SheetStub.java:1644 | Disposed sheet#4
2025-07-28 07:03:15,796 INFO [This_Game#4]                 Book.java:2018 | End of Stub#4 memory: 38,744,856
2025-07-28 07:03:15,797 INFO [This_Game#5]       StepMonitoring.java:98   | LOAD
2025-07-28 07:03:15,839 INFO [This_Game#5]            SheetStub.java:1268 | Loaded image #5 2479x3508 from C:\Uni\OMR_Project\TOOL\PDF\This_Game.pdf
2025-07-28 07:03:15,840 INFO [This_Game#5]       StepMonitoring.java:98   | BINARY
2025-07-28 07:03:16,141 INFO [This_Game#5]       StepMonitoring.java:98   | SCALE
2025-07-28 07:03:16,143 INFO [This_Game#5]         ScaleBuilder.java:241  | Beam  guessed height:  9 -- 0.50 of 18 interline
2025-07-28 07:03:16,143 INFO [This_Game#5]         ScaleBuilder.java:264  | Beam measured height:  9 -- 0.31 of [5..18] range at 968% of needed quorum
2025-07-28 07:03:16,143 INFO [This_Game#5]            ScaleStep.java:65   | Scale{ interline(17,18,18) line(2,2,3) beam(9)}
2025-07-28 07:03:16,143 INFO [This_Game#5]       StepMonitoring.java:98   | GRID
2025-07-28 07:03:16,295 INFO [This_Game#5]       LinesRetriever.java:1500 | Global slope: 0.00000
2025-07-28 07:03:16,311 INFO [This_Game#5]    ClustersRetriever.java:328  | Retrieved raw line clusters: 14 of sizes [5] with interline(17,18,18)
2025-07-28 07:03:16,394 INFO [This_Game#5]            PeakGraph.java:310  | Systems: #1[1, 2] #2[3, 4] #3[5, 6] #4[7, 8] #5[9, 10] #6[11, 12] #7[13, 14]
2025-07-28 07:03:16,618 INFO [This_Game#5]        SystemManager.java:779  | 1 part along 7 systems
2025-07-28 07:03:16,618 INFO [This_Game#5]       StepMonitoring.java:98   | HEADERS
2025-07-28 07:03:17,387 INFO [This_Game#5]       StepMonitoring.java:98   | STEM_SEEDS
2025-07-28 07:03:17,417 INFO [This_Game#5]        StemSeedsStep.java:86   | stem(2 max:3)
2025-07-28 07:03:17,429 INFO [This_Game#5]       StepMonitoring.java:98   | BEAMS
2025-07-28 07:03:20,113 INFO [This_Game#5]       StepMonitoring.java:98   | LEDGERS
2025-07-28 07:03:20,283 INFO [This_Game#5]       StepMonitoring.java:98   | HEADS
2025-07-28 07:03:24,904 INFO [This_Game#5]        HeadSeedTally.java:235  | Scale information: HeadSeeds{NOTEHEAD_VOID[R:-0.5] NOTEHEAD_BLACK[L:-0.5,R:-0.5]}
2025-07-28 07:03:24,905 INFO [This_Game#5]       StepMonitoring.java:98   | STEMS
2025-07-28 07:03:25,691 INFO [This_Game#5]       StepMonitoring.java:98   | REDUCTION
2025-07-28 07:03:25,837 INFO [This_Game#5]        ReductionStep.java:105  | Stems free length median value: 62 pixels, 3.4 interlines
2025-07-28 07:03:25,841 INFO [This_Game#5]       StepMonitoring.java:98   | CUE_BEAMS
2025-07-28 07:03:25,841 INFO [This_Game#5]         CueBeamsStep.java:81   | Step CUE_BEAMS is skipped because small heads switch is off
2025-07-28 07:03:25,842 INFO [This_Game#5]       StepMonitoring.java:98   | TEXTS
2025-07-28 07:03:26,319 INFO [This_Game#5]       StepMonitoring.java:98   | MEASURES
2025-07-28 07:03:26,320 INFO [This_Game#5]                 Page.java:307  | 22 raw measures: [3 in system#1, 3 in system#2, 3 in system#3, 3 in system#4, 3 in system#5, 4 in system#6, 3 in system#7]
2025-07-28 07:03:26,320 INFO [This_Game#5]       StepMonitoring.java:98   | CHORDS
2025-07-28 07:03:26,327 INFO [This_Game#5]       StepMonitoring.java:98   | CURVES
2025-07-28 07:03:26,826 INFO [This_Game#5]         SlursBuilder.java:240  | Slurs: 64
2025-07-28 07:03:26,838 INFO [This_Game#5]      SegmentsBuilder.java:155  | Segments: 59
2025-07-28 07:03:26,839 INFO [This_Game#5]       StepMonitoring.java:98   | SYMBOLS
2025-07-28 07:03:27,269 INFO [This_Game#5]       StepMonitoring.java:98   | LINKS
2025-07-28 07:03:27,271 INFO [This_Game#5]        SentenceInter.java:461  | No chord near SentenceInter#11756{(0.722) staff:1 mFont:S-42 Direction} 104
2025-07-28 07:03:27,286 INFO [This_Game#5]        SentenceInter.java:461  | No chord near SentenceInter#11762{(0.700) staff:5 mFont:S-42 Direction} 110
2025-07-28 07:03:27,296 INFO [This_Game#5]        SentenceInter.java:461  | No chord near SentenceInter#11771{(0.646) staff:7 mFont:S-42 Direction} 113
2025-07-28 07:03:27,304 INFO [This_Game#5]        SentenceInter.java:461  | No chord near SentenceInter#11779{(0.716) staff:9 mFont:S-42 Direction} 116
2025-07-28 07:03:27,309 INFO [This_Game#5]        SentenceInter.java:461  | No chord near SentenceInter#11785{(0.700) staff:11 mFont:S-42 Direction} 119
2025-07-28 07:03:27,316 INFO [This_Game#5]        SentenceInter.java:461  | No chord near SentenceInter#11811{(0.624) staff:13 mFont:S-42 Direction} 123
2025-07-28 07:03:27,327 INFO [This_Game#5]       StepMonitoring.java:98   | RHYTHMS
2025-07-28 07:03:27,328 INFO [This_Game#5]           PageRhythm.java:199  | {Page#5.1} Time value reused from sheet#1
2025-07-28 07:03:27,340 INFO [This_Game#5]        MeasureRhythm.java:1045 | Measure{#6} No timeOffset for HeadChordInter#11955{(0.951/0.951) staff:3 slot#14 dur:1/16}
2025-07-28 07:03:27,340 INFO [This_Game#5]          StackRhythm.java:224  | S2 MeasureStack#6 no correct rhythm
2025-07-28 07:03:27,342 INFO [This_Game#5]                Voice.java:257  | Measure{#7} Voice{#1 excess:1/8} too long
2025-07-28 07:03:27,342 INFO [This_Game#5]                Voice.java:257  | Measure{#7} Voice{#2 excess:1/8} too long
2025-07-28 07:03:27,342 INFO [This_Game#5]          StackRhythm.java:224  | S3 MeasureStack#7 no correct rhythm
2025-07-28 07:03:27,346 INFO [This_Game#5]        MeasureRhythm.java:1045 | Measure{#10} No timeOffset for HeadChordInter#12075{(0.917/0.917) staff:8 slot#2 dur:1/16}
2025-07-28 07:03:27,347 INFO [This_Game#5]   AbstractChordInter.java:627  | Measure{#10} No timeOffset for HeadChordInter#12082{(0.936/0.936) staff:8 slot#9 dur:1/16}
2025-07-28 07:03:27,347 INFO [This_Game#5]   AbstractChordInter.java:627  | Measure{#10} No timeOffset for HeadChordInter#12082{(0.936/0.936) staff:8 slot#9 dur:1/16}
2025-07-28 07:03:27,347 INFO [This_Game#5]   AbstractChordInter.java:627  | Measure{#10} No timeOffset for HeadChordInter#12082{(0.936/0.936) staff:8 slot#9 dur:1/16}
2025-07-28 07:03:27,347 INFO [This_Game#5]                Voice.java:257  | Measure{#10} Voice{#1 excess:5/16} too long
2025-07-28 07:03:27,347 INFO [This_Game#5]          StackRhythm.java:224  | S4 MeasureStack#10 no correct rhythm
2025-07-28 07:03:27,349 INFO [This_Game#5]        MeasureRhythm.java:1045 | Measure{#11} No timeOffset for HeadChordInter#12087{(0.907/0.907) staff:8 slot#2 dur:1/16}
2025-07-28 07:03:27,349 INFO [This_Game#5]   AbstractChordInter.java:627  | Measure{#11} No timeOffset for HeadChordInter#12091{(0.957/0.957) staff:8 slot#6 dur:1/16}
2025-07-28 07:03:27,349 INFO [This_Game#5]   AbstractChordInter.java:627  | Measure{#11} No timeOffset for HeadChordInter#12091{(0.957/0.957) staff:8 slot#6 dur:1/16}
2025-07-28 07:03:27,349 INFO [This_Game#5]   AbstractChordInter.java:627  | Measure{#11} No timeOffset for HeadChordInter#12091{(0.957/0.957) staff:8 slot#6 dur:1/16}
2025-07-28 07:03:27,349 INFO [This_Game#5]   AbstractChordInter.java:627  | Measure{#11} No timeOffset for RestChordInter#13659{(0.775/0.775) staff:8 slot#8 dur:1/8}
2025-07-28 07:03:27,349 INFO [This_Game#5]   AbstractChordInter.java:627  | Measure{#11} No timeOffset for RestChordInter#13659{(0.775/0.775) staff:8 slot#8 dur:1/8}
2025-07-28 07:03:27,350 INFO [This_Game#5]          StackRhythm.java:224  | S4 MeasureStack#11 no correct rhythm
2025-07-28 07:03:27,355 INFO [This_Game#5]                Voice.java:257  | Measure{#14} Voice{#4 excess:1/16} too long
2025-07-28 07:03:27,355 INFO [This_Game#5]          StackRhythm.java:224  | S5 MeasureStack#14 no correct rhythm
2025-07-28 07:03:27,359 INFO [This_Game#5]                Voice.java:257  | Measure{#17} Voice{#6 excess:3/8} too long
2025-07-28 07:03:27,359 INFO [This_Game#5]                Voice.java:257  | Measure{#17} Voice{#7 excess:3/8} too long
2025-07-28 07:03:27,359 INFO [This_Game#5]          StackRhythm.java:224  | S6 MeasureStack#17 no correct rhythm
2025-07-28 07:03:27,370 INFO [This_Game#5]        MeasureRhythm.java:1277 | Measure{#22} Time inconsistency in {1/8=[HeadChordInter#12286{(0.917/0.917) staff:13 slot#4 off:1/8 dur:3/16}], 11/16=[HeadChordInter#12334{(0.945/0.945) staff:14 slot#4 off:11/16 dur:1/8}]}
2025-07-28 07:03:27,371 INFO [This_Game#5]        MeasureRhythm.java:1277 | Measure{#22} Time inconsistency in {13/16=[HeadChordInter#12335{(0.902/0.902) staff:14 slot#6 off:13/16 dur:1/16}], 15/16=[HeadChordInter#12288{(0.900/0.900) staff:13 slot#6 off:15/16 dur:1/16}]}
2025-07-28 07:03:27,371 INFO [This_Game#5]        MeasureRhythm.java:1277 | Measure{#22} Time inconsistency in {5/16=[HeadChordInter#12291{(0.788/0.788) staff:13 slot#7 off:5/16 dur:3/16}], 7/8=[HeadChordInter#12336{(0.936/0.936) staff:14 slot#7 off:7/8 dur:1/8}], 1=[HeadChordInter#12289{(0.945/0.945) staff:13 slot#7 off:1 dur:1/16}]}
2025-07-28 07:03:27,371 INFO [This_Game#5]        MeasureRhythm.java:1277 | Measure{#22} Time inconsistency in {1/2=[HeadChordInter#12296{(0.788/0.788) staff:13 slot#10 off:1/2 dur:3/16}], 17/16=[HeadChordInter#12294{(0.938/0.938) staff:13 slot#10 off:17/16 dur:1/16}, HeadChordInter#12338{(0.934/0.934) staff:14 slot#10 off:17/16 dur:1/8}]}
2025-07-28 07:03:27,372 INFO [This_Game#5]        MeasureRhythm.java:1277 | Measure{#22} Time inconsistency in {11/16=[HeadChordInter#12301{(0.678/0.678) staff:13 slot#13 off:11/16 dur:3/16}], 5/4=[HeadChordInter#12340{(0.946/0.946) staff:14 slot#13 off:5/4 dur:1/8}]}
2025-07-28 07:03:27,372 INFO [This_Game#5]        MeasureRhythm.java:1277 | Measure{#22} Time inconsistency in {13/16=[HeadChordInter#12303{(0.926/0.926) staff:13 slot#15 off:13/16 dur:1/16}], 11/8=[HeadChordInter#12341{(0.904/0.904) staff:14 slot#15 off:11/8 dur:1/16}]}
2025-07-28 07:03:27,372 INFO [This_Game#5]        MeasureRhythm.java:1277 | Measure{#22} Time inconsistency in {7/8=[HeadChordInter#12306{(0.712/0.712) staff:13 slot#16 off:7/8 dur:1/16}, HeadChordInter#12304{(0.958/0.958) staff:13 slot#16 off:7/8 dur:1/16}], 23/16=[HeadChordInter#12342{(0.947/0.947) staff:14 slot#16 off:23/16 dur:1/16}]}
2025-07-28 07:03:27,372 INFO [This_Game#5]                Voice.java:257  | Measure{#22} Voice{#2 excess:1/8} too long
2025-07-28 07:03:27,372 INFO [This_Game#5]                Voice.java:257  | Measure{#22} Voice{#6 excess:1/2} too long
2025-07-28 07:03:27,373 INFO [This_Game#5]                Voice.java:257  | Measure{#22} Voice{#3 excess:1/4} too long
2025-07-28 07:03:27,373 INFO [This_Game#5]          StackRhythm.java:224  | S7 MeasureStack#22 no correct rhythm
2025-07-28 07:03:27,373 INFO [This_Game#5]       StepMonitoring.java:98   | PAGE
2025-07-28 07:03:27,375 INFO [This_Game#5]       SheetReduction.java:154  | Gutter. Different glyphs 3/4 ArticulationInter#13561{(0.799/0.888) STACCATO} vs SlurInter#12366{(0.562/0.911) SLUR_ABOVE}
2025-07-28 07:03:27,379 INFO [This_Game#5]        MeasureRhythm.java:1045 | Measure{#11} No timeOffset for HeadChordInter#12087{(0.907/0.907) staff:8 slot#2 dur:1/16}
2025-07-28 07:03:27,379 INFO [This_Game#5]   AbstractChordInter.java:627  | Measure{#11} No timeOffset for HeadChordInter#12091{(0.957/0.957) staff:8 slot#6 dur:1/16}
2025-07-28 07:03:27,379 INFO [This_Game#5]   AbstractChordInter.java:627  | Measure{#11} No timeOffset for HeadChordInter#12091{(0.957/0.957) staff:8 slot#6 dur:1/16}
2025-07-28 07:03:27,380 INFO [This_Game#5]   AbstractChordInter.java:627  | Measure{#11} No timeOffset for HeadChordInter#12091{(0.957/0.957) staff:8 slot#6 dur:1/16}
2025-07-28 07:03:27,380 INFO [This_Game#5]   AbstractChordInter.java:627  | Measure{#11} No timeOffset for HeadChordInter#12091{(0.957/0.957) staff:8 slot#6 dur:1/16}
2025-07-28 07:03:27,381 INFO [This_Game#5]          StackRhythm.java:224  | S4 MeasureStack#11 no correct rhythm
2025-07-28 07:03:27,381 INFO [This_Game#5]                Voice.java:257  | Measure{#7} Voice{#1 excess:1/8} too long
2025-07-28 07:03:27,381 INFO [This_Game#5]                Voice.java:257  | Measure{#7} Voice{#2 excess:1/8} too long
2025-07-28 07:03:27,382 INFO [This_Game#5]                Voice.java:257  | Measure{#10} Voice{#1 excess:5/16} too long
2025-07-28 07:03:27,382 INFO [This_Game#5]                Voice.java:257  | Measure{#14} Voice{#4 excess:1/16} too long
2025-07-28 07:03:27,382 INFO [This_Game#5]                Voice.java:257  | Measure{#17} Voice{#6 excess:3/8} too long
2025-07-28 07:03:27,382 INFO [This_Game#5]                Voice.java:257  | Measure{#17} Voice{#7 excess:3/8} too long
2025-07-28 07:03:27,383 INFO [This_Game#5]                Voice.java:257  | Measure{#22} Voice{#2 excess:1/8} too long
2025-07-28 07:03:27,383 INFO [This_Game#5]                Voice.java:257  | Measure{#22} Voice{#4 excess:1/4} too long
2025-07-28 07:03:27,383 INFO [This_Game#5]                Voice.java:257  | Measure{#22} Voice{#6 excess:1/2} too long
2025-07-28 07:03:27,384 INFO [This_Game#5]                 Book.java:2550 | Book{This_Game} storing
2025-07-28 07:03:27,434 INFO [This_Game#5]                 Book.java:2531 | Stored /book.xml
2025-07-28 07:03:27,522 INFO [This_Game#5]           DataHolder.java:348  | Stored /sheet#5/BINARY.png
2025-07-28 07:03:28,034 INFO [This_Game#5]                Sheet.java:1562 | Stored /sheet#5/sheet#5.xml
2025-07-28 07:03:28,035 INFO [This_Game#5]                 Book.java:2491 | Book stored as .\MXL\This_Game\This_Game.omr
2025-07-28 07:03:28,045 INFO [This_Game#5]            SheetStub.java:1644 | Disposed sheet#5
2025-07-28 07:03:28,089 INFO [This_Game#5]                 Book.java:2018 | End of Stub#5 memory: 38,376,288
2025-07-28 07:03:28,089 INFO [This_Game#6]       StepMonitoring.java:98   | LOAD
2025-07-28 07:03:28,129 INFO [This_Game#6]            SheetStub.java:1268 | Loaded image #6 2479x3508 from C:\Uni\OMR_Project\TOOL\PDF\This_Game.pdf
2025-07-28 07:03:28,130 INFO [This_Game#6]       StepMonitoring.java:98   | BINARY
2025-07-28 07:03:28,433 INFO [This_Game#6]       StepMonitoring.java:98   | SCALE
2025-07-28 07:03:28,436 INFO [This_Game#6]         ScaleBuilder.java:241  | Beam  guessed height:  9 -- 0.50 of 18 interline
2025-07-28 07:03:28,436 INFO [This_Game#6]         ScaleBuilder.java:264  | Beam measured height:  9 -- 0.31 of [5..18] range at 744% of needed quorum
2025-07-28 07:03:28,436 INFO [This_Game#6]            ScaleStep.java:65   | Scale{ interline(17,18,18) line(2,2,3) beam(9)}
2025-07-28 07:03:28,436 INFO [This_Game#6]       StepMonitoring.java:98   | GRID
2025-07-28 07:03:28,592 INFO [This_Game#6]       LinesRetriever.java:1500 | Global slope: 0.00000
2025-07-28 07:03:28,607 INFO [This_Game#6]    ClustersRetriever.java:328  | Retrieved raw line clusters: 14 of sizes [5] with interline(17,18,18)
2025-07-28 07:03:28,682 INFO [This_Game#6]            PeakGraph.java:310  | Systems: #1[1, 2] #2[3, 4] #3[5, 6] #4[7, 8] #5[9, 10] #6[11, 12] #7[13, 14]
2025-07-28 07:03:28,859 INFO [This_Game#6]        SystemManager.java:779  | 1 part along 7 systems
2025-07-28 07:03:28,860 INFO [This_Game#6]       StepMonitoring.java:98   | HEADERS
2025-07-28 07:03:29,536 INFO [This_Game#6]       StepMonitoring.java:98   | STEM_SEEDS
2025-07-28 07:03:29,567 INFO [This_Game#6]        StemSeedsStep.java:86   | stem(2 max:3)
2025-07-28 07:03:29,576 INFO [This_Game#6]       StepMonitoring.java:98   | BEAMS
2025-07-28 07:03:32,269 INFO [This_Game#6]       StepMonitoring.java:98   | LEDGERS
2025-07-28 07:03:32,429 INFO [This_Game#6]       StepMonitoring.java:98   | HEADS
2025-07-28 07:03:36,867 INFO [This_Game#6]        HeadSeedTally.java:235  | Scale information: HeadSeeds{NOTEHEAD_VOID[L:-0.6] NOTEHEAD_BLACK[L:-0.5,R:-0.5]}
2025-07-28 07:03:36,867 INFO [This_Game#6]       StepMonitoring.java:98   | STEMS
2025-07-28 07:03:37,613 INFO [This_Game#6]       StepMonitoring.java:98   | REDUCTION
2025-07-28 07:03:37,762 INFO [This_Game#6]        ReductionStep.java:105  | Stems free length median value: 62 pixels, 3.4 interlines
2025-07-28 07:03:37,765 INFO [This_Game#6]       StepMonitoring.java:98   | CUE_BEAMS
2025-07-28 07:03:37,765 INFO [This_Game#6]         CueBeamsStep.java:81   | Step CUE_BEAMS is skipped because small heads switch is off
2025-07-28 07:03:37,765 INFO [This_Game#6]       StepMonitoring.java:98   | TEXTS
2025-07-28 07:03:38,395 INFO [This_Game#6]       StepMonitoring.java:98   | MEASURES
2025-07-28 07:03:38,396 INFO [This_Game#6]                 Page.java:307  | 28 raw measures: [3 in system#1, 3 in system#2, 4 in system#3, 5 in system#4, 5 in system#5, 4 in system#6, 4 in system#7]
2025-07-28 07:03:38,396 INFO [This_Game#6]       StepMonitoring.java:98   | CHORDS
2025-07-28 07:03:38,404 INFO [This_Game#6]       StepMonitoring.java:98   | CURVES
2025-07-28 07:03:38,970 INFO [This_Game#6]         SlursBuilder.java:240  | Slurs: 69
2025-07-28 07:03:38,991 INFO [This_Game#6]      SegmentsBuilder.java:155  | Segments: 93
2025-07-28 07:03:38,996 INFO [This_Game#6]       StepMonitoring.java:98   | SYMBOLS
2025-07-28 07:03:39,864 INFO [This_Game#6]       StepMonitoring.java:98   | LINKS
2025-07-28 07:03:39,873 INFO [This_Game#6]        SentenceInter.java:461  | No chord near SentenceInter#12399{(0.669) staff:3 mFont:37 Direction} 129
2025-07-28 07:03:39,885 INFO [This_Game#6]        SymbolsLinker.java:257  | No chord linked to OctaveShiftInter#14325{(0.798) staff:5 OTTAVA ALTA}
2025-07-28 07:03:39,914 INFO [This_Game#6]        SentenceInter.java:461  | No chord near SentenceInter#12411{(0.708) staff:9 mFont:39 Direction} 141
2025-07-28 07:03:39,930 INFO [This_Game#6]        SentenceInter.java:461  | No chord near SentenceInter#12442{(0.689) staff:13 mFont:37 Direction} 150
2025-07-28 07:03:39,940 INFO [This_Game#6]       StepMonitoring.java:98   | RHYTHMS
2025-07-28 07:03:39,941 INFO [This_Game#6]           PageRhythm.java:199  | {Page#6.1} Time value reused from sheet#1
2025-07-28 07:03:39,950 INFO [This_Game#6]                Voice.java:257  | Measure{#3} Voice{#5 excess:1/8} too long
2025-07-28 07:03:39,950 INFO [This_Game#6]          StackRhythm.java:224  | S1 MeasureStack#3 no correct rhythm
2025-07-28 07:03:39,964 INFO [This_Game#6]                Voice.java:257  | Measure{#7} Voice{#6 excess:1/8} too long
2025-07-28 07:03:39,965 INFO [This_Game#6]          StackRhythm.java:224  | S3 MeasureStack#7 no correct rhythm
2025-07-28 07:03:39,972 INFO [This_Game#6]        MeasureRhythm.java:1045 | Measure{#8} No timeOffset for HeadChordInter#12702{(0.501/0.501) staff:6 slot#2 dur:1/4}
2025-07-28 07:03:39,973 INFO [This_Game#6]   AbstractChordInter.java:627  | Measure{#8} No timeOffset for HeadChordInter#12702{(0.501/0.501) staff:6 slot#2 dur:1/4}
2025-07-28 07:03:39,973 INFO [This_Game#6]   AbstractChordInter.java:627  | Measure{#8} No timeOffset for HeadChordInter#12704{(0.887/0.887) staff:6 slot#4 dur:1/16}
2025-07-28 07:03:39,974 INFO [This_Game#6]   AbstractChordInter.java:627  | Measure{#8} No timeOffset for HeadChordInter#12708{(0.883/0.883) staff:6 slot#8 dur:1/16}
2025-07-28 07:03:39,974 INFO [This_Game#6]   AbstractChordInter.java:627  | Measure{#8} No timeOffset for HeadChordInter#12712{(0.955/0.955) staff:6 slot#12 dur:1/16}
2025-07-28 07:03:39,975 INFO [This_Game#6]          StackRhythm.java:224  | S3 MeasureStack#8 no correct rhythm
2025-07-28 07:03:39,981 INFO [This_Game#6]        MeasureRhythm.java:1045 | Measure{#14} No timeOffset for HeadChordInter#12783{(0.922/0.922) staff:8 slot#2 dur:1/8}
2025-07-28 07:03:39,982 INFO [This_Game#6]   AbstractChordInter.java:627  | Measure{#14} No timeOffset for HeadChordInter#12783{(0.922/0.922) staff:8 slot#2 dur:1/8}
2025-07-28 07:03:39,982 INFO [This_Game#6]   AbstractChordInter.java:627  | Measure{#14} No timeOffset for HeadChordInter#12785{(0.927/0.927) staff:8 slot#4 dur:1/8}
2025-07-28 07:03:39,983 INFO [This_Game#6]        MeasureRhythm.java:1045 | Measure{#14} No timeOffset for HeadChordInter#12748{(0.893/0.893) staff:7 slot#5 dur:3/16}
2025-07-28 07:03:39,983 INFO [This_Game#6]          StackRhythm.java:224  | S4 MeasureStack#14 no correct rhythm
2025-07-28 07:03:39,985 INFO [This_Game#6]                Voice.java:257  | Measure{#15} Voice{#1 excess:1/4} too long
2025-07-28 07:03:39,985 INFO [This_Game#6]                Voice.java:257  | Measure{#15} Voice{#2 excess:1/8} too long
2025-07-28 07:03:39,985 INFO [This_Game#6]                Voice.java:257  | Measure{#15} Voice{#3 excess:1/4} too long
2025-07-28 07:03:39,986 INFO [This_Game#6]          StackRhythm.java:224  | S4 MeasureStack#15 no correct rhythm
2025-07-28 07:03:39,988 INFO [This_Game#6]        MeasureRhythm.java:1277 | Measure{#16} Time inconsistency in {3/8=[HeadChordInter#12803{(0.937/0.937) staff:9 slot#4 off:3/8 dur:1/8}], 7/16=[HeadChordInter#12840{(0.952/0.952) staff:10 slot#4 off:7/16 dur:1/8}]}
2025-07-28 07:03:39,990 INFO [This_Game#6]        MeasureRhythm.java:1277 | Measure{#17} Time inconsistency in {3/8=[HeadChordInter#12810{(0.892/0.892) staff:9 slot#5 off:3/8 dur:1/8}], 3/4=[HeadChordInter#12848{(0.928/0.928) staff:10 slot#5 off:3/4 dur:1/8}]}
2025-07-28 07:03:39,991 INFO [This_Game#6]        MeasureRhythm.java:1045 | Measure{#17} No timeOffset for HeadChordInter#12851{(0.944/0.944) staff:10 slot#8 dur:1/8}
2025-07-28 07:03:39,991 INFO [This_Game#6]                Voice.java:257  | Measure{#17} Voice{#5 excess:3/8} too long
2025-07-28 07:03:39,991 INFO [This_Game#6]                Voice.java:257  | Measure{#17} Voice{#2 excess:3/8} too long
2025-07-28 07:03:39,991 INFO [This_Game#6]                Voice.java:257  | Measure{#17} Voice{#7 excess:3/16} too long
2025-07-28 07:03:39,991 INFO [This_Game#6]          StackRhythm.java:224  | S5 MeasureStack#17 no correct rhythm
2025-07-28 07:03:39,994 INFO [This_Game#6]                Voice.java:257  | Measure{#19} Voice{#1 excess:1/2} too long
2025-07-28 07:03:39,995 INFO [This_Game#6]                Voice.java:257  | Measure{#19} Voice{#2 excess:1/4} too long
2025-07-28 07:03:39,995 INFO [This_Game#6]          StackRhythm.java:224  | S5 MeasureStack#19 no correct rhythm
2025-07-28 07:03:39,996 INFO [This_Game#6]                Voice.java:257  | Measure{#20} Voice{#5 excess:1/4} too long
2025-07-28 07:03:39,996 INFO [This_Game#6]          StackRhythm.java:224  | S5 MeasureStack#20 no correct rhythm
2025-07-28 07:03:40,007 INFO [This_Game#6]                Voice.java:257  | Measure{#26} Voice{#1 excess:1/8} too long
2025-07-28 07:03:40,008 INFO [This_Game#6]                Voice.java:257  | Measure{#26} Voice{#2 excess:1/8} too long
2025-07-28 07:03:40,008 INFO [This_Game#6]          StackRhythm.java:224  | S7 MeasureStack#26 no correct rhythm
2025-07-28 07:03:40,010 INFO [This_Game#6]        MeasureRhythm.java:1045 | Measure{#27} No timeOffset for HeadChordInter#12954{(0.930/0.930) staff:13 slot#7 dur:1/16}
2025-07-28 07:03:40,010 INFO [This_Game#6]        MeasureRhythm.java:1045 | Measure{#27} No timeOffset for HeadChordInter#12993{(0.948/0.948) staff:14 slot#7 dur:3/16}
2025-07-28 07:03:40,011 INFO [This_Game#6]   AbstractChordInter.java:627  | Measure{#27} No timeOffset for HeadChordInter#12957{(0.940/0.940) staff:13 slot#10 dur:1/16}
2025-07-28 07:03:40,011 INFO [This_Game#6]   AbstractChordInter.java:627  | Measure{#27} No timeOffset for HeadChordInter#12995{(0.910/0.910) staff:14 slot#13 dur:1/8}
2025-07-28 07:03:40,011 INFO [This_Game#6]          StackRhythm.java:224  | S7 MeasureStack#27 no correct rhythm
2025-07-28 07:03:40,014 INFO [This_Game#6]                Voice.java:257  | Measure{#28} Voice{#1 excess:1/8} too long
2025-07-28 07:03:40,014 INFO [This_Game#6]                Voice.java:257  | Measure{#28} Voice{#9 excess:1/8} too long
2025-07-28 07:03:40,015 INFO [This_Game#6]          StackRhythm.java:224  | S7 MeasureStack#28 no correct rhythm
2025-07-28 07:03:40,015 INFO [This_Game#6]       StepMonitoring.java:98   | PAGE
2025-07-28 07:03:40,017 INFO [This_Game#6]       SheetReduction.java:154  | Gutter. Different glyphs 6/7 StemInter#11801{(0.789/0.985) STEM} vs SlurInter#13011{(0.600/0.880) SLUR_ABOVE}
2025-07-28 07:03:40,018 INFO [This_Game#6]       SheetReduction.java:154  | Gutter. Different glyphs 6/7 BeamInter#3168{(0.691/0.972) BEAM} vs SlurInter#13011{(0.600/0.880) SLUR_ABOVE}
2025-07-28 07:03:40,019 INFO [This_Game#6]                Voice.java:257  | Measure{#3} Voice{#5 excess:1/8} too long
2025-07-28 07:03:40,019 INFO [This_Game#6]                Voice.java:257  | Measure{#7} Voice{#6 excess:1/8} too long
2025-07-28 07:03:40,020 INFO [This_Game#6]                Voice.java:257  | Measure{#15} Voice{#1 excess:1/4} too long
2025-07-28 07:03:40,020 INFO [This_Game#6]                Voice.java:257  | Measure{#15} Voice{#2 excess:1/8} too long
2025-07-28 07:03:40,020 INFO [This_Game#6]                Voice.java:257  | Measure{#15} Voice{#3 excess:1/4} too long
2025-07-28 07:03:40,020 INFO [This_Game#6]                Voice.java:257  | Measure{#17} Voice{#2 excess:3/8} too long
2025-07-28 07:03:40,020 INFO [This_Game#6]                Voice.java:257  | Measure{#17} Voice{#5 excess:3/8} too long
2025-07-28 07:03:40,020 INFO [This_Game#6]                Voice.java:257  | Measure{#17} Voice{#7 excess:3/16} too long
2025-07-28 07:03:40,021 INFO [This_Game#6]                Voice.java:257  | Measure{#19} Voice{#1 excess:1/2} too long
2025-07-28 07:03:40,021 INFO [This_Game#6]                Voice.java:257  | Measure{#19} Voice{#2 excess:1/4} too long
2025-07-28 07:03:40,021 INFO [This_Game#6]                Voice.java:257  | Measure{#20} Voice{#5 excess:1/4} too long
2025-07-28 07:03:40,021 INFO [This_Game#6]                Voice.java:257  | Measure{#26} Voice{#1 excess:1/8} too long
2025-07-28 07:03:40,022 INFO [This_Game#6]                Voice.java:257  | Measure{#26} Voice{#2 excess:1/8} too long
2025-07-28 07:03:40,022 INFO [This_Game#6]                Voice.java:257  | Measure{#28} Voice{#1 excess:1/8} too long
2025-07-28 07:03:40,022 INFO [This_Game#6]                Voice.java:257  | Measure{#28} Voice{#9 excess:1/8} too long
2025-07-28 07:03:40,023 INFO [This_Game#6]                 Book.java:2550 | Book{This_Game} storing
2025-07-28 07:03:40,090 INFO [This_Game#6]                 Book.java:2531 | Stored /book.xml
2025-07-28 07:03:40,205 INFO [This_Game#6]           DataHolder.java:348  | Stored /sheet#6/BINARY.png
2025-07-28 07:03:40,848 INFO [This_Game#6]                Sheet.java:1562 | Stored /sheet#6/sheet#6.xml
2025-07-28 07:03:40,848 INFO [This_Game#6]                 Book.java:2491 | Book stored as .\MXL\This_Game\This_Game.omr
2025-07-28 07:03:40,859 INFO [This_Game#6]            SheetStub.java:1644 | Disposed sheet#6
2025-07-28 07:03:40,903 INFO [This_Game#6]                 Book.java:2018 | End of Stub#6 memory: 38,308,184
2025-07-28 07:03:40,904 INFO [This_Game#7]       StepMonitoring.java:98   | LOAD
2025-07-28 07:03:40,941 INFO [This_Game#7]            SheetStub.java:1268 | Loaded image #7 2479x3508 from C:\Uni\OMR_Project\TOOL\PDF\This_Game.pdf
2025-07-28 07:03:40,941 INFO [This_Game#7]       StepMonitoring.java:98   | BINARY
2025-07-28 07:03:41,243 INFO [This_Game#7]       StepMonitoring.java:98   | SCALE
2025-07-28 07:03:41,246 INFO [This_Game#7]         ScaleBuilder.java:241  | Beam  guessed height:  9 -- 0.50 of 18 interline
2025-07-28 07:03:41,246 INFO [This_Game#7]         ScaleBuilder.java:264  | Beam measured height:  9 -- 0.31 of [5..18] range at 899% of needed quorum
2025-07-28 07:03:41,246 INFO [This_Game#7]            ScaleStep.java:65   | Scale{ interline(17,18,18) line(2,2,4) beam(9)}
2025-07-28 07:03:41,246 INFO [This_Game#7]       StepMonitoring.java:98   | GRID
2025-07-28 07:03:41,576 INFO [This_Game#7]       LinesRetriever.java:1500 | Global slope: 0.00000
2025-07-28 07:03:41,595 INFO [This_Game#7]    ClustersRetriever.java:328  | Retrieved raw line clusters: 14 of sizes [5] with interline(17,18,18)
2025-07-28 07:03:41,678 INFO [This_Game#7]            PeakGraph.java:310  | Systems: #1[1, 2] #2[3, 4] #3[5, 6] #4[7, 8] #5[9, 10] #6[11, 12] #7[13, 14]
2025-07-28 07:03:41,909 INFO [This_Game#7]        SystemManager.java:779  | 1 part along 7 systems
2025-07-28 07:03:41,909 INFO [This_Game#7]       StepMonitoring.java:98   | HEADERS
2025-07-28 07:03:42,796 INFO [This_Game#7]       StepMonitoring.java:98   | STEM_SEEDS
2025-07-28 07:03:42,828 INFO [This_Game#7]        StemSeedsStep.java:86   | stem(2 max:3)
2025-07-28 07:03:42,840 INFO [This_Game#7]       StepMonitoring.java:98   | BEAMS
2025-07-28 07:03:45,369 INFO [This_Game#7]       StepMonitoring.java:98   | LEDGERS
2025-07-28 07:03:45,552 INFO [This_Game#7]       StepMonitoring.java:98   | HEADS
2025-07-28 07:03:50,317 INFO [This_Game#7]        HeadSeedTally.java:235  | Scale information: HeadSeeds{NOTEHEAD_VOID[L:-0.6,R:-0.5] NOTEHEAD_BLACK[L:-0.5,R:-0.5]}
2025-07-28 07:03:50,318 INFO [This_Game#7]       StepMonitoring.java:98   | STEMS
2025-07-28 07:03:51,139 INFO [This_Game#7]       StepMonitoring.java:98   | REDUCTION
2025-07-28 07:03:51,306 INFO [This_Game#7]        ReductionStep.java:105  | Stems free length median value: 62 pixels, 3.4 interlines
2025-07-28 07:03:51,309 INFO [This_Game#7]       StepMonitoring.java:98   | CUE_BEAMS
2025-07-28 07:03:51,309 INFO [This_Game#7]         CueBeamsStep.java:81   | Step CUE_BEAMS is skipped because small heads switch is off
2025-07-28 07:03:51,309 INFO [This_Game#7]       StepMonitoring.java:98   | TEXTS
2025-07-28 07:03:51,985 INFO [This_Game#7]       StepMonitoring.java:98   | MEASURES
2025-07-28 07:03:51,986 INFO [This_Game#7]                 Page.java:307  | 23 raw measures: [4 in system#1, 3 in system#2, 4 in system#3, 3 in system#4, 3 in system#5, 3 in system#6, 3 in system#7]
2025-07-28 07:03:51,987 INFO [This_Game#7]       StepMonitoring.java:98   | CHORDS
2025-07-28 07:03:51,994 INFO [This_Game#7]       StepMonitoring.java:98   | CURVES
2025-07-28 07:03:52,496 INFO [This_Game#7]         SlursBuilder.java:240  | Slurs: 65
2025-07-28 07:03:52,506 INFO [This_Game#7]      SegmentsBuilder.java:155  | Segments: 54
2025-07-28 07:03:52,507 INFO [This_Game#7]       StepMonitoring.java:98   | SYMBOLS
2025-07-28 07:03:53,016 INFO [This_Game#7]       StepMonitoring.java:98   | LINKS
2025-07-28 07:03:53,017 INFO [This_Game#7]        SymbolsLinker.java:257  | No chord linked to OctaveShiftInter#13901{(0.579) staff:2 OTTAVA BASSA}
2025-07-28 07:03:53,017 INFO [This_Game#7]        SymbolsLinker.java:257  | No chord linked to OctaveShiftInter#13957{(0.771) staff:2 OTTAVA BASSA}
2025-07-28 07:03:53,026 INFO [This_Game#7]        SentenceInter.java:461  | No chord near SentenceInter#11865{(0.668) staff:3 mFont:38 Direction} 158
2025-07-28 07:03:53,026 INFO [This_Game#7]        SymbolsLinker.java:257  | No chord linked to OctaveShiftInter#14027{(0.579) staff:3 OTTAVA ALTA}
2025-07-28 07:03:53,027 INFO [This_Game#7]        SymbolsLinker.java:257  | No chord linked to OctaveShiftInter#14036{(0.782) staff:4 OTTAVA BASSA}
2025-07-28 07:03:53,047 INFO [This_Game#7]        SymbolsLinker.java:257  | No chord linked to OctaveShiftInter#14150{(0.434) staff:8 OTTAVA BASSA}
2025-07-28 07:03:53,056 INFO [This_Game#7]        SymbolsLinker.java:257  | No chord linked to OctaveShiftInter#14209{(0.434) staff:9 OTTAVA ALTA}
2025-07-28 07:03:53,066 INFO [This_Game#7]        SentenceInter.java:461  | No chord near SentenceInter#11887{(0.746) staff:11 mFont:39 Direction} 171
2025-07-28 07:03:53,073 INFO [This_Game#7]        SentenceInter.java:461  | No chord near SentenceInter#11934{(0.737) staff:13 mFont:37 Direction} 174
2025-07-28 07:03:53,073 INFO [This_Game#7]        SymbolsLinker.java:257  | No chord linked to OctaveShiftInter#14391{(0.797) staff:13 OTTAVA ALTA}
2025-07-28 07:03:53,083 INFO [This_Game#7]       StepMonitoring.java:98   | RHYTHMS
2025-07-28 07:03:53,084 INFO [This_Game#7]           PageRhythm.java:199  | {Page#7.1} Time value reused from sheet#1
2025-07-28 07:03:53,087 INFO [This_Game#7]   AbstractChordInter.java:627  | Measure{#1} No timeOffset for HeadChordInter#12002{(0.951/0.951) staff:1 slot#6 dur:1/16}
2025-07-28 07:03:53,087 INFO [This_Game#7]   AbstractChordInter.java:627  | Measure{#1} No timeOffset for HeadChordInter#12006{(0.939/0.939) staff:1 slot#10 dur:1/16}
2025-07-28 07:03:53,088 INFO [This_Game#7]          StackRhythm.java:224  | S1 MeasureStack#1 no correct rhythm
2025-07-28 07:03:53,089 INFO [This_Game#7]        MeasureRhythm.java:1277 | Measure{#2} Time inconsistency in {1/8=[HeadChordInter#12067{(0.891/0.891) staff:2 slot#3 off:1/8 dur:3/16}], 3/16=[HeadChordInter#12012{(0.929/0.929) staff:1 slot#3 off:3/16 dur:1/16}]}
2025-07-28 07:03:53,089 INFO [This_Game#7]                Voice.java:257  | Measure{#2} Voice{#5 excess:1/16} too long
2025-07-28 07:03:53,090 INFO [This_Game#7]          StackRhythm.java:224  | S1 MeasureStack#2 no correct rhythm
2025-07-28 07:03:53,093 INFO [This_Game#7]        MeasureRhythm.java:1277 | Measure{#3} Time inconsistency in {3/8=[HeadChordInter#12073{(0.903/0.903) staff:2 slot#7 off:3/8 dur:1/8}], 11/16=[HeadChordInter#12029{(0.954/0.954) staff:1 slot#7 off:11/16 dur:1/16}]}
2025-07-28 07:03:53,093 INFO [This_Game#7]        MeasureRhythm.java:1277 | Measure{#3} Time inconsistency in {1/2=[HeadChordInter#12076{(0.930/0.930) staff:2 slot#9 off:1/2 dur:1/8}], 13/16=[HeadChordInter#12075{(0.613/0.613) staff:2 slot#9 off:13/16 dur:1/2}], 15/16=[HeadChordInter#12034{(0.920/0.920) staff:1 slot#9 off:15/16 dur:1/8}]}
2025-07-28 07:03:53,093 INFO [This_Game#7]        MeasureRhythm.java:1277 | Measure{#3} Time inconsistency in {5/8=[HeadChordInter#12036{(0.927/0.927) staff:1 slot#11 off:5/8 dur:1/16}], 17/16=[HeadChordInter#12037{(0.901/0.901) staff:1 slot#11 off:17/16 dur:1/8}]}
2025-07-28 07:03:53,093 INFO [This_Game#7]                Voice.java:257  | Measure{#3} Voice{#1 excess:1/8} too long
2025-07-28 07:03:53,093 INFO [This_Game#7]                Voice.java:257  | Measure{#3} Voice{#3 excess:7/16} too long
2025-07-28 07:03:53,093 INFO [This_Game#7]                Voice.java:257  | Measure{#3} Voice{#6 excess:5/16} too long
2025-07-28 07:03:53,093 INFO [This_Game#7]                Voice.java:257  | Measure{#3} Voice{#7 excess:7/16} too long
2025-07-28 07:03:53,094 INFO [This_Game#7]          StackRhythm.java:224  | S1 MeasureStack#3 no correct rhythm
2025-07-28 07:03:53,107 INFO [This_Game#7]        MeasureRhythm.java:1045 | Measure{#8} No timeOffset for HeadChordInter#12174{(0.951/0.951) staff:5 slot#2 dur:1/16}
2025-07-28 07:03:53,107 INFO [This_Game#7]        MeasureRhythm.java:1045 | Measure{#8} No timeOffset for HeadChordInter#12173{(0.915/0.915) staff:5 slot#2 dur:1/16}
2025-07-28 07:03:53,107 INFO [This_Game#7]   AbstractChordInter.java:627  | Measure{#8} No timeOffset for HeadChordInter#12176{(0.953/0.953) staff:5 slot#3 dur:1/16}
2025-07-28 07:03:53,108 INFO [This_Game#7]   AbstractChordInter.java:627  | Measure{#8} No timeOffset for HeadChordInter#12175{(0.889/0.889) staff:5 slot#3 dur:1/16}
2025-07-28 07:03:53,108 INFO [This_Game#7]   AbstractChordInter.java:627  | Measure{#8} No timeOffset for HeadChordInter#12184{(0.931/0.931) staff:5 slot#7 dur:1/16}
2025-07-28 07:03:53,108 INFO [This_Game#7]   AbstractChordInter.java:627  | Measure{#8} No timeOffset for HeadChordInter#12183{(0.929/0.929) staff:5 slot#7 dur:1/16}
2025-07-28 07:03:53,108 INFO [This_Game#7]   AbstractChordInter.java:627  | Measure{#8} No timeOffset for HeadChordInter#12192{(0.927/0.927) staff:5 slot#11 dur:1/16}
2025-07-28 07:03:53,108 INFO [This_Game#7]   AbstractChordInter.java:627  | Measure{#8} No timeOffset for HeadChordInter#12191{(0.946/0.946) staff:5 slot#11 dur:1/16}
2025-07-28 07:03:53,115 INFO [This_Game#7]          StackRhythm.java:224  | S3 MeasureStack#8 no correct rhythm
2025-07-28 07:03:53,121 INFO [This_Game#7]        MeasureRhythm.java:1045 | Measure{#11} No timeOffset for HeadChordInter#12238{(0.915/0.915) staff:6 slot#2 dur:1/16}
2025-07-28 07:03:53,121 INFO [This_Game#7]   AbstractChordInter.java:627  | Measure{#11} No timeOffset for HeadChordInter#12241{(0.949/0.949) staff:6 slot#5 dur:1/8}
2025-07-28 07:03:53,121 INFO [This_Game#7]   AbstractChordInter.java:627  | Measure{#11} No timeOffset for HeadChordInter#12241{(0.949/0.949) staff:6 slot#5 dur:1/8}
2025-07-28 07:03:53,121 INFO [This_Game#7]   AbstractChordInter.java:627  | Measure{#11} No timeOffset for HeadChordInter#12241{(0.949/0.949) staff:6 slot#5 dur:1/8}
2025-07-28 07:03:53,121 INFO [This_Game#7]          StackRhythm.java:224  | S3 MeasureStack#11 no correct rhythm
2025-07-28 07:03:53,136 INFO [This_Game#7]                Voice.java:257  | Measure{#20} Voice{#1 excess:1/16} too long
2025-07-28 07:03:53,136 INFO [This_Game#7]                Voice.java:257  | Measure{#20} Voice{#5 excess:1/16} too long
2025-07-28 07:03:53,136 INFO [This_Game#7]          StackRhythm.java:224  | S6 MeasureStack#20 no correct rhythm
2025-07-28 07:03:53,142 INFO [This_Game#7]       StepMonitoring.java:98   | PAGE
2025-07-28 07:03:53,145 INFO [This_Game#7]                Voice.java:257  | Measure{#2} Voice{#5 excess:1/16} too long
2025-07-28 07:03:53,145 INFO [This_Game#7]                Voice.java:257  | Measure{#3} Voice{#1 excess:1/8} too long
2025-07-28 07:03:53,145 INFO [This_Game#7]                Voice.java:257  | Measure{#3} Voice{#3 excess:7/16} too long
2025-07-28 07:03:53,146 INFO [This_Game#7]                Voice.java:257  | Measure{#3} Voice{#6 excess:5/16} too long
2025-07-28 07:03:53,146 INFO [This_Game#7]                Voice.java:257  | Measure{#3} Voice{#7 excess:7/16} too long
2025-07-28 07:03:53,147 INFO [This_Game#7]                Voice.java:257  | Measure{#20} Voice{#1 excess:1/16} too long
2025-07-28 07:03:53,147 INFO [This_Game#7]                Voice.java:257  | Measure{#20} Voice{#5 excess:1/16} too long
2025-07-28 07:03:53,148 INFO [This_Game#7]                 Book.java:2550 | Book{This_Game} storing
2025-07-28 07:03:53,200 INFO [This_Game#7]                 Book.java:2531 | Stored /book.xml
2025-07-28 07:03:53,288 INFO [This_Game#7]           DataHolder.java:348  | Stored /sheet#7/BINARY.png
2025-07-28 07:03:53,856 INFO [This_Game#7]                Sheet.java:1562 | Stored /sheet#7/sheet#7.xml
2025-07-28 07:03:53,856 INFO [This_Game#7]                 Book.java:2491 | Book stored as .\MXL\This_Game\This_Game.omr
2025-07-28 07:03:53,867 INFO [This_Game#7]            SheetStub.java:1644 | Disposed sheet#7
2025-07-28 07:03:53,914 INFO [This_Game#7]                 Book.java:2018 | End of Stub#7 memory: 38,862,456
2025-07-28 07:03:53,914 INFO [This_Game]                 Book.java:2025 | Book processed.
2025-07-28 07:03:54,669 INFO [This_Game]            SheetStub.java:995  | Loaded /sheet#1/sheet#1.xml
2025-07-28 07:03:55,106 INFO [This_Game]            SheetStub.java:995  | Loaded /sheet#2/sheet#2.xml
2025-07-28 07:03:55,535 INFO [This_Game]            SheetStub.java:995  | Loaded /sheet#3/sheet#3.xml
2025-07-28 07:03:55,892 INFO [This_Game]            SheetStub.java:995  | Loaded /sheet#4/sheet#4.xml
2025-07-28 07:03:56,156 INFO [This_Game]            SheetStub.java:995  | Loaded /sheet#5/sheet#5.xml
2025-07-28 07:03:56,552 INFO [This_Game]            SheetStub.java:995  | Loaded /sheet#6/sheet#6.xml
2025-07-28 07:03:56,806 INFO [This_Game]            SheetStub.java:995  | Loaded /sheet#7/sheet#7.xml
2025-07-28 07:03:57,164 INFO [This_Game]      PartwiseBuilder.java:2661 | Exporting sheet(s): [#1#2#3#4#5#6#7]
2025-07-28 07:03:57,645 INFO [This_Game]        ScoreExporter.java:164  | Score This_Game exported to .\MXL\This_Game\This_Game.mxl
2025-07-28 07:03:57,721 INFO [This_Game]                Score.java:181  | Closing {Score 1}
