2025-07-02 06:17:12,848 ERROR [Fly-Me-To-The-Moon-Sheet-Music-Frank-Sinatra-SheetMusic-Free-com]              IOUtils.java:278  | Unmapping is not supported.
java.lang.reflect.InaccessibleObjectException: Unable to make public jdk.internal.ref.Cleaner java.nio.DirectByteBuffer.cleaner() accessible: module java.base does not "opens java.nio" to unnamed module @1a18644
	at java.base/java.lang.reflect.AccessibleObject.throwInaccessibleObjectException(Unknown Source)
	at java.base/java.lang.reflect.AccessibleObject.checkCanSetAccessible(Unknown Source)
	at java.base/java.lang.reflect.AccessibleObject.checkCanSetAccessible(Unknown Source)
	at java.base/java.lang.reflect.Method.checkCanSetAccessible(Unknown Source)
	at java.base/java.lang.reflect.Method.setAccessible(Unknown Source)
	at org.apache.pdfbox.io.IOUtils.unmapper(IOUtils.java:244)
	at java.base/java.security.AccessController.doPrivileged(Unknown Source)
	at org.apache.pdfbox.io.IOUtils.<clinit>(IOUtils.java:69)
	at org.apache.pdfbox.Loader.loadPDF(Loader.java:378)
	at org.audiveris.omr.image.ImageLoading.getPdfLoader(ImageLoading.java:159)
	at org.audiveris.omr.image.ImageLoading.getLoader(ImageLoading.java:209)
	at org.audiveris.omr.sheet.Book.createStubs(Book.java:557)
	at org.audiveris.omr.CLI$ProcessingTask.processBook(CLI.java:830)
	at org.audiveris.omr.CLI$CliTask.call(CLI.java:504)
	at org.audiveris.omr.Main.runBatchTasks(Main.java:371)
	at org.audiveris.omr.Main.main(Main.java:260)
	at Audiveris.main(Audiveris.java:50)
2025-07-02 06:17:12,978 INFO [Fly-Me-To-The-Moon-Sheet-Music-Frank-Sinatra-SheetMusic-Free-com]                 Book.java:562  | 4 sheets in C:\Users\alexa\Downloads\Fly-Me-To-The-Moon-Sheet-Music-Frank-Sinatra-SheetMusic-Free-com.pdf
2025-07-02 06:17:13,167 INFO []                 Book.java:2531 | Stored /book.xml
2025-07-02 06:17:13,167 INFO []                 Book.java:2491 | Book stored as .\MXL\Fly-Me-To-The-Moon-Sheet-Music-Frank-Sinatra-SheetMusic-Free-com\Fly-Me-To-The-Moon-Sheet-Music-Frank-Sinatra-SheetMusic-Free-com.omr
2025-07-02 06:17:13,175 INFO []                 Book.java:1933 | Book reaching PAGE on sheets:[#1#2#3#4]
2025-07-02 06:17:13,177 INFO [Fly-Me-To-The-Moon-Sheet-Music-Frank-Sinatra-SheetMusic-Free-com#1]       StepMonitoring.java:98   | LOAD
2025-07-02 06:17:14,344 INFO [Fly-Me-To-The-Moon-Sheet-Music-Frank-Sinatra-SheetMusic-Free-com#1]            SheetStub.java:1268 | Loaded image #1 2566x3208 from C:\Users\alexa\Downloads\Fly-Me-To-The-Moon-Sheet-Music-Frank-Sinatra-SheetMusic-Free-com.pdf
2025-07-02 06:17:14,348 INFO [Fly-Me-To-The-Moon-Sheet-Music-Frank-Sinatra-SheetMusic-Free-com#1]       StepMonitoring.java:98   | BINARY
2025-07-02 06:17:14,935 INFO [Fly-Me-To-The-Moon-Sheet-Music-Frank-Sinatra-SheetMusic-Free-com#1]       StepMonitoring.java:98   | SCALE
2025-07-02 06:17:14,977 INFO [Fly-Me-To-The-Moon-Sheet-Music-Frank-Sinatra-SheetMusic-Free-com#1]         ScaleBuilder.java:241  | Beam  guessed height:  8 -- 0.50 of 17 interline
2025-07-02 06:17:14,982 INFO [Fly-Me-To-The-Moon-Sheet-Music-Frank-Sinatra-SheetMusic-Free-com#1]         ScaleBuilder.java:264  | Beam measured height: 11 -- 0.45 of [6..17] range at 119% of needed quorum
2025-07-02 06:17:14,983 INFO [Fly-Me-To-The-Moon-Sheet-Music-Frank-Sinatra-SheetMusic-Free-com#1]            ScaleStep.java:65   | Scale{ interline(16,17,18) line(4,4,6) beam(11)}
2025-07-02 06:17:14,985 INFO [Fly-Me-To-The-Moon-Sheet-Music-Frank-Sinatra-SheetMusic-Free-com#1]       StepMonitoring.java:98   | GRID
2025-07-02 06:17:15,714 INFO [Fly-Me-To-The-Moon-Sheet-Music-Frank-Sinatra-SheetMusic-Free-com#1]       LinesRetriever.java:1500 | Global slope: 0.00000
2025-07-02 06:17:15,772 INFO [Fly-Me-To-The-Moon-Sheet-Music-Frank-Sinatra-SheetMusic-Free-com#1]    ClustersRetriever.java:328  | Retrieved raw line clusters: 8 of sizes [5] with interline(16,17,18)
2025-07-02 06:17:16,074 INFO [Fly-Me-To-The-Moon-Sheet-Music-Frank-Sinatra-SheetMusic-Free-com#1]            PeakGraph.java:310  | Systems: #1[1, 2] #2[3, 4, 5] #3[6, 7, 8]
2025-07-02 06:17:16,979 INFO [Fly-Me-To-The-Moon-Sheet-Music-Frank-Sinatra-SheetMusic-Free-com#1]        SystemManager.java:134  | Indentation detected for system #1
2025-07-02 06:17:16,982 INFO [Fly-Me-To-The-Moon-Sheet-Music-Frank-Sinatra-SheetMusic-Free-com#1]        SystemManager.java:779  | 2 parts along 3 systems
2025-07-02 06:17:16,982 INFO [Fly-Me-To-The-Moon-Sheet-Music-Frank-Sinatra-SheetMusic-Free-com#1]                 Book.java:545  | Created scores: [{Score 1}]
2025-07-02 06:17:16,983 INFO [Fly-Me-To-The-Moon-Sheet-Music-Frank-Sinatra-SheetMusic-Free-com#1]       StepMonitoring.java:98   | HEADERS
2025-07-02 06:17:17,468 INFO [Fly-Me-To-The-Moon-Sheet-Music-Frank-Sinatra-SheetMusic-Free-com#1]      BasicClassifier.java:277  | Classifier loaded XML norms.
2025-07-02 06:17:17,475 INFO [Fly-Me-To-The-Moon-Sheet-Music-Frank-Sinatra-SheetMusic-Free-com#1]   AbstractClassifier.java:396  | Classifier data loaded from default uri jar:file:/C:/Users/alexa/OneDrive/Desktop/PDF_to_MIDI/Audiveris/app/audiveris.jar!/res/basic-classifier.zip
2025-07-02 06:17:18,863 INFO [Fly-Me-To-The-Moon-Sheet-Music-Frank-Sinatra-SheetMusic-Free-com#1]       StepMonitoring.java:98   | STEM_SEEDS
2025-07-02 06:17:18,937 INFO [Fly-Me-To-The-Moon-Sheet-Music-Frank-Sinatra-SheetMusic-Free-com#1]        StemSeedsStep.java:86   | stem(5 max:7)
2025-07-02 06:17:19,067 INFO [Fly-Me-To-The-Moon-Sheet-Music-Frank-Sinatra-SheetMusic-Free-com#1]       StepMonitoring.java:98   | BEAMS
2025-07-02 06:17:22,279 INFO [Fly-Me-To-The-Moon-Sheet-Music-Frank-Sinatra-SheetMusic-Free-com#1]       StepMonitoring.java:98   | LEDGERS
2025-07-02 06:17:22,803 INFO [Fly-Me-To-The-Moon-Sheet-Music-Frank-Sinatra-SheetMusic-Free-com#1]       StepMonitoring.java:98   | HEADS
2025-07-02 06:17:26,443 INFO [Fly-Me-To-The-Moon-Sheet-Music-Frank-Sinatra-SheetMusic-Free-com#1]        HeadSeedTally.java:235  | Scale information: HeadSeeds{NOTEHEAD_BLACK[L:-0.6,R:-1.6]}
2025-07-02 06:17:26,444 INFO [Fly-Me-To-The-Moon-Sheet-Music-Frank-Sinatra-SheetMusic-Free-com#1]       StepMonitoring.java:98   | STEMS
2025-07-02 06:17:27,944 INFO [Fly-Me-To-The-Moon-Sheet-Music-Frank-Sinatra-SheetMusic-Free-com#1]       StepMonitoring.java:98   | REDUCTION
2025-07-02 06:17:28,216 INFO [Fly-Me-To-The-Moon-Sheet-Music-Frank-Sinatra-SheetMusic-Free-com#1]        ReductionStep.java:105  | Stems free length median value: 62 pixels, 3.6 interlines
2025-07-02 06:17:28,227 INFO [Fly-Me-To-The-Moon-Sheet-Music-Frank-Sinatra-SheetMusic-Free-com#1]       StepMonitoring.java:98   | CUE_BEAMS
2025-07-02 06:17:28,228 INFO [Fly-Me-To-The-Moon-Sheet-Music-Frank-Sinatra-SheetMusic-Free-com#1]         CueBeamsStep.java:81   | Step CUE_BEAMS is skipped because small heads switch is off
2025-07-02 06:17:28,230 INFO [Fly-Me-To-The-Moon-Sheet-Music-Frank-Sinatra-SheetMusic-Free-com#1]       StepMonitoring.java:98   | TEXTS
2025-07-02 06:17:30,077 INFO [Fly-Me-To-The-Moon-Sheet-Music-Frank-Sinatra-SheetMusic-Free-com#1]       StepMonitoring.java:98   | MEASURES
2025-07-02 06:17:30,101 INFO [Fly-Me-To-The-Moon-Sheet-Music-Frank-Sinatra-SheetMusic-Free-com#1]                 Page.java:307  | 11 raw measures: [4 in system#1, 4 in system#2, 3 in system#3]
2025-07-02 06:17:30,102 INFO [Fly-Me-To-The-Moon-Sheet-Music-Frank-Sinatra-SheetMusic-Free-com#1]       StepMonitoring.java:98   | CHORDS
2025-07-02 06:17:30,128 INFO [Fly-Me-To-The-Moon-Sheet-Music-Frank-Sinatra-SheetMusic-Free-com#1]       StepMonitoring.java:98   | CURVES
2025-07-02 06:17:31,719 INFO [Fly-Me-To-The-Moon-Sheet-Music-Frank-Sinatra-SheetMusic-Free-com#1]         SlursBuilder.java:240  | Slurs: 17
2025-07-02 06:17:31,740 INFO [Fly-Me-To-The-Moon-Sheet-Music-Frank-Sinatra-SheetMusic-Free-com#1]      SegmentsBuilder.java:155  | Segments: 3
2025-07-02 06:17:31,751 INFO [Fly-Me-To-The-Moon-Sheet-Music-Frank-Sinatra-SheetMusic-Free-com#1]       StepMonitoring.java:98   | SYMBOLS
2025-07-02 06:17:33,070 INFO [Fly-Me-To-The-Moon-Sheet-Music-Frank-Sinatra-SheetMusic-Free-com#1]       StepMonitoring.java:98   | LINKS
2025-07-02 06:17:33,134 INFO [Fly-Me-To-The-Moon-Sheet-Music-Frank-Sinatra-SheetMusic-Free-com#1]       StepMonitoring.java:98   | RHYTHMS
2025-07-02 06:17:33,199 INFO [Fly-Me-To-The-Moon-Sheet-Music-Frank-Sinatra-SheetMusic-Free-com#1]        MeasureRhythm.java:1045 | Measure{#6P2} No timeOffset for HeadChordInter#4845{(0.950/0.950) staff:5 slot#7 dur:1/4}
2025-07-02 06:17:33,199 INFO [Fly-Me-To-The-Moon-Sheet-Music-Frank-Sinatra-SheetMusic-Free-com#1]   AbstractChordInter.java:627  | Measure{#6P2} No timeOffset for HeadChordInter#4845{(0.950/0.950) staff:5 slot#7 dur:1/4}
2025-07-02 06:17:33,200 INFO [Fly-Me-To-The-Moon-Sheet-Music-Frank-Sinatra-SheetMusic-Free-com#1]                Voice.java:257  | Measure{#6P2} Voice{#1 excess:1/8} too long
2025-07-02 06:17:33,201 INFO [Fly-Me-To-The-Moon-Sheet-Music-Frank-Sinatra-SheetMusic-Free-com#1]          StackRhythm.java:224  | S2 MeasureStack#6 no correct rhythm
2025-07-02 06:17:33,210 INFO [Fly-Me-To-The-Moon-Sheet-Music-Frank-Sinatra-SheetMusic-Free-com#1]                Voice.java:257  | Measure{#8P2} Voice{#1 excess:1/8} too long
2025-07-02 06:17:33,210 INFO [Fly-Me-To-The-Moon-Sheet-Music-Frank-Sinatra-SheetMusic-Free-com#1]          StackRhythm.java:224  | S2 MeasureStack#8 no correct rhythm
2025-07-02 06:17:33,214 INFO [Fly-Me-To-The-Moon-Sheet-Music-Frank-Sinatra-SheetMusic-Free-com#1]                Voice.java:257  | Measure{#9P2} Voice{#1 excess:1/8} too long
2025-07-02 06:17:33,215 INFO [Fly-Me-To-The-Moon-Sheet-Music-Frank-Sinatra-SheetMusic-Free-com#1]                Voice.java:257  | Measure{#9P2} Voice{#6 excess:1/8} too long
2025-07-02 06:17:33,216 INFO [Fly-Me-To-The-Moon-Sheet-Music-Frank-Sinatra-SheetMusic-Free-com#1]          StackRhythm.java:224  | S3 MeasureStack#9 no correct rhythm
2025-07-02 06:17:33,225 INFO [Fly-Me-To-The-Moon-Sheet-Music-Frank-Sinatra-SheetMusic-Free-com#1]       StepMonitoring.java:98   | PAGE
2025-07-02 06:17:33,233 INFO [Fly-Me-To-The-Moon-Sheet-Music-Frank-Sinatra-SheetMusic-Free-com#1]                Voice.java:257  | Measure{#6P2} Voice{#1 excess:1/8} too long
2025-07-02 06:17:33,235 INFO [Fly-Me-To-The-Moon-Sheet-Music-Frank-Sinatra-SheetMusic-Free-com#1]                Voice.java:257  | Measure{#8P2} Voice{#1 excess:1/8} too long
2025-07-02 06:17:33,236 INFO [Fly-Me-To-The-Moon-Sheet-Music-Frank-Sinatra-SheetMusic-Free-com#1]                Voice.java:257  | Measure{#9P2} Voice{#1 excess:1/8} too long
2025-07-02 06:17:33,236 INFO [Fly-Me-To-The-Moon-Sheet-Music-Frank-Sinatra-SheetMusic-Free-com#1]                Voice.java:257  | Measure{#9P2} Voice{#6 excess:1/8} too long
2025-07-02 06:17:33,240 INFO [Fly-Me-To-The-Moon-Sheet-Music-Frank-Sinatra-SheetMusic-Free-com#1]                 Book.java:2550 | Book{Fly-Me-To-The-Moon-Sheet-Music-Frank-Sinatra-SheetMusic-Free-com} storing
2025-07-02 06:17:33,298 INFO [Fly-Me-To-The-Moon-Sheet-Music-Frank-Sinatra-SheetMusic-Free-com#1]                 Book.java:2531 | Stored /book.xml
2025-07-02 06:17:33,431 INFO [Fly-Me-To-The-Moon-Sheet-Music-Frank-Sinatra-SheetMusic-Free-com#1]           DataHolder.java:348  | Stored /sheet#1/BINARY.png
2025-07-02 06:17:34,190 INFO [Fly-Me-To-The-Moon-Sheet-Music-Frank-Sinatra-SheetMusic-Free-com#1]                Sheet.java:1562 | Stored /sheet#1/sheet#1.xml
2025-07-02 06:17:34,190 INFO [Fly-Me-To-The-Moon-Sheet-Music-Frank-Sinatra-SheetMusic-Free-com#1]                 Book.java:2491 | Book stored as .\MXL\Fly-Me-To-The-Moon-Sheet-Music-Frank-Sinatra-SheetMusic-Free-com\Fly-Me-To-The-Moon-Sheet-Music-Frank-Sinatra-SheetMusic-Free-com.omr
2025-07-02 06:17:34,196 INFO [Fly-Me-To-The-Moon-Sheet-Music-Frank-Sinatra-SheetMusic-Free-com#1]            SheetStub.java:1644 | Disposed sheet#1
2025-07-02 06:17:34,256 INFO [Fly-Me-To-The-Moon-Sheet-Music-Frank-Sinatra-SheetMusic-Free-com#1]                 Book.java:2018 | End of Stub#1 memory: 31,682,592
2025-07-02 06:17:34,256 INFO [Fly-Me-To-The-Moon-Sheet-Music-Frank-Sinatra-SheetMusic-Free-com#2]       StepMonitoring.java:98   | LOAD
2025-07-02 06:17:34,805 INFO [Fly-Me-To-The-Moon-Sheet-Music-Frank-Sinatra-SheetMusic-Free-com#2]            SheetStub.java:1268 | Loaded image #2 2556x3206 from C:\Users\alexa\Downloads\Fly-Me-To-The-Moon-Sheet-Music-Frank-Sinatra-SheetMusic-Free-com.pdf
2025-07-02 06:17:34,806 INFO [Fly-Me-To-The-Moon-Sheet-Music-Frank-Sinatra-SheetMusic-Free-com#2]       StepMonitoring.java:98   | BINARY
2025-07-02 06:17:35,199 INFO [Fly-Me-To-The-Moon-Sheet-Music-Frank-Sinatra-SheetMusic-Free-com#2]       StepMonitoring.java:98   | SCALE
2025-07-02 06:17:35,244 INFO [Fly-Me-To-The-Moon-Sheet-Music-Frank-Sinatra-SheetMusic-Free-com#2]         ScaleBuilder.java:241  | Beam  guessed height:  8 -- 0.50 of 17 interline
2025-07-02 06:17:35,245 INFO [Fly-Me-To-The-Moon-Sheet-Music-Frank-Sinatra-SheetMusic-Free-com#2]         ScaleBuilder.java:264  | Beam measured height: 11 -- 0.45 of [6..17] range at 183% of needed quorum
2025-07-02 06:17:35,246 INFO [Fly-Me-To-The-Moon-Sheet-Music-Frank-Sinatra-SheetMusic-Free-com#2]            ScaleStep.java:65   | Scale{ interline(16,17,18) line(4,5,6) beam(11)}
2025-07-02 06:17:35,247 INFO [Fly-Me-To-The-Moon-Sheet-Music-Frank-Sinatra-SheetMusic-Free-com#2]       StepMonitoring.java:98   | GRID
2025-07-02 06:17:35,746 INFO [Fly-Me-To-The-Moon-Sheet-Music-Frank-Sinatra-SheetMusic-Free-com#2]       LinesRetriever.java:1500 | Global slope: 0.00021
2025-07-02 06:17:35,780 INFO [Fly-Me-To-The-Moon-Sheet-Music-Frank-Sinatra-SheetMusic-Free-com#2]    ClustersRetriever.java:328  | Retrieved raw line clusters: 12 of sizes [5] with interline(16,17,18)
2025-07-02 06:17:36,305 INFO [Fly-Me-To-The-Moon-Sheet-Music-Frank-Sinatra-SheetMusic-Free-com#2]            PeakGraph.java:310  | Systems: #1[1, 2, 3] #2[4, 5, 6] #3[7, 8, 9] #4[10, 11, 12]
2025-07-02 06:17:37,295 INFO [Fly-Me-To-The-Moon-Sheet-Music-Frank-Sinatra-SheetMusic-Free-com#2]        SystemManager.java:779  | 2 parts along 4 systems
2025-07-02 06:17:37,296 INFO [Fly-Me-To-The-Moon-Sheet-Music-Frank-Sinatra-SheetMusic-Free-com#2]       StepMonitoring.java:98   | HEADERS
2025-07-02 06:17:37,709 INFO [Fly-Me-To-The-Moon-Sheet-Music-Frank-Sinatra-SheetMusic-Free-com#2]       StepMonitoring.java:98   | STEM_SEEDS
2025-07-02 06:17:37,767 INFO [Fly-Me-To-The-Moon-Sheet-Music-Frank-Sinatra-SheetMusic-Free-com#2]        StemSeedsStep.java:86   | stem(5 max:6)
2025-07-02 06:17:37,839 INFO [Fly-Me-To-The-Moon-Sheet-Music-Frank-Sinatra-SheetMusic-Free-com#2]       StepMonitoring.java:98   | BEAMS
2025-07-02 06:17:41,204 INFO [Fly-Me-To-The-Moon-Sheet-Music-Frank-Sinatra-SheetMusic-Free-com#2]       StepMonitoring.java:98   | LEDGERS
2025-07-02 06:17:42,001 INFO [Fly-Me-To-The-Moon-Sheet-Music-Frank-Sinatra-SheetMusic-Free-com#2]       StepMonitoring.java:98   | HEADS
2025-07-02 06:17:47,252 INFO [Fly-Me-To-The-Moon-Sheet-Music-Frank-Sinatra-SheetMusic-Free-com#2]        HeadSeedTally.java:235  | Scale information: HeadSeeds{NOTEHEAD_VOID[L:-1.4,R:-1.4] NOTEHEAD_BLACK[L:-0.5,R:-1.7]}
2025-07-02 06:17:47,253 INFO [Fly-Me-To-The-Moon-Sheet-Music-Frank-Sinatra-SheetMusic-Free-com#2]       StepMonitoring.java:98   | STEMS
2025-07-02 06:17:48,439 INFO [Fly-Me-To-The-Moon-Sheet-Music-Frank-Sinatra-SheetMusic-Free-com#2]       StepMonitoring.java:98   | REDUCTION
2025-07-02 06:17:48,576 INFO [Fly-Me-To-The-Moon-Sheet-Music-Frank-Sinatra-SheetMusic-Free-com#2]        ReductionStep.java:105  | Stems free length median value: 61 pixels, 3.6 interlines
2025-07-02 06:17:48,580 INFO [Fly-Me-To-The-Moon-Sheet-Music-Frank-Sinatra-SheetMusic-Free-com#2]       StepMonitoring.java:98   | CUE_BEAMS
2025-07-02 06:17:48,582 INFO [Fly-Me-To-The-Moon-Sheet-Music-Frank-Sinatra-SheetMusic-Free-com#2]         CueBeamsStep.java:81   | Step CUE_BEAMS is skipped because small heads switch is off
2025-07-02 06:17:48,582 INFO [Fly-Me-To-The-Moon-Sheet-Music-Frank-Sinatra-SheetMusic-Free-com#2]       StepMonitoring.java:98   | TEXTS
2025-07-02 06:17:49,941 INFO [Fly-Me-To-The-Moon-Sheet-Music-Frank-Sinatra-SheetMusic-Free-com#2]       StepMonitoring.java:98   | MEASURES
2025-07-02 06:17:49,943 INFO [Fly-Me-To-The-Moon-Sheet-Music-Frank-Sinatra-SheetMusic-Free-com#2]                 Page.java:307  | 14 raw measures: [3 in system#1, 3 in system#2, 4 in system#3, 4 in system#4]
2025-07-02 06:17:49,943 INFO [Fly-Me-To-The-Moon-Sheet-Music-Frank-Sinatra-SheetMusic-Free-com#2]       StepMonitoring.java:98   | CHORDS
2025-07-02 06:17:49,950 INFO [Fly-Me-To-The-Moon-Sheet-Music-Frank-Sinatra-SheetMusic-Free-com#2]       StepMonitoring.java:98   | CURVES
2025-07-02 06:17:51,090 INFO [Fly-Me-To-The-Moon-Sheet-Music-Frank-Sinatra-SheetMusic-Free-com#2]         SlursBuilder.java:240  | Slurs: 47
2025-07-02 06:17:51,099 INFO [Fly-Me-To-The-Moon-Sheet-Music-Frank-Sinatra-SheetMusic-Free-com#2]      SegmentsBuilder.java:155  | Segments: 11
2025-07-02 06:17:51,105 INFO [Fly-Me-To-The-Moon-Sheet-Music-Frank-Sinatra-SheetMusic-Free-com#2]       StepMonitoring.java:98   | SYMBOLS
2025-07-02 06:17:52,468 INFO [Fly-Me-To-The-Moon-Sheet-Music-Frank-Sinatra-SheetMusic-Free-com#2]       StepMonitoring.java:98   | LINKS
2025-07-02 06:17:52,501 INFO [Fly-Me-To-The-Moon-Sheet-Music-Frank-Sinatra-SheetMusic-Free-com#2]        SymbolsLinker.java:257  | No chord linked to OctaveShiftInter#10288{(0.164) staff:9 OTTAVA BASSA}
2025-07-02 06:17:52,555 INFO [Fly-Me-To-The-Moon-Sheet-Music-Frank-Sinatra-SheetMusic-Free-com#2]       StepMonitoring.java:98   | RHYTHMS
2025-07-02 06:17:52,555 INFO [Fly-Me-To-The-Moon-Sheet-Music-Frank-Sinatra-SheetMusic-Free-com#2]           PageRhythm.java:199  | {Page#2.1} Time value reused from sheet#1
2025-07-02 06:17:52,562 INFO [Fly-Me-To-The-Moon-Sheet-Music-Frank-Sinatra-SheetMusic-Free-com#2]                Voice.java:257  | Measure{#1P2} Voice{#1 excess:1/16} too long
2025-07-02 06:17:52,563 INFO [Fly-Me-To-The-Moon-Sheet-Music-Frank-Sinatra-SheetMusic-Free-com#2]          StackRhythm.java:224  | S1 MeasureStack#1 no correct rhythm
2025-07-02 06:17:52,582 INFO [Fly-Me-To-The-Moon-Sheet-Music-Frank-Sinatra-SheetMusic-Free-com#2]                Voice.java:257  | Measure{#6P2} Voice{#1 excess:1/4} too long
2025-07-02 06:17:52,582 INFO [Fly-Me-To-The-Moon-Sheet-Music-Frank-Sinatra-SheetMusic-Free-com#2]                Voice.java:257  | Measure{#6P2} Voice{#5 excess:3/4} too long
2025-07-02 06:17:52,583 INFO [Fly-Me-To-The-Moon-Sheet-Music-Frank-Sinatra-SheetMusic-Free-com#2]                Voice.java:257  | Measure{#6P2} Voice{#2 excess:3/8} too long
2025-07-02 06:17:52,583 INFO [Fly-Me-To-The-Moon-Sheet-Music-Frank-Sinatra-SheetMusic-Free-com#2]                Voice.java:257  | Measure{#6P2} Voice{#3 excess:3/4} too long
2025-07-02 06:17:52,584 INFO [Fly-Me-To-The-Moon-Sheet-Music-Frank-Sinatra-SheetMusic-Free-com#2]          StackRhythm.java:224  | S2 MeasureStack#6 no correct rhythm
2025-07-02 06:17:52,589 INFO [Fly-Me-To-The-Moon-Sheet-Music-Frank-Sinatra-SheetMusic-Free-com#2]                Voice.java:257  | Measure{#7P2} Voice{#2 excess:1/8} too long
2025-07-02 06:17:52,589 INFO [Fly-Me-To-The-Moon-Sheet-Music-Frank-Sinatra-SheetMusic-Free-com#2]          StackRhythm.java:224  | S3 MeasureStack#7 no correct rhythm
2025-07-02 06:17:52,597 INFO [Fly-Me-To-The-Moon-Sheet-Music-Frank-Sinatra-SheetMusic-Free-com#2]        MeasureRhythm.java:1045 | Measure{#10P2} No timeOffset for HeadChordInter#8694{(0.937/0.937) staff:8 slot#6 dur:1/4}
2025-07-02 06:17:52,597 INFO [Fly-Me-To-The-Moon-Sheet-Music-Frank-Sinatra-SheetMusic-Free-com#2]          StackRhythm.java:224  | S3 MeasureStack#10 no correct rhythm
2025-07-02 06:17:52,608 INFO [Fly-Me-To-The-Moon-Sheet-Music-Frank-Sinatra-SheetMusic-Free-com#2]       StepMonitoring.java:98   | PAGE
2025-07-02 06:17:52,609 INFO [Fly-Me-To-The-Moon-Sheet-Music-Frank-Sinatra-SheetMusic-Free-com#2]       SheetReduction.java:154  | Gutter. Different glyphs 2/3 WordInter#8352{(0.665/0.665) staff:6 TEXT "Fm7" font:BS-35} vs DynamicsInter#10252{(0.615/0.615) DYNAMICS_SF}
2025-07-02 06:17:52,609 INFO [Fly-Me-To-The-Moon-Sheet-Music-Frank-Sinatra-SheetMusic-Free-com#2]       SheetReduction.java:154  | Gutter. Different glyphs 2/3 WordInter#8354{(0.704/0.704) staff:6 TEXT "Dm7" font:BS-35} vs DynamicsInter#10326{(0.582/0.582) DYNAMICS_SF}
2025-07-02 06:17:52,610 INFO [Fly-Me-To-The-Moon-Sheet-Music-Frank-Sinatra-SheetMusic-Free-com#2]       SheetReduction.java:154  | Gutter. Different glyphs 3/4 WordInter#8431{(0.667/0.667) staff:9 TEXT "Cm7" font:BS-35} vs DynamicsInter#10362{(0.521/0.521) DYNAMICS_SF}
2025-07-02 06:17:52,610 INFO [Fly-Me-To-The-Moon-Sheet-Music-Frank-Sinatra-SheetMusic-Free-com#2]       SheetReduction.java:154  | Gutter. Different glyphs 3/4 WordInter#8429{(0.684/0.684) staff:9 TEXT "Fm7" font:BS-35} vs DynamicsInter#10384{(0.634/0.634) DYNAMICS_SF}
2025-07-02 06:17:52,611 INFO [Fly-Me-To-The-Moon-Sheet-Music-Frank-Sinatra-SheetMusic-Free-com#2]                Voice.java:257  | Measure{#1P2} Voice{#1 excess:1/16} too long
2025-07-02 06:17:52,611 INFO [Fly-Me-To-The-Moon-Sheet-Music-Frank-Sinatra-SheetMusic-Free-com#2]                Voice.java:257  | Measure{#6P2} Voice{#1 excess:1/4} too long
2025-07-02 06:17:52,611 INFO [Fly-Me-To-The-Moon-Sheet-Music-Frank-Sinatra-SheetMusic-Free-com#2]                Voice.java:257  | Measure{#6P2} Voice{#2 excess:3/8} too long
2025-07-02 06:17:52,611 INFO [Fly-Me-To-The-Moon-Sheet-Music-Frank-Sinatra-SheetMusic-Free-com#2]                Voice.java:257  | Measure{#6P2} Voice{#3 excess:3/4} too long
2025-07-02 06:17:52,612 INFO [Fly-Me-To-The-Moon-Sheet-Music-Frank-Sinatra-SheetMusic-Free-com#2]                Voice.java:257  | Measure{#6P2} Voice{#5 excess:3/4} too long
2025-07-02 06:17:52,612 INFO [Fly-Me-To-The-Moon-Sheet-Music-Frank-Sinatra-SheetMusic-Free-com#2]                Voice.java:257  | Measure{#7P2} Voice{#2 excess:1/8} too long
2025-07-02 06:17:52,613 INFO [Fly-Me-To-The-Moon-Sheet-Music-Frank-Sinatra-SheetMusic-Free-com#2]                 Book.java:2550 | Book{Fly-Me-To-The-Moon-Sheet-Music-Frank-Sinatra-SheetMusic-Free-com} storing
2025-07-02 06:17:52,679 INFO [Fly-Me-To-The-Moon-Sheet-Music-Frank-Sinatra-SheetMusic-Free-com#2]                 Book.java:2531 | Stored /book.xml
2025-07-02 06:17:52,807 INFO [Fly-Me-To-The-Moon-Sheet-Music-Frank-Sinatra-SheetMusic-Free-com#2]           DataHolder.java:348  | Stored /sheet#2/BINARY.png
2025-07-02 06:17:53,292 INFO [Fly-Me-To-The-Moon-Sheet-Music-Frank-Sinatra-SheetMusic-Free-com#2]                Sheet.java:1562 | Stored /sheet#2/sheet#2.xml
2025-07-02 06:17:53,292 INFO [Fly-Me-To-The-Moon-Sheet-Music-Frank-Sinatra-SheetMusic-Free-com#2]                 Book.java:2491 | Book stored as .\MXL\Fly-Me-To-The-Moon-Sheet-Music-Frank-Sinatra-SheetMusic-Free-com\Fly-Me-To-The-Moon-Sheet-Music-Frank-Sinatra-SheetMusic-Free-com.omr
2025-07-02 06:17:53,299 INFO [Fly-Me-To-The-Moon-Sheet-Music-Frank-Sinatra-SheetMusic-Free-com#2]            SheetStub.java:1644 | Disposed sheet#2
2025-07-02 06:17:53,353 INFO [Fly-Me-To-The-Moon-Sheet-Music-Frank-Sinatra-SheetMusic-Free-com#2]                 Book.java:2018 | End of Stub#2 memory: 31,754,816
2025-07-02 06:17:53,354 INFO [Fly-Me-To-The-Moon-Sheet-Music-Frank-Sinatra-SheetMusic-Free-com#3]       StepMonitoring.java:98   | LOAD
2025-07-02 06:17:53,846 INFO [Fly-Me-To-The-Moon-Sheet-Music-Frank-Sinatra-SheetMusic-Free-com#3]            SheetStub.java:1268 | Loaded image #3 2541x3200 from C:\Users\alexa\Downloads\Fly-Me-To-The-Moon-Sheet-Music-Frank-Sinatra-SheetMusic-Free-com.pdf
2025-07-02 06:17:53,846 INFO [Fly-Me-To-The-Moon-Sheet-Music-Frank-Sinatra-SheetMusic-Free-com#3]       StepMonitoring.java:98   | BINARY
2025-07-02 06:17:54,243 INFO [Fly-Me-To-The-Moon-Sheet-Music-Frank-Sinatra-SheetMusic-Free-com#3]       StepMonitoring.java:98   | SCALE
2025-07-02 06:17:54,249 INFO [Fly-Me-To-The-Moon-Sheet-Music-Frank-Sinatra-SheetMusic-Free-com#3]         ScaleBuilder.java:241  | Beam  guessed height:  8 -- 0.50 of 17 interline
2025-07-02 06:17:54,250 INFO [Fly-Me-To-The-Moon-Sheet-Music-Frank-Sinatra-SheetMusic-Free-com#3]         ScaleBuilder.java:264  | Beam measured height: 11 -- 0.45 of [6..17] range at 197% of needed quorum
2025-07-02 06:17:54,250 INFO [Fly-Me-To-The-Moon-Sheet-Music-Frank-Sinatra-SheetMusic-Free-com#3]            ScaleStep.java:65   | Scale{ interline(16,17,18) line(4,4,6) beam(11)}
2025-07-02 06:17:54,251 INFO [Fly-Me-To-The-Moon-Sheet-Music-Frank-Sinatra-SheetMusic-Free-com#3]       StepMonitoring.java:98   | GRID
2025-07-02 06:17:54,489 INFO [Fly-Me-To-The-Moon-Sheet-Music-Frank-Sinatra-SheetMusic-Free-com#3]       LinesRetriever.java:1500 | Global slope: 0.00000
2025-07-02 06:17:54,509 INFO [Fly-Me-To-The-Moon-Sheet-Music-Frank-Sinatra-SheetMusic-Free-com#3]    ClustersRetriever.java:328  | Retrieved raw line clusters: 12 of sizes [5] with interline(16,17,18)
2025-07-02 06:17:54,829 INFO [Fly-Me-To-The-Moon-Sheet-Music-Frank-Sinatra-SheetMusic-Free-com#3]            PeakGraph.java:310  | Systems: #1[1, 2, 3] #2[4, 5, 6] #3[7, 8, 9] #4[10, 11, 12]
2025-07-02 06:17:55,471 INFO [Fly-Me-To-The-Moon-Sheet-Music-Frank-Sinatra-SheetMusic-Free-com#3]        SystemManager.java:779  | 2 parts along 4 systems
2025-07-02 06:17:55,471 INFO [Fly-Me-To-The-Moon-Sheet-Music-Frank-Sinatra-SheetMusic-Free-com#3]       StepMonitoring.java:98   | HEADERS
2025-07-02 06:17:55,769 INFO [Fly-Me-To-The-Moon-Sheet-Music-Frank-Sinatra-SheetMusic-Free-com#3]       StepMonitoring.java:98   | STEM_SEEDS
2025-07-02 06:17:55,798 INFO [Fly-Me-To-The-Moon-Sheet-Music-Frank-Sinatra-SheetMusic-Free-com#3]        StemSeedsStep.java:86   | stem(5 max:6)
2025-07-02 06:17:55,822 INFO [Fly-Me-To-The-Moon-Sheet-Music-Frank-Sinatra-SheetMusic-Free-com#3]       StepMonitoring.java:98   | BEAMS
2025-07-02 06:17:58,599 INFO [Fly-Me-To-The-Moon-Sheet-Music-Frank-Sinatra-SheetMusic-Free-com#3]       StepMonitoring.java:98   | LEDGERS
2025-07-02 06:17:59,096 INFO [Fly-Me-To-The-Moon-Sheet-Music-Frank-Sinatra-SheetMusic-Free-com#3]       StepMonitoring.java:98   | HEADS
2025-07-02 06:18:03,661 INFO [Fly-Me-To-The-Moon-Sheet-Music-Frank-Sinatra-SheetMusic-Free-com#3]        HeadSeedTally.java:235  | Scale information: HeadSeeds{NOTEHEAD_VOID[L:-1.2,R:-1.6] NOTEHEAD_BLACK[L:-1.0,R:-1.6]}
2025-07-02 06:18:03,662 INFO [Fly-Me-To-The-Moon-Sheet-Music-Frank-Sinatra-SheetMusic-Free-com#3]       StepMonitoring.java:98   | STEMS
2025-07-02 06:18:04,742 INFO [Fly-Me-To-The-Moon-Sheet-Music-Frank-Sinatra-SheetMusic-Free-com#3]       StepMonitoring.java:98   | REDUCTION
2025-07-02 06:18:04,851 INFO [Fly-Me-To-The-Moon-Sheet-Music-Frank-Sinatra-SheetMusic-Free-com#3]        ReductionStep.java:105  | Stems free length median value: 61 pixels, 3.6 interlines
2025-07-02 06:18:04,853 INFO [Fly-Me-To-The-Moon-Sheet-Music-Frank-Sinatra-SheetMusic-Free-com#3]       StepMonitoring.java:98   | CUE_BEAMS
2025-07-02 06:18:04,855 INFO [Fly-Me-To-The-Moon-Sheet-Music-Frank-Sinatra-SheetMusic-Free-com#3]         CueBeamsStep.java:81   | Step CUE_BEAMS is skipped because small heads switch is off
2025-07-02 06:18:04,855 INFO [Fly-Me-To-The-Moon-Sheet-Music-Frank-Sinatra-SheetMusic-Free-com#3]       StepMonitoring.java:98   | TEXTS
2025-07-02 06:18:06,229 INFO [Fly-Me-To-The-Moon-Sheet-Music-Frank-Sinatra-SheetMusic-Free-com#3]       StepMonitoring.java:98   | MEASURES
2025-07-02 06:18:06,231 INFO [Fly-Me-To-The-Moon-Sheet-Music-Frank-Sinatra-SheetMusic-Free-com#3]      MeasuresBuilder.java:416  | S3 partial barline column: s8:G(x:601,y:1996)[93]
2025-07-02 06:18:06,231 INFO [Fly-Me-To-The-Moon-Sheet-Music-Frank-Sinatra-SheetMusic-Free-com#3]      MeasuresBuilder.java:420  | S3 deleting  minor column: s8:G(x:601,y:1996)[93]
2025-07-02 06:18:06,233 INFO [Fly-Me-To-The-Moon-Sheet-Music-Frank-Sinatra-SheetMusic-Free-com#3]                 Page.java:307  | 15 raw measures: [4 in system#1, 4 in system#2, 4 in system#3, 3 in system#4]
2025-07-02 06:18:06,233 INFO [Fly-Me-To-The-Moon-Sheet-Music-Frank-Sinatra-SheetMusic-Free-com#3]       StepMonitoring.java:98   | CHORDS
2025-07-02 06:18:06,242 INFO [Fly-Me-To-The-Moon-Sheet-Music-Frank-Sinatra-SheetMusic-Free-com#3]       StepMonitoring.java:98   | CURVES
2025-07-02 06:18:07,187 INFO [Fly-Me-To-The-Moon-Sheet-Music-Frank-Sinatra-SheetMusic-Free-com#3]         SlursBuilder.java:240  | Slurs: 50
2025-07-02 06:18:07,196 INFO [Fly-Me-To-The-Moon-Sheet-Music-Frank-Sinatra-SheetMusic-Free-com#3]      SegmentsBuilder.java:155  | Segments: 10
2025-07-02 06:18:07,213 INFO [Fly-Me-To-The-Moon-Sheet-Music-Frank-Sinatra-SheetMusic-Free-com#3]       StepMonitoring.java:98   | SYMBOLS
2025-07-02 06:18:08,390 INFO [Fly-Me-To-The-Moon-Sheet-Music-Frank-Sinatra-SheetMusic-Free-com#3]       StepMonitoring.java:98   | LINKS
2025-07-02 06:18:08,437 INFO [Fly-Me-To-The-Moon-Sheet-Music-Frank-Sinatra-SheetMusic-Free-com#3]       StepMonitoring.java:98   | RHYTHMS
2025-07-02 06:18:08,438 INFO [Fly-Me-To-The-Moon-Sheet-Music-Frank-Sinatra-SheetMusic-Free-com#3]           PageRhythm.java:199  | {Page#3.1} Time value reused from sheet#1
2025-07-02 06:18:08,446 INFO [Fly-Me-To-The-Moon-Sheet-Music-Frank-Sinatra-SheetMusic-Free-com#3]                Voice.java:257  | Measure{#3P2} Voice{#1 excess:1/8} too long
2025-07-02 06:18:08,446 INFO [Fly-Me-To-The-Moon-Sheet-Music-Frank-Sinatra-SheetMusic-Free-com#3]          StackRhythm.java:224  | S1 MeasureStack#3 no correct rhythm
2025-07-02 06:18:08,465 INFO [Fly-Me-To-The-Moon-Sheet-Music-Frank-Sinatra-SheetMusic-Free-com#3]        MeasureRhythm.java:1045 | Measure{#13P2} No timeOffset for HeadChordInter#8601{(0.911/0.911) staff:11 slot#2 dur:1/2}
2025-07-02 06:18:08,466 INFO [Fly-Me-To-The-Moon-Sheet-Music-Frank-Sinatra-SheetMusic-Free-com#3]   AbstractChordInter.java:627  | Measure{#13P2} No timeOffset for HeadChordInter#8601{(0.911/0.911) staff:11 slot#2 dur:1/2}
2025-07-02 06:18:08,466 INFO [Fly-Me-To-The-Moon-Sheet-Music-Frank-Sinatra-SheetMusic-Free-com#3]   AbstractChordInter.java:627  | Measure{#13P2} No timeOffset for HeadChordInter#8601{(0.911/0.911) staff:11 slot#2 dur:1/2}
2025-07-02 06:18:08,466 INFO [Fly-Me-To-The-Moon-Sheet-Music-Frank-Sinatra-SheetMusic-Free-com#3]   AbstractChordInter.java:627  | Measure{#13P2} No timeOffset for RestChordInter#10561{(0.785/0.785) staff:11 slot#5 dur:1/8}
2025-07-02 06:18:08,467 INFO [Fly-Me-To-The-Moon-Sheet-Music-Frank-Sinatra-SheetMusic-Free-com#3]   AbstractChordInter.java:627  | Measure{#13P2} No timeOffset for HeadChordInter#8603{(0.965/0.965) staff:11 slot#6 dur:1/4}
2025-07-02 06:18:08,467 INFO [Fly-Me-To-The-Moon-Sheet-Music-Frank-Sinatra-SheetMusic-Free-com#3]   AbstractChordInter.java:627  | Measure{#13P2} No timeOffset for HeadChordInter#8616{(0.941/0.941) staff:12 slot#7 dur:1/4}
2025-07-02 06:18:08,467 INFO [Fly-Me-To-The-Moon-Sheet-Music-Frank-Sinatra-SheetMusic-Free-com#3]        MeasureRhythm.java:1045 | Measure{#13P2} No timeOffset for HeadChordInter#8604{(0.945/0.945) staff:11 slot#8 dur:1/8}
2025-07-02 06:18:08,468 INFO [Fly-Me-To-The-Moon-Sheet-Music-Frank-Sinatra-SheetMusic-Free-com#3]                Voice.java:257  | Measure{#13P2} Voice{#5 excess:1/8} too long
2025-07-02 06:18:08,468 INFO [Fly-Me-To-The-Moon-Sheet-Music-Frank-Sinatra-SheetMusic-Free-com#3]          StackRhythm.java:224  | S4 MeasureStack#13 no correct rhythm
2025-07-02 06:18:08,471 INFO [Fly-Me-To-The-Moon-Sheet-Music-Frank-Sinatra-SheetMusic-Free-com#3]        MeasureRhythm.java:1045 | Measure{#14P2} No timeOffset for HeadChordInter#8606{(0.970/0.970) staff:11 slot#7 dur:3/8}
2025-07-02 06:18:08,471 INFO [Fly-Me-To-The-Moon-Sheet-Music-Frank-Sinatra-SheetMusic-Free-com#3]        MeasureRhythm.java:1045 | Measure{#14P2} No timeOffset for HeadChordInter#8623{(0.971/0.971) staff:12 slot#7 dur:1/4}
2025-07-02 06:18:08,472 INFO [Fly-Me-To-The-Moon-Sheet-Music-Frank-Sinatra-SheetMusic-Free-com#3]                Voice.java:257  | Measure{#14P2} Voice{#5 excess:1/8} too long
2025-07-02 06:18:08,472 INFO [Fly-Me-To-The-Moon-Sheet-Music-Frank-Sinatra-SheetMusic-Free-com#3]                Voice.java:257  | Measure{#14P2} Voice{#2 excess:1/8} too long
2025-07-02 06:18:08,472 INFO [Fly-Me-To-The-Moon-Sheet-Music-Frank-Sinatra-SheetMusic-Free-com#3]          StackRhythm.java:224  | S4 MeasureStack#14 no correct rhythm
2025-07-02 06:18:08,474 INFO [Fly-Me-To-The-Moon-Sheet-Music-Frank-Sinatra-SheetMusic-Free-com#3]       StepMonitoring.java:98   | PAGE
2025-07-02 06:18:08,475 INFO [Fly-Me-To-The-Moon-Sheet-Music-Frank-Sinatra-SheetMusic-Free-com#3]       SheetReduction.java:154  | Gutter. Different glyphs 1/2 WordInter#8243{(0.704/0.704) staff:3 TEXT "Fm7" font:BS-35} vs DynamicsInter#10183{(0.629/0.629) DYNAMICS_SF}
2025-07-02 06:18:08,476 INFO [Fly-Me-To-The-Moon-Sheet-Music-Frank-Sinatra-SheetMusic-Free-com#3]       SheetReduction.java:154  | Gutter. Different glyphs 1/2 ArticulationInter#10104{(0.799/0.869) STACCATO} vs EndingInter#9311{(0.768/0.940) staff:4 ENDING}
2025-07-02 06:18:08,476 INFO [Fly-Me-To-The-Moon-Sheet-Music-Frank-Sinatra-SheetMusic-Free-com#3]       SheetReduction.java:154  | Gutter. Different glyphs 1/2 DynamicsInter#10107{(0.684/0.684) DYNAMICS_SF} vs EndingInter#9311{(0.768/0.940) staff:4 ENDING}
2025-07-02 06:18:08,477 INFO [Fly-Me-To-The-Moon-Sheet-Music-Frank-Sinatra-SheetMusic-Free-com#3]       SheetReduction.java:154  | Gutter. Different glyphs 3/4 DynamicsInter#10363{(0.668/0.668) DYNAMICS_SF} vs EndingInter#9306{(0.778/0.953) staff:10 ENDING}
2025-07-02 06:18:08,479 INFO [Fly-Me-To-The-Moon-Sheet-Music-Frank-Sinatra-SheetMusic-Free-com#3]                Voice.java:257  | Measure{#3P2} Voice{#1 excess:1/8} too long
2025-07-02 06:18:08,479 INFO [Fly-Me-To-The-Moon-Sheet-Music-Frank-Sinatra-SheetMusic-Free-com#3]                Voice.java:257  | Measure{#13P2} Voice{#5 excess:1/8} too long
2025-07-02 06:18:08,480 INFO [Fly-Me-To-The-Moon-Sheet-Music-Frank-Sinatra-SheetMusic-Free-com#3]                Voice.java:257  | Measure{#14P2} Voice{#2 excess:1/8} too long
2025-07-02 06:18:08,480 INFO [Fly-Me-To-The-Moon-Sheet-Music-Frank-Sinatra-SheetMusic-Free-com#3]                Voice.java:257  | Measure{#14P2} Voice{#1 excess:1/8} too long
2025-07-02 06:18:08,480 INFO [Fly-Me-To-The-Moon-Sheet-Music-Frank-Sinatra-SheetMusic-Free-com#3]                 Book.java:2550 | Book{Fly-Me-To-The-Moon-Sheet-Music-Frank-Sinatra-SheetMusic-Free-com} storing
2025-07-02 06:18:08,546 INFO [Fly-Me-To-The-Moon-Sheet-Music-Frank-Sinatra-SheetMusic-Free-com#3]                 Book.java:2531 | Stored /book.xml
2025-07-02 06:18:08,642 INFO [Fly-Me-To-The-Moon-Sheet-Music-Frank-Sinatra-SheetMusic-Free-com#3]           DataHolder.java:348  | Stored /sheet#3/BINARY.png
2025-07-02 06:18:09,064 INFO [Fly-Me-To-The-Moon-Sheet-Music-Frank-Sinatra-SheetMusic-Free-com#3]                Sheet.java:1562 | Stored /sheet#3/sheet#3.xml
2025-07-02 06:18:09,064 INFO [Fly-Me-To-The-Moon-Sheet-Music-Frank-Sinatra-SheetMusic-Free-com#3]                 Book.java:2491 | Book stored as .\MXL\Fly-Me-To-The-Moon-Sheet-Music-Frank-Sinatra-SheetMusic-Free-com\Fly-Me-To-The-Moon-Sheet-Music-Frank-Sinatra-SheetMusic-Free-com.omr
2025-07-02 06:18:09,072 INFO [Fly-Me-To-The-Moon-Sheet-Music-Frank-Sinatra-SheetMusic-Free-com#3]            SheetStub.java:1644 | Disposed sheet#3
2025-07-02 06:18:09,126 INFO [Fly-Me-To-The-Moon-Sheet-Music-Frank-Sinatra-SheetMusic-Free-com#3]                 Book.java:2018 | End of Stub#3 memory: 31,906,104
2025-07-02 06:18:09,126 INFO [Fly-Me-To-The-Moon-Sheet-Music-Frank-Sinatra-SheetMusic-Free-com#4]       StepMonitoring.java:98   | LOAD
2025-07-02 06:18:09,619 INFO [Fly-Me-To-The-Moon-Sheet-Music-Frank-Sinatra-SheetMusic-Free-com#4]            SheetStub.java:1268 | Loaded image #4 2544x3191 from C:\Users\alexa\Downloads\Fly-Me-To-The-Moon-Sheet-Music-Frank-Sinatra-SheetMusic-Free-com.pdf
2025-07-02 06:18:09,619 INFO [Fly-Me-To-The-Moon-Sheet-Music-Frank-Sinatra-SheetMusic-Free-com#4]       StepMonitoring.java:98   | BINARY
2025-07-02 06:18:09,978 INFO [Fly-Me-To-The-Moon-Sheet-Music-Frank-Sinatra-SheetMusic-Free-com#4]       StepMonitoring.java:98   | SCALE
2025-07-02 06:18:09,981 INFO [Fly-Me-To-The-Moon-Sheet-Music-Frank-Sinatra-SheetMusic-Free-com#4]         ScaleBuilder.java:241  | Beam  guessed height:  8 -- 0.50 of 17 interline
2025-07-02 06:18:09,981 INFO [Fly-Me-To-The-Moon-Sheet-Music-Frank-Sinatra-SheetMusic-Free-com#4]         ScaleBuilder.java:264  | Beam measured height: 12 -- 0.55 of [6..17] range at 141% of needed quorum
2025-07-02 06:18:09,981 INFO [Fly-Me-To-The-Moon-Sheet-Music-Frank-Sinatra-SheetMusic-Free-com#4]            ScaleStep.java:65   | Scale{ interline(16,17,18) line(4,4,6) beam(12)}
2025-07-02 06:18:09,982 INFO [Fly-Me-To-The-Moon-Sheet-Music-Frank-Sinatra-SheetMusic-Free-com#4]       StepMonitoring.java:98   | GRID
2025-07-02 06:18:10,026 INFO [Fly-Me-To-The-Moon-Sheet-Music-Frank-Sinatra-SheetMusic-Free-com#4]       LinesRetriever.java:1500 | Global slope: 0.00000
2025-07-02 06:18:10,029 INFO [Fly-Me-To-The-Moon-Sheet-Music-Frank-Sinatra-SheetMusic-Free-com#4]    ClustersRetriever.java:328  | Retrieved raw line clusters: 3 of sizes [5] with interline(16,17,18)
2025-07-02 06:18:10,054 INFO [Fly-Me-To-The-Moon-Sheet-Music-Frank-Sinatra-SheetMusic-Free-com#4]            PeakGraph.java:310  | Systems: #1[1, 2, 3]
2025-07-02 06:18:10,173 INFO [Fly-Me-To-The-Moon-Sheet-Music-Frank-Sinatra-SheetMusic-Free-com#4]        SystemManager.java:779  | 2 parts along 1 system
2025-07-02 06:18:10,173 INFO [Fly-Me-To-The-Moon-Sheet-Music-Frank-Sinatra-SheetMusic-Free-com#4]       StepMonitoring.java:98   | HEADERS
2025-07-02 06:18:10,305 INFO [Fly-Me-To-The-Moon-Sheet-Music-Frank-Sinatra-SheetMusic-Free-com#4]       StepMonitoring.java:98   | STEM_SEEDS
2025-07-02 06:18:10,333 INFO [Fly-Me-To-The-Moon-Sheet-Music-Frank-Sinatra-SheetMusic-Free-com#4]        StemSeedsStep.java:86   | stem(5 max:6)
2025-07-02 06:18:10,338 INFO [Fly-Me-To-The-Moon-Sheet-Music-Frank-Sinatra-SheetMusic-Free-com#4]       StepMonitoring.java:98   | BEAMS
2025-07-02 06:18:13,257 INFO [Fly-Me-To-The-Moon-Sheet-Music-Frank-Sinatra-SheetMusic-Free-com#4]       StepMonitoring.java:98   | LEDGERS
2025-07-02 06:18:13,298 INFO [Fly-Me-To-The-Moon-Sheet-Music-Frank-Sinatra-SheetMusic-Free-com#4]       StepMonitoring.java:98   | HEADS
2025-07-02 06:18:14,611 INFO [Fly-Me-To-The-Moon-Sheet-Music-Frank-Sinatra-SheetMusic-Free-com#4]        HeadSeedTally.java:235  | Scale information: HeadSeeds{NOTEHEAD_BLACK[L:-0.8,R:-1.7]}
2025-07-02 06:18:14,612 INFO [Fly-Me-To-The-Moon-Sheet-Music-Frank-Sinatra-SheetMusic-Free-com#4]       StepMonitoring.java:98   | STEMS
2025-07-02 06:18:14,770 INFO [Fly-Me-To-The-Moon-Sheet-Music-Frank-Sinatra-SheetMusic-Free-com#4]       StepMonitoring.java:98   | REDUCTION
2025-07-02 06:18:14,779 INFO [Fly-Me-To-The-Moon-Sheet-Music-Frank-Sinatra-SheetMusic-Free-com#4]        ReductionStep.java:105  | Stems free length median value: 61 pixels, 3.6 interlines
2025-07-02 06:18:14,780 INFO [Fly-Me-To-The-Moon-Sheet-Music-Frank-Sinatra-SheetMusic-Free-com#4]       StepMonitoring.java:98   | CUE_BEAMS
2025-07-02 06:18:14,781 INFO [Fly-Me-To-The-Moon-Sheet-Music-Frank-Sinatra-SheetMusic-Free-com#4]         CueBeamsStep.java:81   | Step CUE_BEAMS is skipped because small heads switch is off
2025-07-02 06:18:14,781 INFO [Fly-Me-To-The-Moon-Sheet-Music-Frank-Sinatra-SheetMusic-Free-com#4]       StepMonitoring.java:98   | TEXTS
2025-07-02 06:18:15,236 INFO [Fly-Me-To-The-Moon-Sheet-Music-Frank-Sinatra-SheetMusic-Free-com#4]       StepMonitoring.java:98   | MEASURES
2025-07-02 06:18:15,237 INFO [Fly-Me-To-The-Moon-Sheet-Music-Frank-Sinatra-SheetMusic-Free-com#4]                 Page.java:307  | 4 raw measures: [4 in system#1]
2025-07-02 06:18:15,237 INFO [Fly-Me-To-The-Moon-Sheet-Music-Frank-Sinatra-SheetMusic-Free-com#4]       StepMonitoring.java:98   | CHORDS
2025-07-02 06:18:15,238 INFO [Fly-Me-To-The-Moon-Sheet-Music-Frank-Sinatra-SheetMusic-Free-com#4]       StepMonitoring.java:98   | CURVES
2025-07-02 06:18:15,649 INFO [Fly-Me-To-The-Moon-Sheet-Music-Frank-Sinatra-SheetMusic-Free-com#4]         SlursBuilder.java:240  | Slurs: 11
2025-07-02 06:18:15,651 INFO [Fly-Me-To-The-Moon-Sheet-Music-Frank-Sinatra-SheetMusic-Free-com#4]      SegmentsBuilder.java:155  | Segments: 3
2025-07-02 06:18:15,653 INFO [Fly-Me-To-The-Moon-Sheet-Music-Frank-Sinatra-SheetMusic-Free-com#4]       StepMonitoring.java:98   | SYMBOLS
2025-07-02 06:18:15,890 INFO [Fly-Me-To-The-Moon-Sheet-Music-Frank-Sinatra-SheetMusic-Free-com#4]       StepMonitoring.java:98   | LINKS
2025-07-02 06:18:15,897 INFO [Fly-Me-To-The-Moon-Sheet-Music-Frank-Sinatra-SheetMusic-Free-com#4]       StepMonitoring.java:98   | RHYTHMS
2025-07-02 06:18:15,898 INFO [Fly-Me-To-The-Moon-Sheet-Music-Frank-Sinatra-SheetMusic-Free-com#4]           PageRhythm.java:199  | {Page#4.1} Time value reused from sheet#1
2025-07-02 06:18:15,902 INFO [Fly-Me-To-The-Moon-Sheet-Music-Frank-Sinatra-SheetMusic-Free-com#4]       StepMonitoring.java:98   | PAGE
2025-07-02 06:18:15,903 INFO [Fly-Me-To-The-Moon-Sheet-Music-Frank-Sinatra-SheetMusic-Free-com#4]                 Book.java:2550 | Book{Fly-Me-To-The-Moon-Sheet-Music-Frank-Sinatra-SheetMusic-Free-com} storing
2025-07-02 06:18:15,943 INFO [Fly-Me-To-The-Moon-Sheet-Music-Frank-Sinatra-SheetMusic-Free-com#4]                 Book.java:2531 | Stored /book.xml
2025-07-02 06:18:16,020 INFO [Fly-Me-To-The-Moon-Sheet-Music-Frank-Sinatra-SheetMusic-Free-com#4]           DataHolder.java:348  | Stored /sheet#4/BINARY.png
2025-07-02 06:18:16,113 INFO [Fly-Me-To-The-Moon-Sheet-Music-Frank-Sinatra-SheetMusic-Free-com#4]                Sheet.java:1562 | Stored /sheet#4/sheet#4.xml
2025-07-02 06:18:16,113 INFO [Fly-Me-To-The-Moon-Sheet-Music-Frank-Sinatra-SheetMusic-Free-com#4]                 Book.java:2491 | Book stored as .\MXL\Fly-Me-To-The-Moon-Sheet-Music-Frank-Sinatra-SheetMusic-Free-com\Fly-Me-To-The-Moon-Sheet-Music-Frank-Sinatra-SheetMusic-Free-com.omr
2025-07-02 06:18:16,122 INFO [Fly-Me-To-The-Moon-Sheet-Music-Frank-Sinatra-SheetMusic-Free-com#4]            SheetStub.java:1644 | Disposed sheet#4
2025-07-02 06:18:16,174 INFO [Fly-Me-To-The-Moon-Sheet-Music-Frank-Sinatra-SheetMusic-Free-com#4]                 Book.java:2018 | End of Stub#4 memory: 31,925,832
2025-07-02 06:18:16,175 INFO [Fly-Me-To-The-Moon-Sheet-Music-Frank-Sinatra-SheetMusic-Free-com]                 Book.java:2025 | Book processed.
2025-07-02 06:18:16,744 INFO [Fly-Me-To-The-Moon-Sheet-Music-Frank-Sinatra-SheetMusic-Free-com]            SheetStub.java:995  | Loaded /sheet#1/sheet#1.xml
2025-07-02 06:18:17,325 INFO [Fly-Me-To-The-Moon-Sheet-Music-Frank-Sinatra-SheetMusic-Free-com]            SheetStub.java:995  | Loaded /sheet#2/sheet#2.xml
2025-07-02 06:18:17,834 INFO [Fly-Me-To-The-Moon-Sheet-Music-Frank-Sinatra-SheetMusic-Free-com]            SheetStub.java:995  | Loaded /sheet#3/sheet#3.xml
2025-07-02 06:18:17,975 INFO [Fly-Me-To-The-Moon-Sheet-Music-Frank-Sinatra-SheetMusic-Free-com]            SheetStub.java:995  | Loaded /sheet#4/sheet#4.xml
2025-07-02 06:18:18,487 INFO [Fly-Me-To-The-Moon-Sheet-Music-Frank-Sinatra-SheetMusic-Free-com]      PartwiseBuilder.java:2661 | Exporting sheet(s): [#1#2#3#4]
2025-07-02 06:18:18,488 INFO [Fly-Me-To-The-Moon-Sheet-Music-Frank-Sinatra-SheetMusic-Free-com]                 Part.java:351  | Sheet#1 System#1 Part#2{ staves[1,2] configs:[5,5]} dummyPart id: 1
2025-07-02 06:18:18,776 INFO [Fly-Me-To-The-Moon-Sheet-Music-Frank-Sinatra-SheetMusic-Free-com]        ScoreExporter.java:164  | Score Fly-Me-To-The-Moon-Sheet-Music-Frank-Sinatra-SheetMusic-Free-com exported to .\MXL\Fly-Me-To-The-Moon-Sheet-Music-Frank-Sinatra-SheetMusic-Free-com\Fly-Me-To-The-Moon-Sheet-Music-Frank-Sinatra-SheetMusic-Free-com.mxl
2025-07-02 06:18:18,842 INFO [Fly-Me-To-The-Moon-Sheet-Music-Frank-Sinatra-SheetMusic-Free-com]                Score.java:181  | Closing {Score 1}
