2025-07-02 06:42:47,623 ERROR [Tetris_theme_-_very_hard]              IOUtils.java:278  | Unmapping is not supported.
java.lang.reflect.InaccessibleObjectException: Unable to make public jdk.internal.ref.Cleaner java.nio.DirectByteBuffer.cleaner() accessible: module java.base does not "opens java.nio" to unnamed module @1a18644
	at java.base/java.lang.reflect.AccessibleObject.throwInaccessibleObjectException(Unknown Source)
	at java.base/java.lang.reflect.AccessibleObject.checkCanSetAccessible(Unknown Source)
	at java.base/java.lang.reflect.AccessibleObject.checkCanSetAccessible(Unknown Source)
	at java.base/java.lang.reflect.Method.checkCanSetAccessible(Unknown Source)
	at java.base/java.lang.reflect.Method.setAccessible(Unknown Source)
	at org.apache.pdfbox.io.IOUtils.unmapper(IOUtils.java:244)
	at java.base/java.security.AccessController.doPrivileged(Unknown Source)
	at org.apache.pdfbox.io.IOUtils.<clinit>(IOUtils.java:69)
	at org.apache.pdfbox.Loader.loadPDF(Loader.java:378)
	at org.audiveris.omr.image.ImageLoading.getPdfLoader(ImageLoading.java:159)
	at org.audiveris.omr.image.ImageLoading.getLoader(ImageLoading.java:209)
	at org.audiveris.omr.sheet.Book.createStubs(Book.java:557)
	at org.audiveris.omr.CLI$ProcessingTask.processBook(CLI.java:830)
	at org.audiveris.omr.CLI$CliTask.call(CLI.java:504)
	at org.audiveris.omr.Main.runBatchTasks(Main.java:371)
	at org.audiveris.omr.Main.main(Main.java:260)
	at Audiveris.main(Audiveris.java:50)
2025-07-02 06:42:47,691 INFO [Tetris_theme_-_very_hard]                 Book.java:562  | 2 sheets in C:\Users\alexa\Downloads\Tetris_theme_-_very_hard.pdf
2025-07-02 06:42:47,862 INFO []                 Book.java:2531 | Stored /book.xml
2025-07-02 06:42:47,863 INFO []                 Book.java:2491 | Book stored as .\MXL\Tetris_theme_-_very_hard\Tetris_theme_-_very_hard.omr
2025-07-02 06:42:47,869 INFO []                 Book.java:1933 | Book reaching PAGE on sheets:[#1#2]
2025-07-02 06:42:47,871 INFO [Tetris_theme_-_very_hard#1]       StepMonitoring.java:98   | LOAD
2025-07-02 06:42:48,411 INFO [Tetris_theme_-_very_hard#1]            SheetStub.java:1268 | Loaded image #1 2550x3299 from C:\Users\alexa\Downloads\Tetris_theme_-_very_hard.pdf
2025-07-02 06:42:48,417 INFO [Tetris_theme_-_very_hard#1]       StepMonitoring.java:98   | BINARY
2025-07-02 06:42:48,895 INFO [Tetris_theme_-_very_hard#1]       StepMonitoring.java:98   | SCALE
2025-07-02 06:42:48,923 INFO [Tetris_theme_-_very_hard#1]         ScaleBuilder.java:241  | Beam  guessed height: 10 -- 0.50 of 21 interline
2025-07-02 06:42:48,925 INFO [Tetris_theme_-_very_hard#1]         ScaleBuilder.java:264  | Beam measured height: 11 -- 0.33 of [6..21] range at 363% of needed quorum
2025-07-02 06:42:48,925 INFO [Tetris_theme_-_very_hard#1]            ScaleStep.java:65   | Scale{ interline(20,21,21) line(2,2,3) beam(11)}
2025-07-02 06:42:48,926 INFO [Tetris_theme_-_very_hard#1]       StepMonitoring.java:98   | GRID
2025-07-02 06:42:49,543 INFO [Tetris_theme_-_very_hard#1]       LinesRetriever.java:1500 | Global slope: 0.00000
2025-07-02 06:42:49,611 INFO [Tetris_theme_-_very_hard#1]    ClustersRetriever.java:328  | Retrieved raw line clusters: 10 of sizes [5] with interline(20,21,21)
2025-07-02 06:42:49,832 INFO [Tetris_theme_-_very_hard#1]            PeakGraph.java:310  | Systems: #1[1, 2] #2[3, 4] #3[5, 6] #4[7, 8] #5[9, 10]
2025-07-02 06:42:50,187 INFO [Tetris_theme_-_very_hard#1]        SystemManager.java:779  | 1 part along 5 systems
2025-07-02 06:42:50,188 INFO [Tetris_theme_-_very_hard#1]                 Book.java:545  | Created scores: [{Score 1}]
2025-07-02 06:42:50,189 INFO [Tetris_theme_-_very_hard#1]       StepMonitoring.java:98   | HEADERS
2025-07-02 06:42:50,534 INFO [Tetris_theme_-_very_hard#1]      BasicClassifier.java:277  | Classifier loaded XML norms.
2025-07-02 06:42:50,540 INFO [Tetris_theme_-_very_hard#1]   AbstractClassifier.java:396  | Classifier data loaded from default uri jar:file:/C:/Users/alexa/OneDrive/Desktop/PDF_to_MIDI/Audiveris/app/audiveris.jar!/res/basic-classifier.zip
2025-07-02 06:42:51,396 INFO [Tetris_theme_-_very_hard#1]       StepMonitoring.java:98   | STEM_SEEDS
2025-07-02 06:42:51,456 INFO [Tetris_theme_-_very_hard#1]        StemSeedsStep.java:86   | stem(2 max:2)
2025-07-02 06:42:51,538 INFO [Tetris_theme_-_very_hard#1]       StepMonitoring.java:98   | BEAMS
2025-07-02 06:42:55,166 INFO [Tetris_theme_-_very_hard#1]       StepMonitoring.java:98   | LEDGERS
2025-07-02 06:42:55,831 INFO [Tetris_theme_-_very_hard#1]       StepMonitoring.java:98   | HEADS
2025-07-02 06:43:02,854 INFO [Tetris_theme_-_very_hard#1]        HeadSeedTally.java:235  | Scale information: HeadSeeds{NOTEHEAD_VOID[L:-0.5,R:-0.4] NOTEHEAD_BLACK[L:-0.5,R:-0.5]}
2025-07-02 06:43:02,855 INFO [Tetris_theme_-_very_hard#1]       StepMonitoring.java:98   | STEMS
2025-07-02 06:43:05,179 INFO [Tetris_theme_-_very_hard#1]       StepMonitoring.java:98   | REDUCTION
2025-07-02 06:43:05,631 INFO [Tetris_theme_-_very_hard#1]        ReductionStep.java:105  | Stems free length median value: 71 pixels, 3.4 interlines
2025-07-02 06:43:05,638 INFO [Tetris_theme_-_very_hard#1]       StepMonitoring.java:98   | CUE_BEAMS
2025-07-02 06:43:05,639 INFO [Tetris_theme_-_very_hard#1]         CueBeamsStep.java:81   | Step CUE_BEAMS is skipped because small heads switch is off
2025-07-02 06:43:05,639 INFO [Tetris_theme_-_very_hard#1]       StepMonitoring.java:98   | TEXTS
2025-07-02 06:43:06,587 INFO [Tetris_theme_-_very_hard#1]       StepMonitoring.java:98   | MEASURES
2025-07-02 06:43:06,606 INFO [Tetris_theme_-_very_hard#1]                 Page.java:307  | 26 raw measures: [5 in system#1, 5 in system#2, 5 in system#3, 5 in system#4, 6 in system#5]
2025-07-02 06:43:06,606 INFO [Tetris_theme_-_very_hard#1]       StepMonitoring.java:98   | CHORDS
2025-07-02 06:43:06,645 INFO [Tetris_theme_-_very_hard#1]       StepMonitoring.java:98   | CURVES
2025-07-02 06:43:07,710 INFO [Tetris_theme_-_very_hard#1]         SlursBuilder.java:240  | Slurs: 2
2025-07-02 06:43:07,777 INFO [Tetris_theme_-_very_hard#1]      SegmentsBuilder.java:155  | Segments: 35
2025-07-02 06:43:07,788 INFO [Tetris_theme_-_very_hard#1]       StepMonitoring.java:98   | SYMBOLS
2025-07-02 06:43:08,467 INFO [Tetris_theme_-_very_hard#1]       StepMonitoring.java:98   | LINKS
2025-07-02 06:43:08,600 INFO [Tetris_theme_-_very_hard#1]       StepMonitoring.java:98   | RHYTHMS
2025-07-02 06:43:08,744 INFO [Tetris_theme_-_very_hard#1]        MeasureRhythm.java:1045 | Measure{#25} No timeOffset for HeadChordInter#9879{(0.948/0.948) staff:10 slot#3 dur:1/2}
2025-07-02 06:43:08,745 INFO [Tetris_theme_-_very_hard#1]   AbstractChordInter.java:627  | Measure{#25} No timeOffset for HeadChordInter#9879{(0.948/0.948) staff:10 slot#3 dur:1/2}
2025-07-02 06:43:08,747 INFO [Tetris_theme_-_very_hard#1]          StackRhythm.java:224  | S5 MeasureStack#25 no correct rhythm
2025-07-02 06:43:08,747 INFO [Tetris_theme_-_very_hard#1]       StepMonitoring.java:98   | PAGE
2025-07-02 06:43:08,762 INFO [Tetris_theme_-_very_hard#1]                 Book.java:2550 | Book{Tetris_theme_-_very_hard} storing
2025-07-02 06:43:08,831 INFO [Tetris_theme_-_very_hard#1]                 Book.java:2531 | Stored /book.xml
2025-07-02 06:43:08,984 INFO [Tetris_theme_-_very_hard#1]           DataHolder.java:348  | Stored /sheet#1/BINARY.png
2025-07-02 06:43:09,859 INFO [Tetris_theme_-_very_hard#1]                Sheet.java:1562 | Stored /sheet#1/sheet#1.xml
2025-07-02 06:43:09,860 INFO [Tetris_theme_-_very_hard#1]                 Book.java:2491 | Book stored as .\MXL\Tetris_theme_-_very_hard\Tetris_theme_-_very_hard.omr
2025-07-02 06:43:09,865 INFO [Tetris_theme_-_very_hard#1]            SheetStub.java:1644 | Disposed sheet#1
2025-07-02 06:43:09,927 INFO [Tetris_theme_-_very_hard#1]                 Book.java:2018 | End of Stub#1 memory: 38,349,736
2025-07-02 06:43:09,928 INFO [Tetris_theme_-_very_hard#2]       StepMonitoring.java:98   | LOAD
2025-07-02 06:43:10,083 INFO [Tetris_theme_-_very_hard#2]            SheetStub.java:1268 | Loaded image #2 2550x3299 from C:\Users\alexa\Downloads\Tetris_theme_-_very_hard.pdf
2025-07-02 06:43:10,084 INFO [Tetris_theme_-_very_hard#2]       StepMonitoring.java:98   | BINARY
2025-07-02 06:43:10,582 INFO [Tetris_theme_-_very_hard#2]       StepMonitoring.java:98   | SCALE
2025-07-02 06:43:10,604 INFO [Tetris_theme_-_very_hard#2]         ScaleBuilder.java:241  | Beam  guessed height: 10 -- 0.50 of 21 interline
2025-07-02 06:43:10,604 INFO [Tetris_theme_-_very_hard#2]         ScaleBuilder.java:264  | Beam measured height: 11 -- 0.33 of [6..21] range at 358% of needed quorum
2025-07-02 06:43:10,605 INFO [Tetris_theme_-_very_hard#2]            ScaleStep.java:65   | Scale{ interline(20,21,21) line(2,2,3) beam(11)}
2025-07-02 06:43:10,605 INFO [Tetris_theme_-_very_hard#2]       StepMonitoring.java:98   | GRID
2025-07-02 06:43:10,803 INFO [Tetris_theme_-_very_hard#2]       LinesRetriever.java:1500 | Global slope: 0.00000
2025-07-02 06:43:10,819 INFO [Tetris_theme_-_very_hard#2]    ClustersRetriever.java:328  | Retrieved raw line clusters: 8 of sizes [5] with interline(20,21,21)
2025-07-02 06:43:10,955 INFO [Tetris_theme_-_very_hard#2]            PeakGraph.java:310  | Systems: #1[1, 2] #2[3, 4] #3[5, 6] #4[7, 8]
2025-07-02 06:43:11,156 INFO [Tetris_theme_-_very_hard#2]        SystemManager.java:779  | 1 part along 4 systems
2025-07-02 06:43:11,156 INFO [Tetris_theme_-_very_hard#2]       StepMonitoring.java:98   | HEADERS
2025-07-02 06:43:11,337 INFO [Tetris_theme_-_very_hard#2]       StepMonitoring.java:98   | STEM_SEEDS
2025-07-02 06:43:11,385 INFO [Tetris_theme_-_very_hard#2]        StemSeedsStep.java:86   | stem(2 max:2)
2025-07-02 06:43:11,395 INFO [Tetris_theme_-_very_hard#2]       StepMonitoring.java:98   | BEAMS
2025-07-02 06:43:14,734 INFO [Tetris_theme_-_very_hard#2]       StepMonitoring.java:98   | LEDGERS
2025-07-02 06:43:14,894 INFO [Tetris_theme_-_very_hard#2]       StepMonitoring.java:98   | HEADS
2025-07-02 06:43:20,049 INFO [Tetris_theme_-_very_hard#2]        HeadSeedTally.java:235  | Scale information: HeadSeeds{NOTEHEAD_VOID[R:-0.5] NOTEHEAD_BLACK[L:-0.5,R:-0.6]}
2025-07-02 06:43:20,049 INFO [Tetris_theme_-_very_hard#2]       StepMonitoring.java:98   | STEMS
2025-07-02 06:43:21,000 INFO [Tetris_theme_-_very_hard#2]       StepMonitoring.java:98   | REDUCTION
2025-07-02 06:43:21,272 INFO [Tetris_theme_-_very_hard#2]        ReductionStep.java:105  | Stems free length median value: 63 pixels, 3.0 interlines
2025-07-02 06:43:21,276 INFO [Tetris_theme_-_very_hard#2]       StepMonitoring.java:98   | CUE_BEAMS
2025-07-02 06:43:21,276 INFO [Tetris_theme_-_very_hard#2]         CueBeamsStep.java:81   | Step CUE_BEAMS is skipped because small heads switch is off
2025-07-02 06:43:21,277 INFO [Tetris_theme_-_very_hard#2]       StepMonitoring.java:98   | TEXTS
2025-07-02 06:43:21,880 INFO [Tetris_theme_-_very_hard#2]       StepMonitoring.java:98   | MEASURES
2025-07-02 06:43:21,881 INFO [Tetris_theme_-_very_hard#2]                 Page.java:307  | 16 raw measures: [5 in system#1, 5 in system#2, 5 in system#3, 1 in system#4]
2025-07-02 06:43:21,882 INFO [Tetris_theme_-_very_hard#2]       StepMonitoring.java:98   | CHORDS
2025-07-02 06:43:21,891 INFO [Tetris_theme_-_very_hard#2]       StepMonitoring.java:98   | CURVES
2025-07-02 06:43:22,583 INFO [Tetris_theme_-_very_hard#2]         SlursBuilder.java:240  | Slurs: 0
2025-07-02 06:43:22,593 INFO [Tetris_theme_-_very_hard#2]      SegmentsBuilder.java:155  | Segments: 24
2025-07-02 06:43:22,594 INFO [Tetris_theme_-_very_hard#2]       StepMonitoring.java:98   | SYMBOLS
2025-07-02 06:43:22,940 INFO [Tetris_theme_-_very_hard#2]       StepMonitoring.java:98   | LINKS
2025-07-02 06:43:22,972 INFO [Tetris_theme_-_very_hard#2]       StepMonitoring.java:98   | RHYTHMS
2025-07-02 06:43:22,990 INFO [Tetris_theme_-_very_hard#2]                Voice.java:257  | Measure{#9} Voice{#2 excess:1/4} too long
2025-07-02 06:43:22,991 INFO [Tetris_theme_-_very_hard#2]          StackRhythm.java:224  | S2 MeasureStack#9 no correct rhythm
2025-07-02 06:43:23,005 INFO [Tetris_theme_-_very_hard#2]       StepMonitoring.java:98   | PAGE
2025-07-02 06:43:23,008 INFO [Tetris_theme_-_very_hard#2]                Voice.java:257  | Measure{#9} Voice{#2 excess:1/4} too long
2025-07-02 06:43:23,009 INFO [Tetris_theme_-_very_hard#2]                 Book.java:2550 | Book{Tetris_theme_-_very_hard} storing
2025-07-02 06:43:23,064 INFO [Tetris_theme_-_very_hard#2]                 Book.java:2531 | Stored /book.xml
2025-07-02 06:43:23,188 INFO [Tetris_theme_-_very_hard#2]           DataHolder.java:348  | Stored /sheet#2/BINARY.png
2025-07-02 06:43:23,552 INFO [Tetris_theme_-_very_hard#2]                Sheet.java:1562 | Stored /sheet#2/sheet#2.xml
2025-07-02 06:43:23,553 INFO [Tetris_theme_-_very_hard#2]                 Book.java:2491 | Book stored as .\MXL\Tetris_theme_-_very_hard\Tetris_theme_-_very_hard.omr
2025-07-02 06:43:23,559 INFO [Tetris_theme_-_very_hard#2]            SheetStub.java:1644 | Disposed sheet#2
2025-07-02 06:43:23,621 INFO [Tetris_theme_-_very_hard#2]                 Book.java:2018 | End of Stub#2 memory: 37,543,320
2025-07-02 06:43:23,622 INFO [Tetris_theme_-_very_hard]                 Book.java:2025 | Book processed.
2025-07-02 06:43:24,360 INFO [Tetris_theme_-_very_hard]            SheetStub.java:995  | Loaded /sheet#1/sheet#1.xml
2025-07-02 06:43:24,741 INFO [Tetris_theme_-_very_hard]            SheetStub.java:995  | Loaded /sheet#2/sheet#2.xml
2025-07-02 06:43:25,223 INFO [Tetris_theme_-_very_hard]      PartwiseBuilder.java:2661 | Exporting sheet(s): [#1#2]
2025-07-02 06:43:25,482 INFO [Tetris_theme_-_very_hard]        ScoreExporter.java:164  | Score Tetris_theme_-_very_hard exported to .\MXL\Tetris_theme_-_very_hard\Tetris_theme_-_very_hard.mxl
2025-07-02 06:43:25,549 INFO [Tetris_theme_-_very_hard]                Score.java:181  | Closing {Score 1}
