2025-07-02 06:25:55,471 ERROR [Tetris_theme_-_very_hard]              IOUtils.java:278  | Unmapping is not supported.
java.lang.reflect.InaccessibleObjectException: Unable to make public jdk.internal.ref.Cleaner java.nio.DirectByteBuffer.cleaner() accessible: module java.base does not "opens java.nio" to unnamed module @1a18644
	at java.base/java.lang.reflect.AccessibleObject.throwInaccessibleObjectException(Unknown Source)
	at java.base/java.lang.reflect.AccessibleObject.checkCanSetAccessible(Unknown Source)
	at java.base/java.lang.reflect.AccessibleObject.checkCanSetAccessible(Unknown Source)
	at java.base/java.lang.reflect.Method.checkCanSetAccessible(Unknown Source)
	at java.base/java.lang.reflect.Method.setAccessible(Unknown Source)
	at org.apache.pdfbox.io.IOUtils.unmapper(IOUtils.java:244)
	at java.base/java.security.AccessController.doPrivileged(Unknown Source)
	at org.apache.pdfbox.io.IOUtils.<clinit>(IOUtils.java:69)
	at org.apache.pdfbox.Loader.loadPDF(Loader.java:378)
	at org.audiveris.omr.image.ImageLoading.getPdfLoader(ImageLoading.java:159)
	at org.audiveris.omr.image.ImageLoading.getLoader(ImageLoading.java:209)
	at org.audiveris.omr.sheet.Book.createStubs(Book.java:557)
	at org.audiveris.omr.CLI$ProcessingTask.processBook(CLI.java:830)
	at org.audiveris.omr.CLI$CliTask.call(CLI.java:504)
	at org.audiveris.omr.Main.runBatchTasks(Main.java:371)
	at org.audiveris.omr.Main.main(Main.java:260)
	at Audiveris.main(Audiveris.java:50)
2025-07-02 06:25:55,531 INFO [Tetris_theme_-_very_hard]                 Book.java:562  | 2 sheets in C:\Users\alexa\Downloads\Tetris_theme_-_very_hard.pdf
2025-07-02 06:25:55,738 INFO []                 Book.java:2531 | Stored /book.xml
2025-07-02 06:25:55,738 INFO []                 Book.java:2491 | Book stored as .\MXL\Tetris_theme_-_very_hard\Tetris_theme_-_very_hard.omr
2025-07-02 06:25:55,744 INFO []                 Book.java:1933 | Book reaching PAGE on sheets:[#1#2]
2025-07-02 06:25:55,747 INFO [Tetris_theme_-_very_hard#1]       StepMonitoring.java:98   | LOAD
2025-07-02 06:25:56,389 INFO [Tetris_theme_-_very_hard#1]            SheetStub.java:1268 | Loaded image #1 2550x3299 from C:\Users\alexa\Downloads\Tetris_theme_-_very_hard.pdf
2025-07-02 06:25:56,394 INFO [Tetris_theme_-_very_hard#1]       StepMonitoring.java:98   | BINARY
2025-07-02 06:25:56,999 INFO [Tetris_theme_-_very_hard#1]       StepMonitoring.java:98   | SCALE
2025-07-02 06:25:57,047 INFO [Tetris_theme_-_very_hard#1]         ScaleBuilder.java:241  | Beam  guessed height: 10 -- 0.50 of 21 interline
2025-07-02 06:25:57,051 INFO [Tetris_theme_-_very_hard#1]         ScaleBuilder.java:264  | Beam measured height: 11 -- 0.33 of [6..21] range at 363% of needed quorum
2025-07-02 06:25:57,053 INFO [Tetris_theme_-_very_hard#1]            ScaleStep.java:65   | Scale{ interline(20,21,21) line(2,2,3) beam(11)}
2025-07-02 06:25:57,055 INFO [Tetris_theme_-_very_hard#1]       StepMonitoring.java:98   | GRID
2025-07-02 06:25:57,943 INFO [Tetris_theme_-_very_hard#1]       LinesRetriever.java:1500 | Global slope: 0.00000
2025-07-02 06:25:58,027 INFO [Tetris_theme_-_very_hard#1]    ClustersRetriever.java:328  | Retrieved raw line clusters: 10 of sizes [5] with interline(20,21,21)
2025-07-02 06:25:58,417 INFO [Tetris_theme_-_very_hard#1]            PeakGraph.java:310  | Systems: #1[1, 2] #2[3, 4] #3[5, 6] #4[7, 8] #5[9, 10]
2025-07-02 06:25:58,845 INFO [Tetris_theme_-_very_hard#1]        SystemManager.java:779  | 1 part along 5 systems
2025-07-02 06:25:58,846 INFO [Tetris_theme_-_very_hard#1]                 Book.java:545  | Created scores: [{Score 1}]
2025-07-02 06:25:58,846 INFO [Tetris_theme_-_very_hard#1]       StepMonitoring.java:98   | HEADERS
2025-07-02 06:25:59,189 INFO [Tetris_theme_-_very_hard#1]      BasicClassifier.java:277  | Classifier loaded XML norms.
2025-07-02 06:25:59,193 INFO [Tetris_theme_-_very_hard#1]   AbstractClassifier.java:396  | Classifier data loaded from default uri jar:file:/C:/Users/alexa/OneDrive/Desktop/PDF_to_MIDI/Audiveris/app/audiveris.jar!/res/basic-classifier.zip
2025-07-02 06:26:00,014 INFO [Tetris_theme_-_very_hard#1]       StepMonitoring.java:98   | STEM_SEEDS
2025-07-02 06:26:00,102 INFO [Tetris_theme_-_very_hard#1]        StemSeedsStep.java:86   | stem(2 max:2)
2025-07-02 06:26:00,185 INFO [Tetris_theme_-_very_hard#1]       StepMonitoring.java:98   | BEAMS
2025-07-02 06:26:04,341 INFO [Tetris_theme_-_very_hard#1]       StepMonitoring.java:98   | LEDGERS
2025-07-02 06:26:05,226 INFO [Tetris_theme_-_very_hard#1]       StepMonitoring.java:98   | HEADS
2025-07-02 06:26:12,845 INFO [Tetris_theme_-_very_hard#1]        HeadSeedTally.java:235  | Scale information: HeadSeeds{NOTEHEAD_VOID[L:-0.5,R:-0.4] NOTEHEAD_BLACK[L:-0.5,R:-0.5]}
2025-07-02 06:26:12,846 INFO [Tetris_theme_-_very_hard#1]       StepMonitoring.java:98   | STEMS
2025-07-02 06:26:14,977 INFO [Tetris_theme_-_very_hard#1]       StepMonitoring.java:98   | REDUCTION
2025-07-02 06:26:15,505 INFO [Tetris_theme_-_very_hard#1]        ReductionStep.java:105  | Stems free length median value: 71 pixels, 3.4 interlines
2025-07-02 06:26:15,512 INFO [Tetris_theme_-_very_hard#1]       StepMonitoring.java:98   | CUE_BEAMS
2025-07-02 06:26:15,513 INFO [Tetris_theme_-_very_hard#1]         CueBeamsStep.java:81   | Step CUE_BEAMS is skipped because small heads switch is off
2025-07-02 06:26:15,513 INFO [Tetris_theme_-_very_hard#1]       StepMonitoring.java:98   | TEXTS
2025-07-02 06:26:16,650 INFO [Tetris_theme_-_very_hard#1]       StepMonitoring.java:98   | MEASURES
2025-07-02 06:26:16,674 INFO [Tetris_theme_-_very_hard#1]                 Page.java:307  | 26 raw measures: [5 in system#1, 5 in system#2, 5 in system#3, 5 in system#4, 6 in system#5]
2025-07-02 06:26:16,674 INFO [Tetris_theme_-_very_hard#1]       StepMonitoring.java:98   | CHORDS
2025-07-02 06:26:16,745 INFO [Tetris_theme_-_very_hard#1]       StepMonitoring.java:98   | CURVES
2025-07-02 06:26:18,452 INFO [Tetris_theme_-_very_hard#1]         SlursBuilder.java:240  | Slurs: 2
2025-07-02 06:26:18,607 INFO [Tetris_theme_-_very_hard#1]      SegmentsBuilder.java:155  | Segments: 35
2025-07-02 06:26:18,626 INFO [Tetris_theme_-_very_hard#1]       StepMonitoring.java:98   | SYMBOLS
2025-07-02 06:26:19,430 INFO [Tetris_theme_-_very_hard#1]       StepMonitoring.java:98   | LINKS
2025-07-02 06:26:19,570 INFO [Tetris_theme_-_very_hard#1]       StepMonitoring.java:98   | RHYTHMS
2025-07-02 06:26:19,755 INFO [Tetris_theme_-_very_hard#1]        MeasureRhythm.java:1045 | Measure{#25} No timeOffset for HeadChordInter#9960{(0.948/0.948) staff:10 slot#3 dur:1/2}
2025-07-02 06:26:19,757 INFO [Tetris_theme_-_very_hard#1]   AbstractChordInter.java:627  | Measure{#25} No timeOffset for HeadChordInter#9960{(0.948/0.948) staff:10 slot#3 dur:1/2}
2025-07-02 06:26:19,758 INFO [Tetris_theme_-_very_hard#1]          StackRhythm.java:224  | S5 MeasureStack#25 no correct rhythm
2025-07-02 06:26:19,760 INFO [Tetris_theme_-_very_hard#1]       StepMonitoring.java:98   | PAGE
2025-07-02 06:26:19,778 INFO [Tetris_theme_-_very_hard#1]                 Book.java:2550 | Book{Tetris_theme_-_very_hard} storing
2025-07-02 06:26:19,860 INFO [Tetris_theme_-_very_hard#1]                 Book.java:2531 | Stored /book.xml
2025-07-02 06:26:20,106 INFO [Tetris_theme_-_very_hard#1]           DataHolder.java:348  | Stored /sheet#1/BINARY.png
2025-07-02 06:26:21,104 INFO [Tetris_theme_-_very_hard#1]                Sheet.java:1562 | Stored /sheet#1/sheet#1.xml
2025-07-02 06:26:21,104 INFO [Tetris_theme_-_very_hard#1]                 Book.java:2491 | Book stored as .\MXL\Tetris_theme_-_very_hard\Tetris_theme_-_very_hard.omr
2025-07-02 06:26:21,110 INFO [Tetris_theme_-_very_hard#1]            SheetStub.java:1644 | Disposed sheet#1
2025-07-02 06:26:21,179 INFO [Tetris_theme_-_very_hard#1]                 Book.java:2018 | End of Stub#1 memory: 38,348,536
2025-07-02 06:26:21,180 INFO [Tetris_theme_-_very_hard#2]       StepMonitoring.java:98   | LOAD
2025-07-02 06:26:21,277 INFO [Tetris_theme_-_very_hard#2]            SheetStub.java:1268 | Loaded image #2 2550x3299 from C:\Users\alexa\Downloads\Tetris_theme_-_very_hard.pdf
2025-07-02 06:26:21,278 INFO [Tetris_theme_-_very_hard#2]       StepMonitoring.java:98   | BINARY
2025-07-02 06:26:21,720 INFO [Tetris_theme_-_very_hard#2]       StepMonitoring.java:98   | SCALE
2025-07-02 06:26:21,747 INFO [Tetris_theme_-_very_hard#2]         ScaleBuilder.java:241  | Beam  guessed height: 10 -- 0.50 of 21 interline
2025-07-02 06:26:21,748 INFO [Tetris_theme_-_very_hard#2]         ScaleBuilder.java:264  | Beam measured height: 11 -- 0.33 of [6..21] range at 358% of needed quorum
2025-07-02 06:26:21,748 INFO [Tetris_theme_-_very_hard#2]            ScaleStep.java:65   | Scale{ interline(20,21,21) line(2,2,3) beam(11)}
2025-07-02 06:26:21,748 INFO [Tetris_theme_-_very_hard#2]       StepMonitoring.java:98   | GRID
2025-07-02 06:26:21,948 INFO [Tetris_theme_-_very_hard#2]       LinesRetriever.java:1500 | Global slope: 0.00000
2025-07-02 06:26:21,966 INFO [Tetris_theme_-_very_hard#2]    ClustersRetriever.java:328  | Retrieved raw line clusters: 8 of sizes [5] with interline(20,21,21)
2025-07-02 06:26:22,164 INFO [Tetris_theme_-_very_hard#2]            PeakGraph.java:310  | Systems: #1[1, 2] #2[3, 4] #3[5, 6] #4[7, 8]
2025-07-02 06:26:22,333 INFO [Tetris_theme_-_very_hard#2]        SystemManager.java:779  | 1 part along 4 systems
2025-07-02 06:26:22,334 INFO [Tetris_theme_-_very_hard#2]       StepMonitoring.java:98   | HEADERS
2025-07-02 06:26:22,636 INFO [Tetris_theme_-_very_hard#2]       StepMonitoring.java:98   | STEM_SEEDS
2025-07-02 06:26:22,675 INFO [Tetris_theme_-_very_hard#2]        StemSeedsStep.java:86   | stem(2 max:2)
2025-07-02 06:26:22,691 INFO [Tetris_theme_-_very_hard#2]       StepMonitoring.java:98   | BEAMS
2025-07-02 06:26:26,304 INFO [Tetris_theme_-_very_hard#2]       StepMonitoring.java:98   | LEDGERS
2025-07-02 06:26:26,482 INFO [Tetris_theme_-_very_hard#2]       StepMonitoring.java:98   | HEADS
2025-07-02 06:26:32,349 INFO [Tetris_theme_-_very_hard#2]        HeadSeedTally.java:235  | Scale information: HeadSeeds{NOTEHEAD_VOID[R:-0.5] NOTEHEAD_BLACK[L:-0.5,R:-0.6]}
2025-07-02 06:26:32,350 INFO [Tetris_theme_-_very_hard#2]       StepMonitoring.java:98   | STEMS
2025-07-02 06:26:33,282 INFO [Tetris_theme_-_very_hard#2]       StepMonitoring.java:98   | REDUCTION
2025-07-02 06:26:33,551 INFO [Tetris_theme_-_very_hard#2]        ReductionStep.java:105  | Stems free length median value: 63 pixels, 3.0 interlines
2025-07-02 06:26:33,555 INFO [Tetris_theme_-_very_hard#2]       StepMonitoring.java:98   | CUE_BEAMS
2025-07-02 06:26:33,555 INFO [Tetris_theme_-_very_hard#2]         CueBeamsStep.java:81   | Step CUE_BEAMS is skipped because small heads switch is off
2025-07-02 06:26:33,555 INFO [Tetris_theme_-_very_hard#2]       StepMonitoring.java:98   | TEXTS
2025-07-02 06:26:34,257 INFO [Tetris_theme_-_very_hard#2]       StepMonitoring.java:98   | MEASURES
2025-07-02 06:26:34,258 INFO [Tetris_theme_-_very_hard#2]                 Page.java:307  | 16 raw measures: [5 in system#1, 5 in system#2, 5 in system#3, 1 in system#4]
2025-07-02 06:26:34,258 INFO [Tetris_theme_-_very_hard#2]       StepMonitoring.java:98   | CHORDS
2025-07-02 06:26:34,267 INFO [Tetris_theme_-_very_hard#2]       StepMonitoring.java:98   | CURVES
2025-07-02 06:26:34,936 INFO [Tetris_theme_-_very_hard#2]         SlursBuilder.java:240  | Slurs: 0
2025-07-02 06:26:34,944 INFO [Tetris_theme_-_very_hard#2]      SegmentsBuilder.java:155  | Segments: 24
2025-07-02 06:26:34,944 INFO [Tetris_theme_-_very_hard#2]       StepMonitoring.java:98   | SYMBOLS
2025-07-02 06:26:35,319 INFO [Tetris_theme_-_very_hard#2]       StepMonitoring.java:98   | LINKS
2025-07-02 06:26:35,358 INFO [Tetris_theme_-_very_hard#2]       StepMonitoring.java:98   | RHYTHMS
2025-07-02 06:26:35,378 INFO [Tetris_theme_-_very_hard#2]                Voice.java:257  | Measure{#9} Voice{#2 excess:1/4} too long
2025-07-02 06:26:35,379 INFO [Tetris_theme_-_very_hard#2]          StackRhythm.java:224  | S2 MeasureStack#9 no correct rhythm
2025-07-02 06:26:35,395 INFO [Tetris_theme_-_very_hard#2]       StepMonitoring.java:98   | PAGE
2025-07-02 06:26:35,400 INFO [Tetris_theme_-_very_hard#2]                Voice.java:257  | Measure{#9} Voice{#2 excess:1/4} too long
2025-07-02 06:26:35,402 INFO [Tetris_theme_-_very_hard#2]                 Book.java:2550 | Book{Tetris_theme_-_very_hard} storing
2025-07-02 06:26:35,461 INFO [Tetris_theme_-_very_hard#2]                 Book.java:2531 | Stored /book.xml
2025-07-02 06:26:35,587 INFO [Tetris_theme_-_very_hard#2]           DataHolder.java:348  | Stored /sheet#2/BINARY.png
2025-07-02 06:26:36,030 INFO [Tetris_theme_-_very_hard#2]                Sheet.java:1562 | Stored /sheet#2/sheet#2.xml
2025-07-02 06:26:36,030 INFO [Tetris_theme_-_very_hard#2]                 Book.java:2491 | Book stored as .\MXL\Tetris_theme_-_very_hard\Tetris_theme_-_very_hard.omr
2025-07-02 06:26:36,040 INFO [Tetris_theme_-_very_hard#2]            SheetStub.java:1644 | Disposed sheet#2
2025-07-02 06:26:36,110 INFO [Tetris_theme_-_very_hard#2]                 Book.java:2018 | End of Stub#2 memory: 37,477,416
2025-07-02 06:26:36,111 INFO [Tetris_theme_-_very_hard]                 Book.java:2025 | Book processed.
2025-07-02 06:26:36,908 INFO [Tetris_theme_-_very_hard]            SheetStub.java:995  | Loaded /sheet#1/sheet#1.xml
2025-07-02 06:26:37,278 INFO [Tetris_theme_-_very_hard]            SheetStub.java:995  | Loaded /sheet#2/sheet#2.xml
2025-07-02 06:26:37,724 INFO [Tetris_theme_-_very_hard]      PartwiseBuilder.java:2661 | Exporting sheet(s): [#1#2]
2025-07-02 06:26:37,988 INFO [Tetris_theme_-_very_hard]        ScoreExporter.java:164  | Score Tetris_theme_-_very_hard exported to .\MXL\Tetris_theme_-_very_hard\Tetris_theme_-_very_hard.mxl
2025-07-02 06:26:38,060 INFO [Tetris_theme_-_very_hard]                Score.java:181  | Closing {Score 1}
