2025-07-02 06:07:28,634 ERROR [Clair_de_Lune-With_Chords]              IOUtils.java:278  | Unmapping is not supported.
java.lang.reflect.InaccessibleObjectException: Unable to make public jdk.internal.ref.Cleaner java.nio.DirectByteBuffer.cleaner() accessible: module java.base does not "opens java.nio" to unnamed module @1a18644
	at java.base/java.lang.reflect.AccessibleObject.throwInaccessibleObjectException(Unknown Source)
	at java.base/java.lang.reflect.AccessibleObject.checkCanSetAccessible(Unknown Source)
	at java.base/java.lang.reflect.AccessibleObject.checkCanSetAccessible(Unknown Source)
	at java.base/java.lang.reflect.Method.checkCanSetAccessible(Unknown Source)
	at java.base/java.lang.reflect.Method.setAccessible(Unknown Source)
	at org.apache.pdfbox.io.IOUtils.unmapper(IOUtils.java:244)
	at java.base/java.security.AccessController.doPrivileged(Unknown Source)
	at org.apache.pdfbox.io.IOUtils.<clinit>(IOUtils.java:69)
	at org.apache.pdfbox.Loader.loadPDF(Loader.java:378)
	at org.audiveris.omr.image.ImageLoading.getPdfLoader(ImageLoading.java:159)
	at org.audiveris.omr.image.ImageLoading.getLoader(ImageLoading.java:209)
	at org.audiveris.omr.sheet.Book.createStubs(Book.java:557)
	at org.audiveris.omr.CLI$ProcessingTask.processBook(CLI.java:830)
	at org.audiveris.omr.CLI$CliTask.call(CLI.java:504)
	at org.audiveris.omr.Main.runBatchTasks(Main.java:371)
	at org.audiveris.omr.Main.main(Main.java:260)
	at Audiveris.main(Audiveris.java:50)
2025-07-02 06:07:28,709 INFO [Clair_de_Lune-With_Chords]                 Book.java:562  | 2 sheets in C:\Users\alexa\Downloads\Clair_de_Lune-With_Chords.pdf
2025-07-02 06:07:28,906 INFO []                 Book.java:2531 | Stored /book.xml
2025-07-02 06:07:28,906 INFO []                 Book.java:2491 | Book stored as .\MXL\Clair_de_Lune-With_Chords\Clair_de_Lune-With_Chords.omr
2025-07-02 06:07:28,913 INFO []                 Book.java:1933 | Book reaching PAGE on sheets:[#1#2]
2025-07-02 06:07:28,916 INFO [Clair_de_Lune-With_Chords#1]       StepMonitoring.java:98   | LOAD
2025-07-02 06:07:29,512 INFO [Clair_de_Lune-With_Chords#1]            SheetStub.java:1268 | Loaded image #1 2479x3508 from C:\Users\alexa\Downloads\Clair_de_Lune-With_Chords.pdf
2025-07-02 06:07:29,521 INFO [Clair_de_Lune-With_Chords#1]       StepMonitoring.java:98   | BINARY
2025-07-02 06:07:30,029 INFO [Clair_de_Lune-With_Chords#1]       StepMonitoring.java:98   | SCALE
2025-07-02 06:07:30,062 INFO [Clair_de_Lune-With_Chords#1]         ScaleBuilder.java:241  | Beam  guessed height:  9 -- 0.50 of 18 interline
2025-07-02 06:07:30,063 INFO [Clair_de_Lune-With_Chords#1]         ScaleBuilder.java:264  | Beam measured height:  9 -- 0.31 of [5..18] range at 153% of needed quorum
2025-07-02 06:07:30,064 INFO [Clair_de_Lune-With_Chords#1]            ScaleStep.java:65   | Scale{ interline(18,18,19) line(2,2,3) beam(9)}
2025-07-02 06:07:30,065 INFO [Clair_de_Lune-With_Chords#1]       StepMonitoring.java:98   | GRID
2025-07-02 06:07:31,200 INFO [Clair_de_Lune-With_Chords#1]       LinesRetriever.java:1500 | Global slope: 0.00000
2025-07-02 06:07:31,309 INFO [Clair_de_Lune-With_Chords#1]    ClustersRetriever.java:328  | Retrieved raw line clusters: 12 of sizes [5] with interline(18,18,19)
2025-07-02 06:07:31,677 INFO [Clair_de_Lune-With_Chords#1]            PeakGraph.java:310  | Systems: #1[1, 2, 3] #2[4, 5, 6] #3[7, 8, 9] #4[10, 11, 12]
2025-07-02 06:07:32,826 INFO [Clair_de_Lune-With_Chords#1]        SystemManager.java:134  | Indentation detected for system #1
2025-07-02 06:07:32,829 INFO [Clair_de_Lune-With_Chords#1]        SystemManager.java:779  | 2 parts along 4 systems
2025-07-02 06:07:32,830 INFO [Clair_de_Lune-With_Chords#1]                 Book.java:545  | Created scores: [{Score 1}]
2025-07-02 06:07:32,831 INFO [Clair_de_Lune-With_Chords#1]       StepMonitoring.java:98   | HEADERS
2025-07-02 06:07:33,470 INFO [Clair_de_Lune-With_Chords#1]      BasicClassifier.java:277  | Classifier loaded XML norms.
2025-07-02 06:07:33,480 INFO [Clair_de_Lune-With_Chords#1]   AbstractClassifier.java:396  | Classifier data loaded from default uri jar:file:/C:/Users/alexa/OneDrive/Desktop/PDF_to_MIDI/Audiveris/app/audiveris.jar!/res/basic-classifier.zip
2025-07-02 06:07:35,900 INFO [Clair_de_Lune-With_Chords#1]       StepMonitoring.java:98   | STEM_SEEDS
2025-07-02 06:07:36,107 INFO [Clair_de_Lune-With_Chords#1]        StemSeedsStep.java:86   | stem(2 max:4)
2025-07-02 06:07:36,239 INFO [Clair_de_Lune-With_Chords#1]       StepMonitoring.java:98   | BEAMS
2025-07-02 06:07:39,587 INFO [Clair_de_Lune-With_Chords#1]       StepMonitoring.java:98   | LEDGERS
2025-07-02 06:07:40,101 INFO [Clair_de_Lune-With_Chords#1]       StepMonitoring.java:98   | HEADS
2025-07-02 06:07:45,589 INFO [Clair_de_Lune-With_Chords#1]        HeadSeedTally.java:235  | Scale information: HeadSeeds{NOTEHEAD_VOID[L:0.3,R:0.1] NOTEHEAD_BLACK[L:0.3,R:-0.2]}
2025-07-02 06:07:45,596 INFO [Clair_de_Lune-With_Chords#1]       StepMonitoring.java:98   | STEMS
2025-07-02 06:07:47,224 INFO [Clair_de_Lune-With_Chords#1]       StepMonitoring.java:98   | REDUCTION
2025-07-02 06:07:47,603 INFO [Clair_de_Lune-With_Chords#1]        ReductionStep.java:105  | Stems free length median value: 63 pixels, 3.5 interlines
2025-07-02 06:07:47,609 INFO [Clair_de_Lune-With_Chords#1]       StepMonitoring.java:98   | CUE_BEAMS
2025-07-02 06:07:47,609 INFO [Clair_de_Lune-With_Chords#1]         CueBeamsStep.java:81   | Step CUE_BEAMS is skipped because small heads switch is off
2025-07-02 06:07:47,609 INFO [Clair_de_Lune-With_Chords#1]       StepMonitoring.java:98   | TEXTS
2025-07-02 06:07:49,979 INFO [Clair_de_Lune-With_Chords#1]       StepMonitoring.java:98   | MEASURES
2025-07-02 06:07:50,006 INFO [Clair_de_Lune-With_Chords#1]                 Page.java:307  | 16 raw measures: [4 in system#1, 4 in system#2, 4 in system#3, 4 in system#4]
2025-07-02 06:07:50,007 INFO [Clair_de_Lune-With_Chords#1]       StepMonitoring.java:98   | CHORDS
2025-07-02 06:07:50,036 INFO [Clair_de_Lune-With_Chords#1]       StepMonitoring.java:98   | CURVES
2025-07-02 06:07:51,103 INFO [Clair_de_Lune-With_Chords#1]         SlursBuilder.java:240  | Slurs: 61
2025-07-02 06:07:51,202 INFO [Clair_de_Lune-With_Chords#1]      SegmentsBuilder.java:155  | Segments: 100
2025-07-02 06:07:51,214 INFO [Clair_de_Lune-With_Chords#1]       StepMonitoring.java:98   | SYMBOLS
2025-07-02 06:07:52,743 INFO [Clair_de_Lune-With_Chords#1]       StepMonitoring.java:98   | LINKS
2025-07-02 06:07:52,796 INFO [Clair_de_Lune-With_Chords#1]        SentenceInter.java:461  | No chord near SentenceInter#6732{(0.673) staff:7 mFont:S-43 Direction} To Coda
2025-07-02 06:07:52,799 INFO [Clair_de_Lune-With_Chords#1]        SymbolsLinker.java:257  | No chord linked to OctaveShiftInter#8635{(0.226) staff:9 QUINDICESIMA BASSA}
2025-07-02 06:07:52,818 INFO [Clair_de_Lune-With_Chords#1]        SentenceInter.java:461  | No chord near SentenceInter#6853{(0.700) staff:10 mFont:IS-49 Direction} slight rit.
2025-07-02 06:07:52,824 INFO [Clair_de_Lune-With_Chords#1]        SymbolsLinker.java:257  | No chord linked to OctaveShiftInter#8828{(0.226) staff:10 QUINDICESIMA ALTA}
2025-07-02 06:07:52,860 INFO [Clair_de_Lune-With_Chords#1]       StepMonitoring.java:98   | RHYTHMS
2025-07-02 06:07:52,937 INFO [Clair_de_Lune-With_Chords#1]                Voice.java:257  | Measure{#9P2} Voice{#5 excess:1/4} too long
2025-07-02 06:07:52,939 INFO [Clair_de_Lune-With_Chords#1]                Voice.java:257  | Measure{#9P2} Voice{#1 excess:1/4} too long
2025-07-02 06:07:52,941 INFO [Clair_de_Lune-With_Chords#1]          StackRhythm.java:224  | S3 MeasureStack#9 no correct rhythm
2025-07-02 06:07:52,944 INFO [Clair_de_Lune-With_Chords#1]        MeasureRhythm.java:1045 | Measure{#10P2} No timeOffset for HeadChordInter#7051{(0.957/0.957) staff:8 slot#2 dur:1/8}
2025-07-02 06:07:52,946 INFO [Clair_de_Lune-With_Chords#1]        MeasureRhythm.java:1045 | Measure{#10P2} No timeOffset for HeadChordInter#7065{(0.946/0.946) staff:9 slot#2 dur:1/4}
2025-07-02 06:07:52,948 INFO [Clair_de_Lune-With_Chords#1]   AbstractChordInter.java:627  | Measure{#10P2} No timeOffset for HeadChordInter#7051{(0.957/0.957) staff:8 slot#2 dur:1/8}
2025-07-02 06:07:52,949 INFO [Clair_de_Lune-With_Chords#1]   AbstractChordInter.java:627  | Measure{#10P2} No timeOffset for HeadChordInter#7065{(0.946/0.946) staff:9 slot#2 dur:1/4}
2025-07-02 06:07:52,949 INFO [Clair_de_Lune-With_Chords#1]   AbstractChordInter.java:627  | Measure{#10P2} No timeOffset for HeadChordInter#7052{(0.970/0.970) staff:8 slot#3 dur:1/4}
2025-07-02 06:07:52,950 INFO [Clair_de_Lune-With_Chords#1]   AbstractChordInter.java:627  | Measure{#10P2} No timeOffset for HeadChordInter#7065{(0.946/0.946) staff:9 slot#2 dur:1/4}
2025-07-02 06:07:52,950 INFO [Clair_de_Lune-With_Chords#1]   AbstractChordInter.java:627  | Measure{#10P2} No timeOffset for HeadChordInter#7052{(0.970/0.970) staff:8 slot#3 dur:1/4}
2025-07-02 06:07:52,951 INFO [Clair_de_Lune-With_Chords#1]   AbstractChordInter.java:627  | Measure{#10P2} No timeOffset for HeadChordInter#7066{(0.935/0.935) staff:9 slot#4 dur:1/8}
2025-07-02 06:07:52,951 INFO [Clair_de_Lune-With_Chords#1]   AbstractChordInter.java:627  | Measure{#10P2} No timeOffset for HeadChordInter#7053{(0.937/0.937) staff:8 slot#5 dur:3/4}
2025-07-02 06:07:52,951 INFO [Clair_de_Lune-With_Chords#1]   AbstractChordInter.java:627  | Measure{#10P2} No timeOffset for HeadChordInter#7067{(0.909/0.909) staff:9 slot#5 dur:3/8}
2025-07-02 06:07:52,952 INFO [Clair_de_Lune-With_Chords#1]                Voice.java:257  | Measure{#10P2} Voice{#5 excess:3/8} too long
2025-07-02 06:07:52,952 INFO [Clair_de_Lune-With_Chords#1]          StackRhythm.java:224  | S3 MeasureStack#10 no correct rhythm
2025-07-02 06:07:52,979 INFO [Clair_de_Lune-With_Chords#1]        MeasureRhythm.java:1045 | Measure{#15P2} No timeOffset for HeadChordInter#7104{(0.969/0.969) staff:11 slot#4 dur:1/8}
2025-07-02 06:07:52,980 INFO [Clair_de_Lune-With_Chords#1]   AbstractChordInter.java:627  | Measure{#15P2} No timeOffset for HeadChordInter#7107{(0.967/0.967) staff:11 slot#8 dur:1/8}
2025-07-02 06:07:52,982 INFO [Clair_de_Lune-With_Chords#1]   AbstractChordInter.java:627  | Measure{#15P2} No timeOffset for HeadChordInter#7107{(0.967/0.967) staff:11 slot#8 dur:1/8}
2025-07-02 06:07:52,983 INFO [Clair_de_Lune-With_Chords#1]        MeasureRhythm.java:1045 | Measure{#15P2} No timeOffset for HeadChordInter#7132{(0.985/0.985) staff:12 slot#9 dur:1/8}
2025-07-02 06:07:52,984 INFO [Clair_de_Lune-With_Chords#1]                Voice.java:257  | Measure{#15P2} Voice{#5 excess:1/8} too long
2025-07-02 06:07:52,985 INFO [Clair_de_Lune-With_Chords#1]          StackRhythm.java:224  | S4 MeasureStack#15 no correct rhythm
2025-07-02 06:07:52,989 INFO [Clair_de_Lune-With_Chords#1]       StepMonitoring.java:98   | PAGE
2025-07-02 06:07:52,999 INFO [Clair_de_Lune-With_Chords#1]                Voice.java:257  | Measure{#9P3} Voice{#1 excess:1/4} too long
2025-07-02 06:07:52,999 INFO [Clair_de_Lune-With_Chords#1]                Voice.java:257  | Measure{#9P3} Voice{#5 excess:1/4} too long
2025-07-02 06:07:53,001 INFO [Clair_de_Lune-With_Chords#1]                Voice.java:257  | Measure{#10P3} Voice{#5 excess:3/8} too long
2025-07-02 06:07:53,001 INFO [Clair_de_Lune-With_Chords#1]                Voice.java:257  | Measure{#15P3} Voice{#5 excess:1/8} too long
2025-07-02 06:07:53,005 INFO [Clair_de_Lune-With_Chords#1]                 Book.java:2550 | Book{Clair_de_Lune-With_Chords} storing
2025-07-02 06:07:53,082 INFO [Clair_de_Lune-With_Chords#1]                 Book.java:2531 | Stored /book.xml
2025-07-02 06:07:53,237 INFO [Clair_de_Lune-With_Chords#1]           DataHolder.java:348  | Stored /sheet#1/BINARY.png
2025-07-02 06:07:54,255 INFO [Clair_de_Lune-With_Chords#1]                Sheet.java:1562 | Stored /sheet#1/sheet#1.xml
2025-07-02 06:07:54,256 INFO [Clair_de_Lune-With_Chords#1]                 Book.java:2491 | Book stored as .\MXL\Clair_de_Lune-With_Chords\Clair_de_Lune-With_Chords.omr
2025-07-02 06:07:54,264 INFO [Clair_de_Lune-With_Chords#1]            SheetStub.java:1644 | Disposed sheet#1
2025-07-02 06:07:54,337 INFO [Clair_de_Lune-With_Chords#1]                 Book.java:2018 | End of Stub#1 memory: 38,444,056
2025-07-02 06:07:54,338 INFO [Clair_de_Lune-With_Chords#2]       StepMonitoring.java:98   | LOAD
2025-07-02 06:07:54,494 INFO [Clair_de_Lune-With_Chords#2]            SheetStub.java:1268 | Loaded image #2 2479x3508 from C:\Users\alexa\Downloads\Clair_de_Lune-With_Chords.pdf
2025-07-02 06:07:54,495 INFO [Clair_de_Lune-With_Chords#2]       StepMonitoring.java:98   | BINARY
2025-07-02 06:07:54,942 INFO [Clair_de_Lune-With_Chords#2]       StepMonitoring.java:98   | SCALE
2025-07-02 06:07:54,970 INFO [Clair_de_Lune-With_Chords#2]         ScaleBuilder.java:241  | Beam  guessed height:  9 -- 0.50 of 18 interline
2025-07-02 06:07:54,970 INFO [Clair_de_Lune-With_Chords#2]         ScaleBuilder.java:264  | Beam measured height:  9 -- 0.31 of [5..18] range at 254% of needed quorum
2025-07-02 06:07:54,970 INFO [Clair_de_Lune-With_Chords#2]            ScaleStep.java:65   | Scale{ interline(18,18,19) line(2,2,3) beam(9)}
2025-07-02 06:07:54,970 INFO [Clair_de_Lune-With_Chords#2]       StepMonitoring.java:98   | GRID
2025-07-02 06:07:55,361 INFO [Clair_de_Lune-With_Chords#2]       LinesRetriever.java:1500 | Global slope: 0.00000
2025-07-02 06:07:55,386 INFO [Clair_de_Lune-With_Chords#2]    ClustersRetriever.java:328  | Retrieved raw line clusters: 12 of sizes [5] with interline(18,18,19)
2025-07-02 06:07:55,727 INFO [Clair_de_Lune-With_Chords#2]            PeakGraph.java:310  | Systems: #1[1, 2, 3] #2[4, 5, 6] #3[7, 8, 9] #4[10, 11, 12]
2025-07-02 06:07:56,102 INFO [Clair_de_Lune-With_Chords#2]        SystemManager.java:779  | 2 parts along 4 systems
2025-07-02 06:07:56,102 INFO [Clair_de_Lune-With_Chords#2]       StepMonitoring.java:98   | HEADERS
2025-07-02 06:07:56,475 INFO [Clair_de_Lune-With_Chords#2]       StepMonitoring.java:98   | STEM_SEEDS
2025-07-02 06:07:56,532 INFO [Clair_de_Lune-With_Chords#2]        StemSeedsStep.java:86   | stem(2 max:4)
2025-07-02 06:07:56,551 INFO [Clair_de_Lune-With_Chords#2]       StepMonitoring.java:98   | BEAMS
2025-07-02 06:07:59,127 INFO [Clair_de_Lune-With_Chords#2]       StepMonitoring.java:98   | LEDGERS
2025-07-02 06:07:59,494 INFO [Clair_de_Lune-With_Chords#2]       StepMonitoring.java:98   | HEADS
2025-07-02 06:08:04,817 INFO [Clair_de_Lune-With_Chords#2]        HeadSeedTally.java:235  | Scale information: HeadSeeds{NOTEHEAD_VOID[L:0.2,R:-0.0] NOTEHEAD_BLACK[L:0.3,R:0.0]}
2025-07-02 06:08:04,818 INFO [Clair_de_Lune-With_Chords#2]       StepMonitoring.java:98   | STEMS
2025-07-02 06:08:06,845 INFO [Clair_de_Lune-With_Chords#2]       StepMonitoring.java:98   | REDUCTION
2025-07-02 06:08:07,155 INFO [Clair_de_Lune-With_Chords#2]        ReductionStep.java:105  | Stems free length median value: 62 pixels, 3.4 interlines
2025-07-02 06:08:07,161 INFO [Clair_de_Lune-With_Chords#2]       StepMonitoring.java:98   | CUE_BEAMS
2025-07-02 06:08:07,161 INFO [Clair_de_Lune-With_Chords#2]         CueBeamsStep.java:81   | Step CUE_BEAMS is skipped because small heads switch is off
2025-07-02 06:08:07,162 INFO [Clair_de_Lune-With_Chords#2]       StepMonitoring.java:98   | TEXTS
2025-07-02 06:08:08,896 INFO [Clair_de_Lune-With_Chords#2]       StepMonitoring.java:98   | MEASURES
2025-07-02 06:08:08,899 INFO [Clair_de_Lune-With_Chords#2]                 Page.java:307  | 20 raw measures: [5 in system#1, 6 in system#2, 3 in system#3, 6 in system#4]
2025-07-02 06:08:08,900 INFO [Clair_de_Lune-With_Chords#2]       StepMonitoring.java:98   | CHORDS
2025-07-02 06:08:08,914 INFO [Clair_de_Lune-With_Chords#2]       StepMonitoring.java:98   | CURVES
2025-07-02 06:08:09,983 INFO [Clair_de_Lune-With_Chords#2]         SlursBuilder.java:240  | Slurs: 44
2025-07-02 06:08:10,115 INFO [Clair_de_Lune-With_Chords#2]      SegmentsBuilder.java:155  | Segments: 118
2025-07-02 06:08:10,117 INFO [Clair_de_Lune-With_Chords#2]       StepMonitoring.java:98   | SYMBOLS
2025-07-02 06:08:11,360 INFO [Clair_de_Lune-With_Chords#2]       StepMonitoring.java:98   | LINKS
2025-07-02 06:08:11,361 INFO [Clair_de_Lune-With_Chords#2]        SentenceInter.java:461  | No chord near SentenceInter#8611{(0.665) staff:1 mFont:BIS-29 Direction} © a,__,tempo6
2025-07-02 06:08:11,363 INFO [Clair_de_Lune-With_Chords#2]        SymbolsLinker.java:257  | No chord linked to OctaveShiftInter#10558{(0.260) staff:1 QUINDICESIMA ALTA}
2025-07-02 06:08:11,363 INFO [Clair_de_Lune-With_Chords#2]        SymbolsLinker.java:257  | No chord linked to OctaveShiftInter#10560{(0.580) staff:3 VENTIDUESIMA BASSA}
2025-07-02 06:08:11,364 INFO [Clair_de_Lune-With_Chords#2]        SymbolsLinker.java:257  | No chord linked to OctaveShiftInter#10566{(0.795) staff:2 OTTAVA ALTA}
2025-07-02 06:08:11,389 INFO [Clair_de_Lune-With_Chords#2]        SymbolsLinker.java:257  | No chord linked to OctaveShiftInter#10735{(0.580) staff:4 VENTIDUESIMA ALTA}
2025-07-02 06:08:11,390 INFO [Clair_de_Lune-With_Chords#2]        SymbolsLinker.java:257  | No chord linked to OctaveShiftInter#10736{(0.722) staff:6 OTTAVA BASSA}
2025-07-02 06:08:11,390 INFO [Clair_de_Lune-With_Chords#2]        SymbolsLinker.java:257  | No chord linked to OctaveShiftInter#10739{(0.267) staff:6 VENTIDUESIMA BASSA}
2025-07-02 06:08:11,391 INFO [Clair_de_Lune-With_Chords#2]        SymbolsLinker.java:257  | No chord linked to OctaveShiftInter#10901{(0.154) staff:6 QUINDICESIMA BASSA}
2025-07-02 06:08:11,422 INFO [Clair_de_Lune-With_Chords#2]        SentenceInter.java:461  | No chord near SentenceInter#8802{(0.703) staff:7 mFont:IS-43 Direction} D.S. al Coda
2025-07-02 06:08:11,423 INFO [Clair_de_Lune-With_Chords#2]        SymbolsLinker.java:257  | No chord linked to OctaveShiftInter#10966{(0.722) staff:7 OTTAVA ALTA}
2025-07-02 06:08:11,424 INFO [Clair_de_Lune-With_Chords#2]        SymbolsLinker.java:257  | No chord linked to OctaveShiftInter#10967{(0.267) staff:7 VENTIDUESIMA ALTA}
2025-07-02 06:08:11,424 INFO [Clair_de_Lune-With_Chords#2]        SymbolsLinker.java:257  | No chord linked to OctaveShiftInter#11026{(0.154) staff:7 QUINDICESIMA ALTA}
2025-07-02 06:08:11,453 INFO [Clair_de_Lune-With_Chords#2]       StepMonitoring.java:98   | RHYTHMS
2025-07-02 06:08:11,455 INFO [Clair_de_Lune-With_Chords#2]           PageRhythm.java:199  | {Page#2.1} Time value reused from sheet#1
2025-07-02 06:08:11,460 INFO [Clair_de_Lune-With_Chords#2]        MeasureRhythm.java:1045 | Measure{#1P2} No timeOffset for HeadChordInter#9007{(0.964/0.964) staff:2 slot#4 dur:1/8}
2025-07-02 06:08:11,461 INFO [Clair_de_Lune-With_Chords#2]   AbstractChordInter.java:627  | Measure{#1P2} No timeOffset for HeadChordInter#9010{(0.970/0.970) staff:2 slot#8 dur:1/8}
2025-07-02 06:08:11,461 INFO [Clair_de_Lune-With_Chords#2]   AbstractChordInter.java:627  | Measure{#1P2} No timeOffset for HeadChordInter#9010{(0.970/0.970) staff:2 slot#8 dur:1/8}
2025-07-02 06:08:11,462 INFO [Clair_de_Lune-With_Chords#2]        MeasureRhythm.java:1045 | Measure{#1P2} No timeOffset for HeadChordInter#9043{(0.985/0.985) staff:3 slot#9 dur:1/8}
2025-07-02 06:08:11,462 INFO [Clair_de_Lune-With_Chords#2]                Voice.java:257  | Measure{#1P2} Voice{#5 excess:1/8} too long
2025-07-02 06:08:11,462 INFO [Clair_de_Lune-With_Chords#2]          StackRhythm.java:224  | S1 MeasureStack#1 no correct rhythm
2025-07-02 06:08:11,467 INFO [Clair_de_Lune-With_Chords#2]        MeasureRhythm.java:1045 | Measure{#3P1} No timeOffset for HeadChordInter#8995{(0.941/0.941) staff:1 slot#6 dur:1/4}
2025-07-02 06:08:11,470 INFO [Clair_de_Lune-With_Chords#2]          StackRhythm.java:224  | S1 MeasureStack#3 no correct rhythm
2025-07-02 06:08:11,475 INFO [Clair_de_Lune-With_Chords#2]        MeasureRhythm.java:1045 | Measure{#5P1} No timeOffset for HeadChordInter#9006{(0.941/0.941) staff:1 slot#6 dur:1/4}
2025-07-02 06:08:11,477 INFO [Clair_de_Lune-With_Chords#2]          StackRhythm.java:224  | S1 MeasureStack#5 no correct rhythm
2025-07-02 06:08:11,512 INFO [Clair_de_Lune-With_Chords#2]       StepMonitoring.java:98   | PAGE
2025-07-02 06:08:11,514 INFO [Clair_de_Lune-With_Chords#2]                Voice.java:257  | Measure{#1P3} Voice{#5 excess:1/8} too long
2025-07-02 06:08:11,517 INFO [Clair_de_Lune-With_Chords#2]                 Book.java:2550 | Book{Clair_de_Lune-With_Chords} storing
2025-07-02 06:08:11,590 INFO [Clair_de_Lune-With_Chords#2]                 Book.java:2531 | Stored /book.xml
2025-07-02 06:08:11,708 INFO [Clair_de_Lune-With_Chords#2]           DataHolder.java:348  | Stored /sheet#2/BINARY.png
2025-07-02 06:08:12,366 INFO [Clair_de_Lune-With_Chords#2]                Sheet.java:1562 | Stored /sheet#2/sheet#2.xml
2025-07-02 06:08:12,366 INFO [Clair_de_Lune-With_Chords#2]                 Book.java:2491 | Book stored as .\MXL\Clair_de_Lune-With_Chords\Clair_de_Lune-With_Chords.omr
2025-07-02 06:08:12,373 INFO [Clair_de_Lune-With_Chords#2]            SheetStub.java:1644 | Disposed sheet#2
2025-07-02 06:08:12,442 INFO [Clair_de_Lune-With_Chords#2]                 Book.java:2018 | End of Stub#2 memory: 37,653,704
2025-07-02 06:08:12,443 INFO [Clair_de_Lune-With_Chords]                 Book.java:2025 | Book processed.
2025-07-02 06:08:13,288 INFO [Clair_de_Lune-With_Chords]            SheetStub.java:995  | Loaded /sheet#1/sheet#1.xml
2025-07-02 06:08:13,854 INFO [Clair_de_Lune-With_Chords]            SheetStub.java:995  | Loaded /sheet#2/sheet#2.xml
2025-07-02 06:08:14,346 INFO [Clair_de_Lune-With_Chords]      PartwiseBuilder.java:2661 | Exporting sheet(s): [#1#2]
2025-07-02 06:08:14,347 INFO [Clair_de_Lune-With_Chords]                 Part.java:351  | Sheet#1 System#1 Part#2{name:French Horn staves[1] configs:[5]} dummyPart id: 1
2025-07-02 06:08:14,369 INFO [Clair_de_Lune-With_Chords]                 Part.java:351  | Sheet#1 System#2 Part#1{name:F Hn. staves[4] configs:[5]} dummyPart id: 2
2025-07-02 06:08:14,370 INFO [Clair_de_Lune-With_Chords]                 Part.java:351  | Sheet#1 System#3 Part#1{name:F Hn. staves[7] configs:[5]} dummyPart id: 2
2025-07-02 06:08:14,371 INFO [Clair_de_Lune-With_Chords]                 Part.java:351  | Sheet#1 System#4 Part#1{name:F Hn. staves[10] configs:[5]} dummyPart id: 2
2025-07-02 06:08:14,406 INFO [Clair_de_Lune-With_Chords]                 Part.java:351  | Sheet#2 System#3 Part#2{ staves[7] configs:[5]} dummyPart id: 1
2025-07-02 06:08:14,409 INFO [Clair_de_Lune-With_Chords]                 Part.java:351  | Sheet#2 System#1 Part#1{name:F Hn. staves[1] configs:[5]} dummyPart id: 2
2025-07-02 06:08:14,410 INFO [Clair_de_Lune-With_Chords]                 Part.java:351  | Sheet#2 System#2 Part#1{name:F Hn. staves[4] configs:[5]} dummyPart id: 2
2025-07-02 06:08:14,412 INFO [Clair_de_Lune-With_Chords]                 Part.java:351  | Sheet#2 System#4 Part#1{name:F Hn. staves[10] configs:[5]} dummyPart id: 2
2025-07-02 06:08:14,643 INFO [Clair_de_Lune-With_Chords]        ScoreExporter.java:164  | Score Clair_de_Lune-With_Chords exported to .\MXL\Clair_de_Lune-With_Chords\Clair_de_Lune-With_Chords.mxl
2025-07-02 06:08:14,741 INFO [Clair_de_Lune-With_Chords]                Score.java:181  | Closing {Score 1}
